<?xml version="1.0" encoding="UTF-8"?>
<coverage generated="1528195228826" clover="3.2.0">
  <project timestamp="1528195228827" name="All files">
    <metrics statements="210" coveredstatements="88" conditionals="84" coveredconditionals="24" methods="112" coveredmethods="45" elements="406" coveredelements="157" complexity="0" loc="210" ncloc="210" packages="16" files="19" classes="19">
      <package name="BrightEventsReactApp">
        <metrics statements="1" coveredstatements="1" conditionals="0" coveredconditionals="0" methods="0" coveredmethods="0"/>
        <file name="setupJest.js" path="/Users/PhilSkiiiwalker/Desktop/BrightEventsReactApp/setupJest.js">
          <metrics statements="1" coveredstatements="1" conditionals="0" coveredconditionals="0" methods="0" coveredmethods="0"/>
          <line num="1" count="14" type="stmt"/>
        </file>
      </package>
      <package name="BrightEventsReactApp.src.Components.ContactUs">
        <metrics statements="2" coveredstatements="2" conditionals="0" coveredconditionals="0" methods="1" coveredmethods="1"/>
        <file name="contactUs.js" path="/Users/PhilSkiiiwalker/Desktop/BrightEventsReactApp/src/Components/ContactUs/contactUs.js">
          <metrics statements="2" coveredstatements="2" conditionals="0" coveredconditionals="0" methods="1" coveredmethods="1"/>
          <line num="8" count="1" type="stmt"/>
          <line num="9" count="1" type="stmt"/>
        </file>
      </package>
      <package name="BrightEventsReactApp.src.Components.CreateEvent">
        <metrics statements="12" coveredstatements="7" conditionals="6" coveredconditionals="3" methods="5" coveredmethods="3"/>
        <file name="CreateEvent.js" path="/Users/PhilSkiiiwalker/Desktop/BrightEventsReactApp/src/Components/CreateEvent/CreateEvent.js">
          <metrics statements="12" coveredstatements="7" conditionals="6" coveredconditionals="3" methods="5" coveredmethods="3"/>
          <line num="13" count="2" type="stmt"/>
          <line num="14" count="2" type="stmt"/>
          <line num="20" count="2" type="stmt"/>
          <line num="21" count="2" type="stmt"/>
          <line num="25" count="2" type="cond" truecount="1" falsecount="1"/>
          <line num="28" count="2" type="cond" truecount="1" falsecount="1"/>
          <line num="37" count="0" type="stmt"/>
          <line num="44" count="0" type="stmt"/>
          <line num="45" count="0" type="stmt"/>
          <line num="51" count="0" type="stmt"/>
          <line num="60" count="0" type="stmt"/>
          <line num="64" count="2" type="stmt"/>
        </file>
      </package>
      <package name="BrightEventsReactApp.src.Components.DashBoard">
        <metrics statements="18" coveredstatements="6" conditionals="10" coveredconditionals="3" methods="10" coveredmethods="3"/>
        <file name="Dashboard.js" path="/Users/PhilSkiiiwalker/Desktop/BrightEventsReactApp/src/Components/DashBoard/Dashboard.js">
          <metrics statements="7" coveredstatements="6" conditionals="6" coveredconditionals="3" methods="4" coveredmethods="3"/>
          <line num="14" count="1" type="stmt"/>
          <line num="15" count="1" type="stmt"/>
          <line num="20" count="1" type="stmt"/>
          <line num="24" count="1" type="cond" truecount="1" falsecount="1"/>
          <line num="27" count="1" type="cond" truecount="1" falsecount="1"/>
          <line num="36" count="0" type="stmt"/>
          <line num="42" count="1" type="stmt"/>
        </file>
        <file name="DeleteModal.js" path="/Users/PhilSkiiiwalker/Desktop/BrightEventsReactApp/src/Components/DashBoard/DeleteModal.js">
          <metrics statements="11" coveredstatements="0" conditionals="4" coveredconditionals="0" methods="6" coveredmethods="0"/>
          <line num="10" count="0" type="stmt"/>
          <line num="11" count="0" type="stmt"/>
          <line num="15" count="0" type="stmt"/>
          <line num="16" count="0" type="stmt"/>
          <line num="20" count="0" type="cond" truecount="0" falsecount="2"/>
          <line num="23" count="0" type="cond" truecount="0" falsecount="2"/>
          <line num="32" count="0" type="stmt"/>
          <line num="40" count="0" type="stmt"/>
          <line num="46" count="0" type="stmt"/>
          <line num="52" count="0" type="stmt"/>
          <line num="61" count="0" type="stmt"/>
        </file>
      </package>
      <package name="BrightEventsReactApp.src.Components.EditEvent">
        <metrics statements="12" coveredstatements="0" conditionals="4" coveredconditionals="0" methods="6" coveredmethods="0"/>
        <file name="EditEvent.js" path="/Users/PhilSkiiiwalker/Desktop/BrightEventsReactApp/src/Components/EditEvent/EditEvent.js">
          <metrics statements="12" coveredstatements="0" conditionals="4" coveredconditionals="0" methods="6" coveredmethods="0"/>
          <line num="11" count="0" type="stmt"/>
          <line num="12" count="0" type="stmt"/>
          <line num="16" count="0" type="stmt"/>
          <line num="17" count="0" type="stmt"/>
          <line num="21" count="0" type="cond" truecount="0" falsecount="2"/>
          <line num="24" count="0" type="cond" truecount="0" falsecount="2"/>
          <line num="33" count="0" type="stmt"/>
          <line num="39" count="0" type="stmt"/>
          <line num="48" count="0" type="stmt"/>
          <line num="57" count="0" type="stmt"/>
          <line num="63" count="0" type="stmt"/>
          <line num="118" count="0" type="stmt"/>
        </file>
      </package>
      <package name="BrightEventsReactApp.src.Components.LandingPage">
        <metrics statements="6" coveredstatements="6" conditionals="4" coveredconditionals="2" methods="3" coveredmethods="3"/>
        <file name="LandingPage.js" path="/Users/PhilSkiiiwalker/Desktop/BrightEventsReactApp/src/Components/LandingPage/LandingPage.js">
          <metrics statements="6" coveredstatements="6" conditionals="4" coveredconditionals="2" methods="3" coveredmethods="3"/>
          <line num="11" count="1" type="stmt"/>
          <line num="12" count="1" type="stmt"/>
          <line num="20" count="1" type="cond" truecount="1" falsecount="1"/>
          <line num="23" count="1" type="cond" truecount="1" falsecount="1"/>
          <line num="29" count="1" type="stmt"/>
          <line num="30" count="1" type="stmt"/>
        </file>
      </package>
      <package name="BrightEventsReactApp.src.Components.Login">
        <metrics statements="16" coveredstatements="6" conditionals="4" coveredconditionals="1" methods="6" coveredmethods="3"/>
        <file name="Login.js" path="/Users/PhilSkiiiwalker/Desktop/BrightEventsReactApp/src/Components/Login/Login.js">
          <metrics statements="16" coveredstatements="6" conditionals="4" coveredconditionals="1" methods="6" coveredmethods="3"/>
          <line num="13" count="1" type="stmt"/>
          <line num="14" count="1" type="stmt"/>
          <line num="18" count="1" type="stmt"/>
          <line num="22" count="1" type="stmt"/>
          <line num="23" count="1" type="cond" truecount="1" falsecount="1"/>
          <line num="35" count="0" type="stmt"/>
          <line num="36" count="0" type="stmt"/>
          <line num="40" count="0" type="stmt"/>
          <line num="48" count="0" type="stmt"/>
          <line num="50" count="0" type="stmt"/>
          <line num="51" count="0" type="stmt"/>
          <line num="52" count="0" type="cond" truecount="0" falsecount="2"/>
          <line num="53" count="0" type="stmt"/>
          <line num="56" count="0" type="stmt"/>
          <line num="58" count="0" type="stmt"/>
          <line num="70" count="1" type="stmt"/>
        </file>
      </package>
      <package name="BrightEventsReactApp.src.Components.MyGuests">
        <metrics statements="26" coveredstatements="8" conditionals="6" coveredconditionals="2" methods="14" coveredmethods="4"/>
        <file name="MyGuests.js" path="/Users/PhilSkiiiwalker/Desktop/BrightEventsReactApp/src/Components/MyGuests/MyGuests.js">
          <metrics statements="26" coveredstatements="8" conditionals="6" coveredconditionals="2" methods="14" coveredmethods="4"/>
          <line num="14" count="1" type="stmt"/>
          <line num="15" count="1" type="stmt"/>
          <line num="21" count="1" type="stmt"/>
          <line num="25" count="1" type="cond" truecount="1" falsecount="1"/>
          <line num="28" count="1" type="cond" truecount="1" falsecount="1"/>
          <line num="34" count="1" type="stmt"/>
          <line num="35" count="1" type="stmt"/>
          <line num="43" count="0" type="stmt"/>
          <line num="45" count="0" type="stmt"/>
          <line num="48" count="0" type="stmt"/>
          <line num="49" count="0" type="cond" truecount="0" falsecount="2"/>
          <line num="50" count="0" type="stmt"/>
          <line num="51" count="0" type="stmt"/>
          <line num="52" count="0" type="stmt"/>
          <line num="60" count="0" type="stmt"/>
          <line num="62" count="0" type="stmt"/>
          <line num="63" count="0" type="stmt"/>
          <line num="64" count="0" type="stmt"/>
          <line num="65" count="0" type="stmt"/>
          <line num="66" count="0" type="stmt"/>
          <line num="67" count="0" type="stmt"/>
          <line num="71" count="0" type="stmt"/>
          <line num="75" count="0" type="stmt"/>
          <line num="79" count="0" type="stmt"/>
          <line num="85" count="1" type="stmt"/>
          <line num="103" count="0" type="stmt"/>
        </file>
      </package>
      <package name="BrightEventsReactApp.src.Components.MyRSVPs">
        <metrics statements="11" coveredstatements="9" conditionals="4" coveredconditionals="2" methods="8" coveredmethods="7"/>
        <file name="myRsvps.js" path="/Users/PhilSkiiiwalker/Desktop/BrightEventsReactApp/src/Components/MyRSVPs/myRsvps.js">
          <metrics statements="11" coveredstatements="9" conditionals="4" coveredconditionals="2" methods="8" coveredmethods="7"/>
          <line num="13" count="1" type="stmt"/>
          <line num="14" count="1" type="stmt"/>
          <line num="22" count="1" type="cond" truecount="1" falsecount="1"/>
          <line num="25" count="1" type="cond" truecount="1" falsecount="1"/>
          <line num="31" count="1" type="stmt"/>
          <line num="38" count="1" type="stmt"/>
          <line num="39" count="1" type="stmt"/>
          <line num="41" count="0" type="stmt"/>
          <line num="42" count="0" type="stmt"/>
          <line num="46" count="1" type="stmt"/>
          <line num="49" count="1" type="stmt"/>
        </file>
      </package>
      <package name="BrightEventsReactApp.src.Components.Navbar">
        <metrics statements="2" coveredstatements="2" conditionals="2" coveredconditionals="1" methods="1" coveredmethods="1"/>
        <file name="Navbar.js" path="/Users/PhilSkiiiwalker/Desktop/BrightEventsReactApp/src/Components/Navbar/Navbar.js">
          <metrics statements="2" coveredstatements="2" conditionals="2" coveredconditionals="1" methods="1" coveredmethods="1"/>
          <line num="9" count="8" type="stmt"/>
          <line num="10" count="1" type="stmt"/>
        </file>
      </package>
      <package name="BrightEventsReactApp.src.Components.NavbarOptions">
        <metrics statements="13" coveredstatements="6" conditionals="6" coveredconditionals="1" methods="6" coveredmethods="2"/>
        <file name="NavbarOptions.js" path="/Users/PhilSkiiiwalker/Desktop/BrightEventsReactApp/src/Components/NavbarOptions/NavbarOptions.js">
          <metrics statements="13" coveredstatements="6" conditionals="6" coveredconditionals="1" methods="6" coveredmethods="2"/>
          <line num="13" count="1" type="stmt"/>
          <line num="14" count="1" type="stmt"/>
          <line num="19" count="1" type="stmt"/>
          <line num="20" count="1" type="stmt"/>
          <line num="27" count="0" type="stmt"/>
          <line num="35" count="0" type="cond" truecount="0" falsecount="2"/>
          <line num="38" count="0" type="cond" truecount="0" falsecount="2"/>
          <line num="41" count="0" type="stmt"/>
          <line num="50" count="0" type="stmt"/>
          <line num="55" count="1" type="cond" truecount="1" falsecount="1"/>
          <line num="56" count="0" type="stmt"/>
          <line num="58" count="1" type="stmt"/>
          <line num="68" count="0" type="stmt"/>
        </file>
      </package>
      <package name="BrightEventsReactApp.src.Components.Register">
        <metrics statements="12" coveredstatements="4" conditionals="4" coveredconditionals="1" methods="5" coveredmethods="2"/>
        <file name="Register.js" path="/Users/PhilSkiiiwalker/Desktop/BrightEventsReactApp/src/Components/Register/Register.js">
          <metrics statements="12" coveredstatements="4" conditionals="4" coveredconditionals="1" methods="5" coveredmethods="2"/>
          <line num="14" count="1" type="stmt"/>
          <line num="15" count="1" type="stmt"/>
          <line num="18" count="1" type="stmt"/>
          <line num="25" count="0" type="stmt"/>
          <line num="26" count="0" type="stmt"/>
          <line num="33" count="0" type="stmt"/>
          <line num="41" count="0" type="stmt"/>
          <line num="43" count="0" type="cond" truecount="0" falsecount="2"/>
          <line num="44" count="0" type="stmt"/>
          <line num="47" count="0" type="stmt"/>
          <line num="57" count="0" type="stmt"/>
          <line num="70" count="1" type="stmt"/>
        </file>
      </package>
      <package name="BrightEventsReactApp.src.Components.SearchPage">
        <metrics statements="24" coveredstatements="8" conditionals="10" coveredconditionals="3" methods="14" coveredmethods="3"/>
        <file name="SearchPage.js" path="/Users/PhilSkiiiwalker/Desktop/BrightEventsReactApp/src/Components/SearchPage/SearchPage.js">
          <metrics statements="24" coveredstatements="8" conditionals="10" coveredconditionals="3" methods="14" coveredmethods="3"/>
          <line num="20" count="1" type="stmt"/>
          <line num="21" count="1" type="stmt"/>
          <line num="27" count="1" type="stmt"/>
          <line num="28" count="1" type="stmt"/>
          <line num="29" count="1" type="stmt"/>
          <line num="33" count="1" type="cond" truecount="1" falsecount="1"/>
          <line num="36" count="1" type="cond" truecount="1" falsecount="1"/>
          <line num="46" count="0" type="stmt"/>
          <line num="47" count="0" type="stmt"/>
          <line num="50" count="0" type="stmt"/>
          <line num="58" count="0" type="stmt"/>
          <line num="60" count="0" type="stmt"/>
          <line num="61" count="0" type="stmt"/>
          <line num="65" count="0" type="stmt"/>
          <line num="72" count="0" type="cond" truecount="0" falsecount="2"/>
          <line num="73" count="0" type="stmt"/>
          <line num="74" count="0" type="stmt"/>
          <line num="83" count="0" type="stmt"/>
          <line num="85" count="0" type="stmt"/>
          <line num="101" count="0" type="stmt"/>
          <line num="105" count="1" type="stmt"/>
          <line num="133" count="0" type="stmt"/>
          <line num="147" count="0" type="stmt"/>
          <line num="151" count="0" type="stmt"/>
        </file>
      </package>
      <package name="BrightEventsReactApp.src.Components.Settings">
        <metrics statements="1" coveredstatements="1" conditionals="0" coveredconditionals="0" methods="1" coveredmethods="1"/>
        <file name="Settings.js" path="/Users/PhilSkiiiwalker/Desktop/BrightEventsReactApp/src/Components/Settings/Settings.js">
          <metrics statements="1" coveredstatements="1" conditionals="0" coveredconditionals="0" methods="1" coveredmethods="1"/>
          <line num="10" count="1" type="stmt"/>
        </file>
      </package>
      <package name="BrightEventsReactApp.src.Components.Sidebar">
        <metrics statements="9" coveredstatements="3" conditionals="0" coveredconditionals="0" methods="3" coveredmethods="1"/>
        <file name="Sidebar.js" path="/Users/PhilSkiiiwalker/Desktop/BrightEventsReactApp/src/Components/Sidebar/Sidebar.js">
          <metrics statements="9" coveredstatements="3" conditionals="0" coveredconditionals="0" methods="3" coveredmethods="1"/>
          <line num="8" count="2" type="stmt"/>
          <line num="9" count="0" type="stmt"/>
          <line num="10" count="0" type="stmt"/>
          <line num="18" count="0" type="stmt"/>
          <line num="19" count="0" type="stmt"/>
          <line num="20" count="0" type="stmt"/>
          <line num="26" count="2" type="stmt"/>
          <line num="27" count="1" type="stmt"/>
          <line num="57" count="0" type="stmt"/>
        </file>
      </package>
      <package name="BrightEventsReactApp.src.Components.ViewEvents">
        <metrics statements="45" coveredstatements="19" conditionals="24" coveredconditionals="5" methods="29" coveredmethods="11"/>
        <file name="Events.js" path="/Users/PhilSkiiiwalker/Desktop/BrightEventsReactApp/src/Components/ViewEvents/Events.js">
          <metrics statements="20" coveredstatements="10" conditionals="8" coveredconditionals="2" methods="14" coveredmethods="7"/>
          <line num="18" count="1" type="stmt"/>
          <line num="19" count="1" type="stmt"/>
          <line num="24" count="1" type="stmt"/>
          <line num="28" count="1" type="cond" truecount="1" falsecount="1"/>
          <line num="31" count="1" type="cond" truecount="1" falsecount="1"/>
          <line num="37" count="1" type="stmt"/>
          <line num="44" count="1" type="stmt"/>
          <line num="45" count="1" type="stmt"/>
          <line num="47" count="0" type="stmt"/>
          <line num="48" count="0" type="stmt"/>
          <line num="52" count="1" type="stmt"/>
          <line num="59" count="0" type="cond" truecount="0" falsecount="2"/>
          <line num="60" count="0" type="stmt"/>
          <line num="61" count="0" type="stmt"/>
          <line num="70" count="0" type="stmt"/>
          <line num="72" count="0" type="stmt"/>
          <line num="85" count="1" type="stmt"/>
          <line num="92" count="0" type="stmt"/>
          <line num="106" count="0" type="stmt"/>
          <line num="110" count="0" type="stmt"/>
        </file>
        <file name="MyEvents.js" path="/Users/PhilSkiiiwalker/Desktop/BrightEventsReactApp/src/Components/ViewEvents/MyEvents.js">
          <metrics statements="20" coveredstatements="9" conditionals="10" coveredconditionals="3" methods="12" coveredmethods="4"/>
          <line num="19" count="1" type="stmt"/>
          <line num="20" count="1" type="stmt"/>
          <line num="25" count="1" type="stmt"/>
          <line num="28" count="1" type="cond" truecount="1" falsecount="1"/>
          <line num="31" count="1" type="cond" truecount="1" falsecount="1"/>
          <line num="36" count="1" type="stmt"/>
          <line num="37" count="1" type="stmt"/>
          <line num="45" count="0" type="stmt"/>
          <line num="47" count="0" type="cond" truecount="0" falsecount="2"/>
          <line num="48" count="0" type="stmt"/>
          <line num="53" count="0" type="stmt"/>
          <line num="56" count="0" type="cond" truecount="0" falsecount="2"/>
          <line num="57" count="0" type="stmt"/>
          <line num="58" count="0" type="stmt"/>
          <line num="67" count="0" type="stmt"/>
          <line num="69" count="0" type="stmt"/>
          <line num="81" count="1" type="stmt"/>
          <line num="82" count="1" type="stmt"/>
          <line num="91" count="0" type="stmt"/>
          <line num="103" count="0" type="stmt"/>
        </file>
        <file name="ViewSingleEvent.js" path="/Users/PhilSkiiiwalker/Desktop/BrightEventsReactApp/src/Components/ViewEvents/ViewSingleEvent.js">
          <metrics statements="5" coveredstatements="0" conditionals="6" coveredconditionals="0" methods="3" coveredmethods="0"/>
          <line num="10" count="0" type="stmt"/>
          <line num="11" count="0" type="stmt"/>
          <line num="18" count="0" type="cond" truecount="0" falsecount="2"/>
          <line num="21" count="0" type="cond" truecount="0" falsecount="2"/>
          <line num="27" count="0" type="stmt"/>
        </file>
      </package>
    </metrics>
  </project>
</coverage>
