{"/Users/PhilSkiiiwalker/Desktop/BrightEventsReactApp/setupJest.js": {"path":"/Users/PhilSkiiiwalker/Desktop/BrightEventsReactApp/setupJest.js","statementMap":{"0":{"start":{"line":1,"column":0},"end":{"line":1,"column":41}}},"fnMap":{},"branchMap":{},"s":{"0":13},"f":{},"b":{},"_coverageSchema":"332fd63041d2c1bcb487cc26dd0d5f7d97098a6c","hash":"27fbe1c092c7d615480abd2eafc39e3246cd3b8c"}
,"/Users/PhilSkiiiwalker/Desktop/BrightEventsReactApp/src/Components/ContactUs/contactUs.js": {"path":"/Users/PhilSkiiiwalker/Desktop/BrightEventsReactApp/src/Components/ContactUs/contactUs.js","statementMap":{"0":{"start":{"line":6,"column":18},"end":{"line":8,"column":1}},"1":{"start":{"line":7,"column":2},"end":{"line":7,"column":19}}},"fnMap":{"0":{"name":"(anonymous_0)","decl":{"start":{"line":6,"column":18},"end":{"line":6,"column":19}},"loc":{"start":{"line":7,"column":2},"end":{"line":7,"column":19}},"line":7}},"branchMap":{},"s":{"0":1,"1":1},"f":{"0":1},"b":{},"_coverageSchema":"332fd63041d2c1bcb487cc26dd0d5f7d97098a6c","hash":"f6a90d01d05ad080a71799264ac8a0e42805367c"}
,"/Users/PhilSkiiiwalker/Desktop/BrightEventsReactApp/src/Components/CreateEvent/CreateEvent.js": {"path":"/Users/PhilSkiiiwalker/Desktop/BrightEventsReactApp/src/Components/CreateEvent/CreateEvent.js","statementMap":{"0":{"start":{"line":13,"column":4},"end":{"line":13,"column":17}},"1":{"start":{"line":14,"column":4},"end":{"line":18,"column":6}},"2":{"start":{"line":19,"column":4},"end":{"line":19,"column":45}},"3":{"start":{"line":20,"column":4},"end":{"line":20,"column":57}},"4":{"start":{"line":24,"column":4},"end":{"line":26,"column":7}},"5":{"start":{"line":27,"column":4},"end":{"line":29,"column":7}},"6":{"start":{"line":36,"column":4},"end":{"line":36,"column":52}},"7":{"start":{"line":43,"column":4},"end":{"line":43,"column":27}},"8":{"start":{"line":44,"column":21},"end":{"line":49,"column":5}},"9":{"start":{"line":50,"column":4},"end":{"line":73,"column":9}},"10":{"start":{"line":59,"column":24},"end":{"line":59,"column":39}},"11":{"start":{"line":61,"column":8},"end":{"line":72,"column":9}},"12":{"start":{"line":62,"column":10},"end":{"line":69,"column":13}},"13":{"start":{"line":71,"column":10},"end":{"line":71,"column":93}},"14":{"start":{"line":77,"column":4},"end":{"line":140,"column":6}}},"fnMap":{"0":{"name":"(anonymous_0)","decl":{"start":{"line":12,"column":2},"end":{"line":12,"column":3}},"loc":{"start":{"line":12,"column":21},"end":{"line":21,"column":3}},"line":12},"1":{"name":"(anonymous_1)","decl":{"start":{"line":23,"column":2},"end":{"line":23,"column":3}},"loc":{"start":{"line":23,"column":23},"end":{"line":30,"column":3}},"line":23},"2":{"name":"(anonymous_2)","decl":{"start":{"line":35,"column":2},"end":{"line":35,"column":3}},"loc":{"start":{"line":35,"column":24},"end":{"line":37,"column":3}},"line":35},"3":{"name":"(anonymous_3)","decl":{"start":{"line":42,"column":2},"end":{"line":42,"column":3}},"loc":{"start":{"line":42,"column":18},"end":{"line":74,"column":3}},"line":42},"4":{"name":"(anonymous_4)","decl":{"start":{"line":59,"column":12},"end":{"line":59,"column":13}},"loc":{"start":{"line":59,"column":24},"end":{"line":59,"column":39}},"line":59},"5":{"name":"(anonymous_5)","decl":{"start":{"line":60,"column":12},"end":{"line":60,"column":13}},"loc":{"start":{"line":60,"column":26},"end":{"line":73,"column":7}},"line":60},"6":{"name":"(anonymous_6)","decl":{"start":{"line":76,"column":2},"end":{"line":76,"column":3}},"loc":{"start":{"line":76,"column":11},"end":{"line":141,"column":3}},"line":76}},"branchMap":{"0":{"loc":{"start":{"line":24,"column":4},"end":{"line":26,"column":6}},"type":"binary-expr","locations":[{"start":{"line":24,"column":4},"end":{"line":24,"column":48}},{"start":{"line":24,"column":52},"end":{"line":26,"column":6}}],"line":24},"1":{"loc":{"start":{"line":27,"column":4},"end":{"line":29,"column":6}},"type":"binary-expr","locations":[{"start":{"line":27,"column":4},"end":{"line":27,"column":37}},{"start":{"line":27,"column":41},"end":{"line":29,"column":6}}],"line":27},"2":{"loc":{"start":{"line":61,"column":8},"end":{"line":72,"column":9}},"type":"if","locations":[{"start":{"line":61,"column":8},"end":{"line":72,"column":9}},{"start":{"line":61,"column":8},"end":{"line":72,"column":9}}],"line":61},"3":{"loc":{"start":{"line":89,"column":16},"end":{"line":92,"column":18}},"type":"cond-expr","locations":[{"start":{"line":90,"column":18},"end":{"line":90,"column":106}},{"start":{"line":92,"column":16},"end":{"line":92,"column":18}}],"line":89}},"s":{"0":3,"1":3,"2":3,"3":3,"4":3,"5":3,"6":0,"7":0,"8":0,"9":0,"10":0,"11":0,"12":0,"13":0,"14":3},"f":{"0":3,"1":3,"2":0,"3":0,"4":0,"5":0,"6":3},"b":{"0":[3,0],"1":[3,0],"2":[0,0],"3":[0,3]},"_coverageSchema":"332fd63041d2c1bcb487cc26dd0d5f7d97098a6c","hash":"bb66d6c700db0ea5f11a61ab61be7a48327ef45c"}
,"/Users/PhilSkiiiwalker/Desktop/BrightEventsReactApp/src/Components/DashBoard/DeleteModal.js": {"path":"/Users/PhilSkiiiwalker/Desktop/BrightEventsReactApp/src/Components/DashBoard/DeleteModal.js","statementMap":{"0":{"start":{"line":15,"column":4},"end":{"line":15,"column":17}},"1":{"start":{"line":16,"column":4},"end":{"line":19,"column":6}},"2":{"start":{"line":20,"column":4},"end":{"line":20,"column":51}},"3":{"start":{"line":21,"column":4},"end":{"line":21,"column":63}},"4":{"start":{"line":25,"column":4},"end":{"line":27,"column":7}},"5":{"start":{"line":28,"column":4},"end":{"line":30,"column":7}},"6":{"start":{"line":37,"column":4},"end":{"line":51,"column":9}},"7":{"start":{"line":47,"column":29},"end":{"line":47,"column":39}},"8":{"start":{"line":48,"column":8},"end":{"line":50,"column":38}},"9":{"start":{"line":50,"column":17},"end":{"line":50,"column":36}},"10":{"start":{"line":55,"column":4},"end":{"line":57,"column":7}},"11":{"start":{"line":61,"column":4},"end":{"line":75,"column":6}},"12":{"start":{"line":70,"column":50},"end":{"line":70,"column":100}}},"fnMap":{"0":{"name":"(anonymous_0)","decl":{"start":{"line":14,"column":2},"end":{"line":14,"column":3}},"loc":{"start":{"line":14,"column":21},"end":{"line":22,"column":3}},"line":14},"1":{"name":"(anonymous_1)","decl":{"start":{"line":24,"column":2},"end":{"line":24,"column":3}},"loc":{"start":{"line":24,"column":23},"end":{"line":31,"column":3}},"line":24},"2":{"name":"(anonymous_2)","decl":{"start":{"line":36,"column":2},"end":{"line":36,"column":3}},"loc":{"start":{"line":36,"column":25},"end":{"line":52,"column":3}},"line":36},"3":{"name":"(anonymous_3)","decl":{"start":{"line":46,"column":12},"end":{"line":46,"column":13}},"loc":{"start":{"line":46,"column":18},"end":{"line":51,"column":7}},"line":46},"4":{"name":"(anonymous_4)","decl":{"start":{"line":50,"column":11},"end":{"line":50,"column":12}},"loc":{"start":{"line":50,"column":17},"end":{"line":50,"column":36}},"line":50},"5":{"name":"(anonymous_5)","decl":{"start":{"line":54,"column":2},"end":{"line":54,"column":3}},"loc":{"start":{"line":54,"column":22},"end":{"line":58,"column":3}},"line":54},"6":{"name":"(anonymous_6)","decl":{"start":{"line":60,"column":2},"end":{"line":60,"column":3}},"loc":{"start":{"line":60,"column":11},"end":{"line":76,"column":3}},"line":60},"7":{"name":"(anonymous_7)","decl":{"start":{"line":70,"column":44},"end":{"line":70,"column":45}},"loc":{"start":{"line":70,"column":50},"end":{"line":70,"column":100}},"line":70}},"branchMap":{"0":{"loc":{"start":{"line":25,"column":4},"end":{"line":27,"column":6}},"type":"binary-expr","locations":[{"start":{"line":25,"column":4},"end":{"line":25,"column":48}},{"start":{"line":25,"column":52},"end":{"line":27,"column":6}}],"line":25},"1":{"loc":{"start":{"line":28,"column":4},"end":{"line":30,"column":6}},"type":"binary-expr","locations":[{"start":{"line":28,"column":4},"end":{"line":28,"column":37}},{"start":{"line":28,"column":41},"end":{"line":30,"column":6}}],"line":28}},"s":{"0":0,"1":0,"2":0,"3":0,"4":0,"5":0,"6":0,"7":0,"8":0,"9":0,"10":0,"11":0,"12":0},"f":{"0":0,"1":0,"2":0,"3":0,"4":0,"5":0,"6":0,"7":0},"b":{"0":[0,0],"1":[0,0]},"_coverageSchema":"332fd63041d2c1bcb487cc26dd0d5f7d97098a6c","hash":"5ac382e1a37442348a91d8077ac8aa0d04ec4023"}
,"/Users/PhilSkiiiwalker/Desktop/BrightEventsReactApp/src/Components/EditEvent/EditEvent.js": {"path":"/Users/PhilSkiiiwalker/Desktop/BrightEventsReactApp/src/Components/EditEvent/EditEvent.js","statementMap":{"0":{"start":{"line":19,"column":4},"end":{"line":19,"column":17}},"1":{"start":{"line":20,"column":4},"end":{"line":25,"column":6}},"2":{"start":{"line":26,"column":4},"end":{"line":26,"column":47}},"3":{"start":{"line":27,"column":4},"end":{"line":27,"column":59}},"4":{"start":{"line":28,"column":4},"end":{"line":28,"column":57}},"5":{"start":{"line":32,"column":4},"end":{"line":34,"column":7}},"6":{"start":{"line":35,"column":6},"end":{"line":37,"column":7}},"7":{"start":{"line":41,"column":4},"end":{"line":52,"column":9}},"8":{"start":{"line":49,"column":24},"end":{"line":49,"column":39}},"9":{"start":{"line":51,"column":8},"end":{"line":51,"column":49}},"10":{"start":{"line":59,"column":22},"end":{"line":64,"column":5}},"11":{"start":{"line":65,"column":4},"end":{"line":65,"column":26}},"12":{"start":{"line":66,"column":4},"end":{"line":66,"column":36}},"13":{"start":{"line":67,"column":4},"end":{"line":82,"column":9}},"14":{"start":{"line":78,"column":27},"end":{"line":78,"column":37}},"15":{"start":{"line":79,"column":8},"end":{"line":81,"column":36}},"16":{"start":{"line":81,"column":17},"end":{"line":81,"column":34}},"17":{"start":{"line":89,"column":4},"end":{"line":91,"column":7}},"18":{"start":{"line":95,"column":4},"end":{"line":95,"column":52}},"19":{"start":{"line":99,"column":4},"end":{"line":99,"column":36}},"20":{"start":{"line":100,"column":4},"end":{"line":151,"column":6}},"21":{"start":{"line":109,"column":14},"end":{"line":142,"column":21}},"22":{"start":{"line":146,"column":51},"end":{"line":146,"column":99}}},"fnMap":{"0":{"name":"(anonymous_0)","decl":{"start":{"line":18,"column":2},"end":{"line":18,"column":3}},"loc":{"start":{"line":18,"column":21},"end":{"line":29,"column":3}},"line":18},"1":{"name":"(anonymous_1)","decl":{"start":{"line":31,"column":2},"end":{"line":31,"column":3}},"loc":{"start":{"line":31,"column":23},"end":{"line":38,"column":3}},"line":31},"2":{"name":"(anonymous_2)","decl":{"start":{"line":40,"column":2},"end":{"line":40,"column":3}},"loc":{"start":{"line":40,"column":22},"end":{"line":53,"column":3}},"line":40},"3":{"name":"(anonymous_3)","decl":{"start":{"line":49,"column":12},"end":{"line":49,"column":13}},"loc":{"start":{"line":49,"column":24},"end":{"line":49,"column":39}},"line":49},"4":{"name":"(anonymous_4)","decl":{"start":{"line":50,"column":12},"end":{"line":50,"column":13}},"loc":{"start":{"line":50,"column":26},"end":{"line":52,"column":7}},"line":50},"5":{"name":"(anonymous_5)","decl":{"start":{"line":58,"column":2},"end":{"line":58,"column":3}},"loc":{"start":{"line":58,"column":23},"end":{"line":83,"column":3}},"line":58},"6":{"name":"(anonymous_6)","decl":{"start":{"line":77,"column":12},"end":{"line":77,"column":13}},"loc":{"start":{"line":77,"column":18},"end":{"line":82,"column":7}},"line":77},"7":{"name":"(anonymous_7)","decl":{"start":{"line":81,"column":11},"end":{"line":81,"column":12}},"loc":{"start":{"line":81,"column":17},"end":{"line":81,"column":34}},"line":81},"8":{"name":"(anonymous_8)","decl":{"start":{"line":88,"column":2},"end":{"line":88,"column":3}},"loc":{"start":{"line":88,"column":20},"end":{"line":92,"column":3}},"line":88},"9":{"name":"(anonymous_9)","decl":{"start":{"line":94,"column":2},"end":{"line":94,"column":3}},"loc":{"start":{"line":94,"column":24},"end":{"line":96,"column":3}},"line":94},"10":{"name":"(anonymous_10)","decl":{"start":{"line":98,"column":2},"end":{"line":98,"column":3}},"loc":{"start":{"line":98,"column":11},"end":{"line":152,"column":3}},"line":98},"11":{"name":"(anonymous_11)","decl":{"start":{"line":107,"column":33},"end":{"line":107,"column":34}},"loc":{"start":{"line":109,"column":14},"end":{"line":142,"column":21}},"line":109},"12":{"name":"(anonymous_12)","decl":{"start":{"line":146,"column":45},"end":{"line":146,"column":46}},"loc":{"start":{"line":146,"column":51},"end":{"line":146,"column":99}},"line":146}},"branchMap":{"0":{"loc":{"start":{"line":32,"column":4},"end":{"line":34,"column":6}},"type":"binary-expr","locations":[{"start":{"line":32,"column":4},"end":{"line":32,"column":48}},{"start":{"line":32,"column":52},"end":{"line":34,"column":6}}],"line":32},"1":{"loc":{"start":{"line":35,"column":6},"end":{"line":37,"column":6}},"type":"binary-expr","locations":[{"start":{"line":35,"column":6},"end":{"line":35,"column":39}},{"start":{"line":35,"column":43},"end":{"line":37,"column":6}}],"line":35}},"s":{"0":0,"1":0,"2":0,"3":0,"4":0,"5":0,"6":0,"7":0,"8":0,"9":0,"10":0,"11":0,"12":0,"13":0,"14":0,"15":0,"16":0,"17":0,"18":0,"19":0,"20":0,"21":0,"22":0},"f":{"0":0,"1":0,"2":0,"3":0,"4":0,"5":0,"6":0,"7":0,"8":0,"9":0,"10":0,"11":0,"12":0},"b":{"0":[0,0],"1":[0,0]},"_coverageSchema":"332fd63041d2c1bcb487cc26dd0d5f7d97098a6c","hash":"2aae6f9b7006dd093cbf6aade618ef05e13ae856"}
,"/Users/PhilSkiiiwalker/Desktop/BrightEventsReactApp/src/Components/LandingPage/LandingPage.js": {"path":"/Users/PhilSkiiiwalker/Desktop/BrightEventsReactApp/src/Components/LandingPage/LandingPage.js","statementMap":{"0":{"start":{"line":12,"column":4},"end":{"line":12,"column":17}},"1":{"start":{"line":13,"column":4},"end":{"line":16,"column":6}},"2":{"start":{"line":20,"column":4},"end":{"line":22,"column":7}},"3":{"start":{"line":23,"column":4},"end":{"line":25,"column":7}},"4":{"start":{"line":29,"column":4},"end":{"line":54,"column":6}}},"fnMap":{"0":{"name":"(anonymous_0)","decl":{"start":{"line":11,"column":2},"end":{"line":11,"column":3}},"loc":{"start":{"line":11,"column":21},"end":{"line":17,"column":3}},"line":11},"1":{"name":"(anonymous_1)","decl":{"start":{"line":19,"column":2},"end":{"line":19,"column":3}},"loc":{"start":{"line":19,"column":23},"end":{"line":26,"column":3}},"line":19},"2":{"name":"(anonymous_2)","decl":{"start":{"line":28,"column":2},"end":{"line":28,"column":3}},"loc":{"start":{"line":28,"column":11},"end":{"line":55,"column":3}},"line":28}},"branchMap":{"0":{"loc":{"start":{"line":20,"column":4},"end":{"line":22,"column":6}},"type":"binary-expr","locations":[{"start":{"line":20,"column":4},"end":{"line":20,"column":48}},{"start":{"line":20,"column":52},"end":{"line":22,"column":6}}],"line":20},"1":{"loc":{"start":{"line":23,"column":4},"end":{"line":25,"column":6}},"type":"binary-expr","locations":[{"start":{"line":23,"column":4},"end":{"line":23,"column":37}},{"start":{"line":23,"column":41},"end":{"line":25,"column":6}}],"line":23},"2":{"loc":{"start":{"line":37,"column":16},"end":{"line":48,"column":16}},"type":"cond-expr","locations":[{"start":{"line":38,"column":18},"end":{"line":46,"column":24}},{"start":{"line":48,"column":14},"end":{"line":48,"column":16}}],"line":37}},"s":{"0":1,"1":1,"2":1,"3":1,"4":1},"f":{"0":1,"1":1,"2":1},"b":{"0":[1,0],"1":[1,0],"2":[1,0]},"_coverageSchema":"332fd63041d2c1bcb487cc26dd0d5f7d97098a6c","hash":"604a326fd8c7ed86f8139d25b8a4c7eff552a48a"}
,"/Users/PhilSkiiiwalker/Desktop/BrightEventsReactApp/src/Components/Login/Login.js": {"path":"/Users/PhilSkiiiwalker/Desktop/BrightEventsReactApp/src/Components/Login/Login.js","statementMap":{"0":{"start":{"line":14,"column":4},"end":{"line":14,"column":17}},"1":{"start":{"line":15,"column":4},"end":{"line":15,"column":45}},"2":{"start":{"line":22,"column":4},"end":{"line":22,"column":27}},"3":{"start":{"line":23,"column":17},"end":{"line":26,"column":5}},"4":{"start":{"line":27,"column":4},"end":{"line":51,"column":9}},"5":{"start":{"line":35,"column":24},"end":{"line":35,"column":39}},"6":{"start":{"line":37,"column":8},"end":{"line":37,"column":76}},"7":{"start":{"line":38,"column":8},"end":{"line":38,"column":57}},"8":{"start":{"line":39,"column":8},"end":{"line":50,"column":9}},"9":{"start":{"line":40,"column":10},"end":{"line":40,"column":62}},"10":{"start":{"line":42,"column":10},"end":{"line":49,"column":13}},"11":{"start":{"line":54,"column":4},"end":{"line":85,"column":6}}},"fnMap":{"0":{"name":"(anonymous_0)","decl":{"start":{"line":13,"column":2},"end":{"line":13,"column":3}},"loc":{"start":{"line":13,"column":21},"end":{"line":16,"column":3}},"line":13},"1":{"name":"(anonymous_1)","decl":{"start":{"line":21,"column":2},"end":{"line":21,"column":3}},"loc":{"start":{"line":21,"column":18},"end":{"line":52,"column":3}},"line":21},"2":{"name":"(anonymous_2)","decl":{"start":{"line":35,"column":12},"end":{"line":35,"column":13}},"loc":{"start":{"line":35,"column":24},"end":{"line":35,"column":39}},"line":35},"3":{"name":"(anonymous_3)","decl":{"start":{"line":36,"column":12},"end":{"line":36,"column":13}},"loc":{"start":{"line":36,"column":26},"end":{"line":51,"column":7}},"line":36},"4":{"name":"(anonymous_4)","decl":{"start":{"line":53,"column":2},"end":{"line":53,"column":3}},"loc":{"start":{"line":53,"column":11},"end":{"line":86,"column":3}},"line":53}},"branchMap":{"0":{"loc":{"start":{"line":39,"column":8},"end":{"line":50,"column":9}},"type":"if","locations":[{"start":{"line":39,"column":8},"end":{"line":50,"column":9}},{"start":{"line":39,"column":8},"end":{"line":50,"column":9}}],"line":39}},"s":{"0":1,"1":1,"2":0,"3":0,"4":0,"5":0,"6":0,"7":0,"8":0,"9":0,"10":0,"11":1},"f":{"0":1,"1":0,"2":0,"3":0,"4":1},"b":{"0":[0,0]},"_coverageSchema":"332fd63041d2c1bcb487cc26dd0d5f7d97098a6c","hash":"eee9786c1f7e78d2bbd3fc41eeacdd8246589406"}
,"/Users/PhilSkiiiwalker/Desktop/BrightEventsReactApp/src/Components/Myrsvps/Myrsvps.js": {"path":"/Users/PhilSkiiiwalker/Desktop/BrightEventsReactApp/src/Components/Myrsvps/Myrsvps.js","statementMap":{"0":{"start":{"line":11,"column":4},"end":{"line":11,"column":17}},"1":{"start":{"line":12,"column":4},"end":{"line":16,"column":6}},"2":{"start":{"line":20,"column":4},"end":{"line":22,"column":7}},"3":{"start":{"line":23,"column":4},"end":{"line":25,"column":7}},"4":{"start":{"line":29,"column":4},"end":{"line":29,"column":21}},"5":{"start":{"line":36,"column":4},"end":{"line":43,"column":59}},"6":{"start":{"line":37,"column":24},"end":{"line":37,"column":39}},"7":{"start":{"line":39,"column":8},"end":{"line":41,"column":11}},"8":{"start":{"line":43,"column":22},"end":{"line":43,"column":58}},"9":{"start":{"line":46,"column":4},"end":{"line":68,"column":6}}},"fnMap":{"0":{"name":"(anonymous_0)","decl":{"start":{"line":10,"column":2},"end":{"line":10,"column":3}},"loc":{"start":{"line":10,"column":21},"end":{"line":17,"column":3}},"line":10},"1":{"name":"(anonymous_1)","decl":{"start":{"line":19,"column":2},"end":{"line":19,"column":3}},"loc":{"start":{"line":19,"column":23},"end":{"line":26,"column":3}},"line":19},"2":{"name":"(anonymous_2)","decl":{"start":{"line":28,"column":2},"end":{"line":28,"column":3}},"loc":{"start":{"line":28,"column":22},"end":{"line":30,"column":3}},"line":28},"3":{"name":"(anonymous_3)","decl":{"start":{"line":35,"column":2},"end":{"line":35,"column":3}},"loc":{"start":{"line":35,"column":14},"end":{"line":44,"column":3}},"line":35},"4":{"name":"(anonymous_4)","decl":{"start":{"line":37,"column":12},"end":{"line":37,"column":13}},"loc":{"start":{"line":37,"column":24},"end":{"line":37,"column":39}},"line":37},"5":{"name":"(anonymous_5)","decl":{"start":{"line":38,"column":12},"end":{"line":38,"column":13}},"loc":{"start":{"line":38,"column":26},"end":{"line":42,"column":7}},"line":38},"6":{"name":"(anonymous_6)","decl":{"start":{"line":43,"column":13},"end":{"line":43,"column":14}},"loc":{"start":{"line":43,"column":22},"end":{"line":43,"column":58}},"line":43},"7":{"name":"(anonymous_7)","decl":{"start":{"line":45,"column":2},"end":{"line":45,"column":3}},"loc":{"start":{"line":45,"column":11},"end":{"line":69,"column":3}},"line":45}},"branchMap":{"0":{"loc":{"start":{"line":20,"column":4},"end":{"line":22,"column":6}},"type":"binary-expr","locations":[{"start":{"line":20,"column":4},"end":{"line":20,"column":48}},{"start":{"line":20,"column":52},"end":{"line":22,"column":6}}],"line":20},"1":{"loc":{"start":{"line":23,"column":4},"end":{"line":25,"column":6}},"type":"binary-expr","locations":[{"start":{"line":23,"column":4},"end":{"line":23,"column":37}},{"start":{"line":23,"column":41},"end":{"line":25,"column":6}}],"line":23}},"s":{"0":1,"1":1,"2":1,"3":1,"4":1,"5":1,"6":1,"7":0,"8":1,"9":1},"f":{"0":1,"1":1,"2":1,"3":1,"4":1,"5":0,"6":1,"7":1},"b":{"0":[1,0],"1":[1,0]},"_coverageSchema":"332fd63041d2c1bcb487cc26dd0d5f7d97098a6c","hash":"4010a4885581fc28a96b06da02d554e843a1e682"}
,"/Users/PhilSkiiiwalker/Desktop/BrightEventsReactApp/src/Components/Navbar/Navbar.js": {"path":"/Users/PhilSkiiiwalker/Desktop/BrightEventsReactApp/src/Components/Navbar/Navbar.js","statementMap":{"0":{"start":{"line":10,"column":15},"end":{"line":31,"column":1}},"1":{"start":{"line":11,"column":2},"end":{"line":30,"column":8}}},"fnMap":{"0":{"name":"(anonymous_0)","decl":{"start":{"line":10,"column":15},"end":{"line":10,"column":16}},"loc":{"start":{"line":11,"column":2},"end":{"line":30,"column":8}},"line":11}},"branchMap":{"0":{"loc":{"start":{"line":21,"column":8},"end":{"line":24,"column":10}},"type":"cond-expr","locations":[{"start":{"line":22,"column":10},"end":{"line":22,"column":87}},{"start":{"line":24,"column":8},"end":{"line":24,"column":10}}],"line":21}},"s":{"0":8,"1":1},"f":{"0":1},"b":{"0":[0,1]},"_coverageSchema":"332fd63041d2c1bcb487cc26dd0d5f7d97098a6c","hash":"eddb7e1cbddba2a4c9c1bb78c45cac9fa592c41f"}
,"/Users/PhilSkiiiwalker/Desktop/BrightEventsReactApp/src/Components/NavbarOptions/NavbarOptions.js": {"path":"/Users/PhilSkiiiwalker/Desktop/BrightEventsReactApp/src/Components/NavbarOptions/NavbarOptions.js","statementMap":{"0":{"start":{"line":13,"column":4},"end":{"line":13,"column":17}},"1":{"start":{"line":14,"column":4},"end":{"line":16,"column":6}},"2":{"start":{"line":17,"column":4},"end":{"line":17,"column":41}},"3":{"start":{"line":18,"column":4},"end":{"line":18,"column":41}},"4":{"start":{"line":25,"column":4},"end":{"line":32,"column":7}},"5":{"start":{"line":33,"column":4},"end":{"line":33,"column":41}},"6":{"start":{"line":34,"column":4},"end":{"line":34,"column":52}},"7":{"start":{"line":35,"column":4},"end":{"line":35,"column":33}},"8":{"start":{"line":36,"column":4},"end":{"line":36,"column":23}},"9":{"start":{"line":43,"column":4},"end":{"line":45,"column":8}},"10":{"start":{"line":43,"column":32},"end":{"line":45,"column":5}},"11":{"start":{"line":46,"column":4},"end":{"line":46,"column":23}},"12":{"start":{"line":49,"column":4},"end":{"line":65,"column":6}},"13":{"start":{"line":62,"column":39},"end":{"line":62,"column":52}}},"fnMap":{"0":{"name":"(anonymous_0)","decl":{"start":{"line":12,"column":2},"end":{"line":12,"column":3}},"loc":{"start":{"line":12,"column":21},"end":{"line":19,"column":3}},"line":12},"1":{"name":"(anonymous_1)","decl":{"start":{"line":24,"column":2},"end":{"line":24,"column":3}},"loc":{"start":{"line":24,"column":11},"end":{"line":37,"column":3}},"line":24},"2":{"name":"(anonymous_2)","decl":{"start":{"line":42,"column":2},"end":{"line":42,"column":3}},"loc":{"start":{"line":42,"column":11},"end":{"line":47,"column":3}},"line":42},"3":{"name":"(anonymous_3)","decl":{"start":{"line":43,"column":18},"end":{"line":43,"column":19}},"loc":{"start":{"line":43,"column":32},"end":{"line":45,"column":5}},"line":43},"4":{"name":"(anonymous_4)","decl":{"start":{"line":48,"column":2},"end":{"line":48,"column":3}},"loc":{"start":{"line":48,"column":11},"end":{"line":66,"column":3}},"line":48},"5":{"name":"(anonymous_5)","decl":{"start":{"line":62,"column":33},"end":{"line":62,"column":34}},"loc":{"start":{"line":62,"column":39},"end":{"line":62,"column":52}},"line":62}},"branchMap":{},"s":{"0":0,"1":0,"2":0,"3":0,"4":0,"5":0,"6":0,"7":0,"8":0,"9":0,"10":0,"11":0,"12":0,"13":0},"f":{"0":0,"1":0,"2":0,"3":0,"4":0,"5":0},"b":{},"_coverageSchema":"332fd63041d2c1bcb487cc26dd0d5f7d97098a6c","hash":"1f0344c75282f7d353dadc539dd9ecf47602fa71"}
,"/Users/PhilSkiiiwalker/Desktop/BrightEventsReactApp/src/Components/NotFound/NotFound.js": {"path":"/Users/PhilSkiiiwalker/Desktop/BrightEventsReactApp/src/Components/NotFound/NotFound.js","statementMap":{"0":{"start":{"line":5,"column":17},"end":{"line":10,"column":1}},"1":{"start":{"line":6,"column":2},"end":{"line":9,"column":8}}},"fnMap":{"0":{"name":"(anonymous_0)","decl":{"start":{"line":5,"column":17},"end":{"line":5,"column":18}},"loc":{"start":{"line":6,"column":2},"end":{"line":9,"column":8}},"line":6}},"branchMap":{},"s":{"0":1,"1":1},"f":{"0":1},"b":{},"_coverageSchema":"332fd63041d2c1bcb487cc26dd0d5f7d97098a6c","hash":"ba966356de1e4b82f987d0e118a9ac342a69ded4"}
,"/Users/PhilSkiiiwalker/Desktop/BrightEventsReactApp/src/Components/Pagination/paginate.js": {"path":"/Users/PhilSkiiiwalker/Desktop/BrightEventsReactApp/src/Components/Pagination/paginate.js","statementMap":{"0":{"start":{"line":6,"column":4},"end":{"line":6,"column":17}},"1":{"start":{"line":7,"column":4},"end":{"line":9,"column":6}},"2":{"start":{"line":12,"column":4},"end":{"line":14,"column":6}}},"fnMap":{"0":{"name":"(anonymous_0)","decl":{"start":{"line":5,"column":2},"end":{"line":5,"column":3}},"loc":{"start":{"line":5,"column":21},"end":{"line":10,"column":3}},"line":5},"1":{"name":"(anonymous_1)","decl":{"start":{"line":11,"column":2},"end":{"line":11,"column":3}},"loc":{"start":{"line":11,"column":11},"end":{"line":15,"column":3}},"line":11}},"branchMap":{},"s":{"0":1,"1":1,"2":1},"f":{"0":1,"1":1},"b":{},"_coverageSchema":"332fd63041d2c1bcb487cc26dd0d5f7d97098a6c","hash":"20cb183a77ba44df7b62b3c861e0c9a1d95168c4"}
,"/Users/PhilSkiiiwalker/Desktop/BrightEventsReactApp/src/Components/Register/Register.js": {"path":"/Users/PhilSkiiiwalker/Desktop/BrightEventsReactApp/src/Components/Register/Register.js","statementMap":{"0":{"start":{"line":14,"column":4},"end":{"line":14,"column":17}},"1":{"start":{"line":15,"column":4},"end":{"line":15,"column":59}},"2":{"start":{"line":22,"column":4},"end":{"line":22,"column":27}},"3":{"start":{"line":23,"column":20},"end":{"line":28,"column":5}},"4":{"start":{"line":30,"column":4},"end":{"line":52,"column":9}},"5":{"start":{"line":38,"column":24},"end":{"line":38,"column":39}},"6":{"start":{"line":40,"column":8},"end":{"line":51,"column":9}},"7":{"start":{"line":41,"column":10},"end":{"line":41,"column":43}},"8":{"start":{"line":43,"column":10},"end":{"line":50,"column":13}},"9":{"start":{"line":56,"column":4},"end":{"line":96,"column":6}}},"fnMap":{"0":{"name":"(anonymous_0)","decl":{"start":{"line":13,"column":2},"end":{"line":13,"column":3}},"loc":{"start":{"line":13,"column":21},"end":{"line":16,"column":3}},"line":13},"1":{"name":"(anonymous_1)","decl":{"start":{"line":21,"column":2},"end":{"line":21,"column":3}},"loc":{"start":{"line":21,"column":25},"end":{"line":53,"column":3}},"line":21},"2":{"name":"(anonymous_2)","decl":{"start":{"line":38,"column":12},"end":{"line":38,"column":13}},"loc":{"start":{"line":38,"column":24},"end":{"line":38,"column":39}},"line":38},"3":{"name":"(anonymous_3)","decl":{"start":{"line":39,"column":12},"end":{"line":39,"column":13}},"loc":{"start":{"line":39,"column":26},"end":{"line":52,"column":7}},"line":39},"4":{"name":"(anonymous_4)","decl":{"start":{"line":55,"column":2},"end":{"line":55,"column":3}},"loc":{"start":{"line":55,"column":11},"end":{"line":97,"column":3}},"line":55}},"branchMap":{"0":{"loc":{"start":{"line":40,"column":8},"end":{"line":51,"column":9}},"type":"if","locations":[{"start":{"line":40,"column":8},"end":{"line":51,"column":9}},{"start":{"line":40,"column":8},"end":{"line":51,"column":9}}],"line":40}},"s":{"0":1,"1":1,"2":0,"3":0,"4":0,"5":0,"6":0,"7":0,"8":0,"9":1},"f":{"0":1,"1":0,"2":0,"3":0,"4":1},"b":{"0":[0,0]},"_coverageSchema":"332fd63041d2c1bcb487cc26dd0d5f7d97098a6c","hash":"bc7facc5dcf63e9b90b8d30ae1a8b478c58eea1a"}
,"/Users/PhilSkiiiwalker/Desktop/BrightEventsReactApp/src/Components/ResetPassword/ConfirmResetPassword.js": {"path":"/Users/PhilSkiiiwalker/Desktop/BrightEventsReactApp/src/Components/ResetPassword/ConfirmResetPassword.js","statementMap":{"0":{"start":{"line":7,"column":4},"end":{"line":7,"column":17}},"1":{"start":{"line":8,"column":4},"end":{"line":8,"column":45}},"2":{"start":{"line":12,"column":4},"end":{"line":12,"column":27}},"3":{"start":{"line":13,"column":4},"end":{"line":13,"column":46}},"4":{"start":{"line":14,"column":21},"end":{"line":16,"column":5}},"5":{"start":{"line":17,"column":4},"end":{"line":28,"column":9}},"6":{"start":{"line":25,"column":24},"end":{"line":25,"column":39}},"7":{"start":{"line":27,"column":8},"end":{"line":27,"column":42}},"8":{"start":{"line":32,"column":4},"end":{"line":63,"column":6}}},"fnMap":{"0":{"name":"(anonymous_0)","decl":{"start":{"line":6,"column":2},"end":{"line":6,"column":3}},"loc":{"start":{"line":6,"column":21},"end":{"line":9,"column":3}},"line":6},"1":{"name":"(anonymous_1)","decl":{"start":{"line":11,"column":2},"end":{"line":11,"column":3}},"loc":{"start":{"line":11,"column":18},"end":{"line":29,"column":3}},"line":11},"2":{"name":"(anonymous_2)","decl":{"start":{"line":25,"column":12},"end":{"line":25,"column":13}},"loc":{"start":{"line":25,"column":24},"end":{"line":25,"column":39}},"line":25},"3":{"name":"(anonymous_3)","decl":{"start":{"line":26,"column":12},"end":{"line":26,"column":13}},"loc":{"start":{"line":26,"column":26},"end":{"line":28,"column":7}},"line":26},"4":{"name":"(anonymous_4)","decl":{"start":{"line":31,"column":2},"end":{"line":31,"column":3}},"loc":{"start":{"line":31,"column":11},"end":{"line":64,"column":3}},"line":31}},"branchMap":{},"s":{"0":1,"1":1,"2":0,"3":0,"4":0,"5":0,"6":0,"7":0,"8":1},"f":{"0":1,"1":0,"2":0,"3":0,"4":1},"b":{},"_coverageSchema":"332fd63041d2c1bcb487cc26dd0d5f7d97098a6c","hash":"4b5ca8e20c39b8fbd3934f62b0790c3286d7b3b7"}
,"/Users/PhilSkiiiwalker/Desktop/BrightEventsReactApp/src/Components/ResetPassword/ResetPassword.js": {"path":"/Users/PhilSkiiiwalker/Desktop/BrightEventsReactApp/src/Components/ResetPassword/ResetPassword.js","statementMap":{"0":{"start":{"line":7,"column":4},"end":{"line":7,"column":17}},"1":{"start":{"line":8,"column":4},"end":{"line":10,"column":6}},"2":{"start":{"line":11,"column":4},"end":{"line":11,"column":51}},"3":{"start":{"line":14,"column":23},"end":{"line":17,"column":5}},"4":{"start":{"line":18,"column":4},"end":{"line":20,"column":7}},"5":{"start":{"line":21,"column":4},"end":{"line":32,"column":9}},"6":{"start":{"line":29,"column":24},"end":{"line":29,"column":39}},"7":{"start":{"line":31,"column":8},"end":{"line":31,"column":36}},"8":{"start":{"line":38,"column":4},"end":{"line":59,"column":6}}},"fnMap":{"0":{"name":"(anonymous_0)","decl":{"start":{"line":6,"column":2},"end":{"line":6,"column":3}},"loc":{"start":{"line":6,"column":21},"end":{"line":12,"column":3}},"line":6},"1":{"name":"(anonymous_1)","decl":{"start":{"line":13,"column":2},"end":{"line":13,"column":3}},"loc":{"start":{"line":13,"column":16},"end":{"line":33,"column":3}},"line":13},"2":{"name":"(anonymous_2)","decl":{"start":{"line":29,"column":12},"end":{"line":29,"column":13}},"loc":{"start":{"line":29,"column":24},"end":{"line":29,"column":39}},"line":29},"3":{"name":"(anonymous_3)","decl":{"start":{"line":30,"column":12},"end":{"line":30,"column":13}},"loc":{"start":{"line":30,"column":26},"end":{"line":32,"column":7}},"line":30},"4":{"name":"(anonymous_4)","decl":{"start":{"line":37,"column":2},"end":{"line":37,"column":3}},"loc":{"start":{"line":37,"column":11},"end":{"line":60,"column":3}},"line":37}},"branchMap":{"0":{"loc":{"start":{"line":44,"column":12},"end":{"line":49,"column":14}},"type":"cond-expr","locations":[{"start":{"line":45,"column":14},"end":{"line":47,"column":22}},{"start":{"line":49,"column":12},"end":{"line":49,"column":14}}],"line":44}},"s":{"0":1,"1":1,"2":1,"3":0,"4":0,"5":0,"6":0,"7":0,"8":1},"f":{"0":1,"1":0,"2":0,"3":0,"4":1},"b":{"0":[0,1]},"_coverageSchema":"332fd63041d2c1bcb487cc26dd0d5f7d97098a6c","hash":"f3b110873f05a0de9c4c36a6d5a95071de45d932"}
,"/Users/PhilSkiiiwalker/Desktop/BrightEventsReactApp/src/Components/SearchPage/SearchPage.js": {"path":"/Users/PhilSkiiiwalker/Desktop/BrightEventsReactApp/src/Components/SearchPage/SearchPage.js","statementMap":{"0":{"start":{"line":30,"column":4},"end":{"line":30,"column":17}},"1":{"start":{"line":31,"column":4},"end":{"line":36,"column":6}},"2":{"start":{"line":37,"column":4},"end":{"line":37,"column":47}},"3":{"start":{"line":38,"column":4},"end":{"line":38,"column":45}},"4":{"start":{"line":39,"column":4},"end":{"line":39,"column":45}},"5":{"start":{"line":40,"column":4},"end":{"line":40,"column":51}},"6":{"start":{"line":41,"column":4},"end":{"line":41,"column":41}},"7":{"start":{"line":42,"column":4},"end":{"line":42,"column":51}},"8":{"start":{"line":46,"column":4},"end":{"line":48,"column":7}},"9":{"start":{"line":49,"column":4},"end":{"line":51,"column":7}},"10":{"start":{"line":55,"column":4},"end":{"line":55,"column":57}},"11":{"start":{"line":59,"column":4},"end":{"line":59,"column":58}},"12":{"start":{"line":63,"column":4},"end":{"line":69,"column":7}},"13":{"start":{"line":64,"column":6},"end":{"line":68,"column":7}},"14":{"start":{"line":65,"column":8},"end":{"line":65,"column":27}},"15":{"start":{"line":67,"column":11},"end":{"line":67,"column":23}},"16":{"start":{"line":73,"column":4},"end":{"line":73,"column":71}},"17":{"start":{"line":73,"column":45},"end":{"line":73,"column":69}},"18":{"start":{"line":79,"column":4},"end":{"line":79,"column":23}},"19":{"start":{"line":80,"column":25},"end":{"line":82,"column":5}},"20":{"start":{"line":83,"column":4},"end":{"line":102,"column":60}},"21":{"start":{"line":90,"column":24},"end":{"line":90,"column":39}},"22":{"start":{"line":92,"column":8},"end":{"line":95,"column":11}},"23":{"start":{"line":96,"column":8},"end":{"line":100,"column":9}},"24":{"start":{"line":97,"column":10},"end":{"line":99,"column":13}},"25":{"start":{"line":102,"column":22},"end":{"line":102,"column":58}},"26":{"start":{"line":109,"column":4},"end":{"line":131,"column":5}},"27":{"start":{"line":110,"column":20},"end":{"line":110,"column":48}},"28":{"start":{"line":111,"column":6},"end":{"line":130,"column":11}},"29":{"start":{"line":120,"column":26},"end":{"line":120,"column":41}},"30":{"start":{"line":122,"column":10},"end":{"line":129,"column":13}},"31":{"start":{"line":135,"column":4},"end":{"line":202,"column":6}},"32":{"start":{"line":170,"column":14},"end":{"line":192,"column":20}},"33":{"start":{"line":184,"column":58},"end":{"line":184,"column":84}},"34":{"start":{"line":188,"column":72},"end":{"line":188,"column":98}}},"fnMap":{"0":{"name":"(anonymous_0)","decl":{"start":{"line":29,"column":2},"end":{"line":29,"column":3}},"loc":{"start":{"line":29,"column":21},"end":{"line":43,"column":3}},"line":29},"1":{"name":"(anonymous_1)","decl":{"start":{"line":45,"column":2},"end":{"line":45,"column":3}},"loc":{"start":{"line":45,"column":23},"end":{"line":52,"column":3}},"line":45},"2":{"name":"(anonymous_2)","decl":{"start":{"line":54,"column":2},"end":{"line":54,"column":3}},"loc":{"start":{"line":54,"column":17},"end":{"line":56,"column":3}},"line":54},"3":{"name":"(anonymous_3)","decl":{"start":{"line":58,"column":2},"end":{"line":58,"column":3}},"loc":{"start":{"line":58,"column":16},"end":{"line":60,"column":3}},"line":58},"4":{"name":"(anonymous_4)","decl":{"start":{"line":62,"column":2},"end":{"line":62,"column":3}},"loc":{"start":{"line":62,"column":28},"end":{"line":70,"column":3}},"line":62},"5":{"name":"(anonymous_5)","decl":{"start":{"line":63,"column":33},"end":{"line":63,"column":34}},"loc":{"start":{"line":63,"column":44},"end":{"line":69,"column":5}},"line":63},"6":{"name":"(anonymous_6)","decl":{"start":{"line":72,"column":2},"end":{"line":72,"column":3}},"loc":{"start":{"line":72,"column":20},"end":{"line":74,"column":3}},"line":72},"7":{"name":"(anonymous_7)","decl":{"start":{"line":73,"column":36},"end":{"line":73,"column":37}},"loc":{"start":{"line":73,"column":45},"end":{"line":73,"column":69}},"line":73},"8":{"name":"(anonymous_8)","decl":{"start":{"line":78,"column":2},"end":{"line":78,"column":3}},"loc":{"start":{"line":78,"column":15},"end":{"line":103,"column":3}},"line":78},"9":{"name":"(anonymous_9)","decl":{"start":{"line":90,"column":12},"end":{"line":90,"column":13}},"loc":{"start":{"line":90,"column":24},"end":{"line":90,"column":39}},"line":90},"10":{"name":"(anonymous_10)","decl":{"start":{"line":91,"column":12},"end":{"line":91,"column":13}},"loc":{"start":{"line":91,"column":26},"end":{"line":101,"column":7}},"line":91},"11":{"name":"(anonymous_11)","decl":{"start":{"line":102,"column":13},"end":{"line":102,"column":14}},"loc":{"start":{"line":102,"column":22},"end":{"line":102,"column":58}},"line":102},"12":{"name":"(anonymous_12)","decl":{"start":{"line":108,"column":2},"end":{"line":108,"column":3}},"loc":{"start":{"line":108,"column":24},"end":{"line":132,"column":3}},"line":108},"13":{"name":"(anonymous_13)","decl":{"start":{"line":120,"column":14},"end":{"line":120,"column":15}},"loc":{"start":{"line":120,"column":26},"end":{"line":120,"column":41}},"line":120},"14":{"name":"(anonymous_14)","decl":{"start":{"line":121,"column":14},"end":{"line":121,"column":15}},"loc":{"start":{"line":121,"column":28},"end":{"line":130,"column":9}},"line":121},"15":{"name":"(anonymous_15)","decl":{"start":{"line":134,"column":2},"end":{"line":134,"column":3}},"loc":{"start":{"line":134,"column":11},"end":{"line":203,"column":3}},"line":134},"16":{"name":"(anonymous_16)","decl":{"start":{"line":168,"column":34},"end":{"line":168,"column":35}},"loc":{"start":{"line":170,"column":14},"end":{"line":192,"column":20}},"line":170},"17":{"name":"(anonymous_17)","decl":{"start":{"line":184,"column":52},"end":{"line":184,"column":53}},"loc":{"start":{"line":184,"column":58},"end":{"line":184,"column":84}},"line":184},"18":{"name":"(anonymous_18)","decl":{"start":{"line":188,"column":66},"end":{"line":188,"column":67}},"loc":{"start":{"line":188,"column":72},"end":{"line":188,"column":98}},"line":188}},"branchMap":{"0":{"loc":{"start":{"line":46,"column":4},"end":{"line":48,"column":6}},"type":"binary-expr","locations":[{"start":{"line":46,"column":4},"end":{"line":46,"column":48}},{"start":{"line":46,"column":52},"end":{"line":48,"column":6}}],"line":46},"1":{"loc":{"start":{"line":49,"column":4},"end":{"line":51,"column":6}},"type":"binary-expr","locations":[{"start":{"line":49,"column":4},"end":{"line":49,"column":37}},{"start":{"line":49,"column":41},"end":{"line":51,"column":6}}],"line":49},"2":{"loc":{"start":{"line":64,"column":6},"end":{"line":68,"column":7}},"type":"if","locations":[{"start":{"line":64,"column":6},"end":{"line":68,"column":7}},{"start":{"line":64,"column":6},"end":{"line":68,"column":7}}],"line":64},"3":{"loc":{"start":{"line":96,"column":8},"end":{"line":100,"column":9}},"type":"if","locations":[{"start":{"line":96,"column":8},"end":{"line":100,"column":9}},{"start":{"line":96,"column":8},"end":{"line":100,"column":9}}],"line":96},"4":{"loc":{"start":{"line":109,"column":4},"end":{"line":131,"column":5}},"type":"if","locations":[{"start":{"line":109,"column":4},"end":{"line":131,"column":5}},{"start":{"line":109,"column":4},"end":{"line":131,"column":5}}],"line":109},"5":{"loc":{"start":{"line":147,"column":14},"end":{"line":150,"column":16}},"type":"cond-expr","locations":[{"start":{"line":148,"column":16},"end":{"line":148,"column":104}},{"start":{"line":150,"column":14},"end":{"line":150,"column":16}}],"line":147},"6":{"loc":{"start":{"line":165,"column":10},"end":{"line":198,"column":20}},"type":"cond-expr","locations":[{"start":{"line":166,"column":12},"end":{"line":194,"column":23}},{"start":{"line":196,"column":12},"end":{"line":198,"column":20}}],"line":165},"7":{"loc":{"start":{"line":182,"column":21},"end":{"line":188,"column":118}},"type":"cond-expr","locations":[{"start":{"line":183,"column":23},"end":{"line":187,"column":37}},{"start":{"line":188,"column":23},"end":{"line":188,"column":118}}],"line":182}},"s":{"0":1,"1":1,"2":1,"3":1,"4":1,"5":1,"6":1,"7":1,"8":1,"9":1,"10":0,"11":0,"12":0,"13":0,"14":0,"15":0,"16":0,"17":0,"18":0,"19":0,"20":0,"21":0,"22":0,"23":0,"24":0,"25":0,"26":0,"27":0,"28":0,"29":0,"30":0,"31":1,"32":0,"33":0,"34":0},"f":{"0":1,"1":1,"2":0,"3":0,"4":0,"5":0,"6":0,"7":0,"8":0,"9":0,"10":0,"11":0,"12":0,"13":0,"14":0,"15":1,"16":0,"17":0,"18":0},"b":{"0":[1,0],"1":[1,0],"2":[0,0],"3":[0,0],"4":[0,0],"5":[0,1],"6":[1,0],"7":[0,0]},"_coverageSchema":"332fd63041d2c1bcb487cc26dd0d5f7d97098a6c","hash":"b37602166f63fc48a81b858cfdb91df61df6e2b5"}
,"/Users/PhilSkiiiwalker/Desktop/BrightEventsReactApp/src/Components/ViewEvents/Events.js": {"path":"/Users/PhilSkiiiwalker/Desktop/BrightEventsReactApp/src/Components/ViewEvents/Events.js","statementMap":{"0":{"start":{"line":26,"column":4},"end":{"line":26,"column":17}},"1":{"start":{"line":27,"column":4},"end":{"line":32,"column":6}},"2":{"start":{"line":33,"column":4},"end":{"line":33,"column":57}},"3":{"start":{"line":34,"column":4},"end":{"line":34,"column":45}},"4":{"start":{"line":35,"column":4},"end":{"line":35,"column":41}},"5":{"start":{"line":36,"column":4},"end":{"line":36,"column":51}},"6":{"start":{"line":37,"column":4},"end":{"line":37,"column":51}},"7":{"start":{"line":41,"column":4},"end":{"line":43,"column":7}},"8":{"start":{"line":44,"column":4},"end":{"line":46,"column":7}},"9":{"start":{"line":50,"column":4},"end":{"line":50,"column":21}},"10":{"start":{"line":54,"column":4},"end":{"line":54,"column":54}},"11":{"start":{"line":58,"column":4},"end":{"line":58,"column":55}},"12":{"start":{"line":62,"column":4},"end":{"line":62,"column":71}},"13":{"start":{"line":62,"column":45},"end":{"line":62,"column":69}},"14":{"start":{"line":66,"column":4},"end":{"line":73,"column":6}},"15":{"start":{"line":67,"column":6},"end":{"line":72,"column":7}},"16":{"start":{"line":68,"column":8},"end":{"line":68,"column":58}},"17":{"start":{"line":69,"column":8},"end":{"line":69,"column":27}},"18":{"start":{"line":71,"column":11},"end":{"line":71,"column":23}},"19":{"start":{"line":80,"column":4},"end":{"line":87,"column":60}},"20":{"start":{"line":81,"column":24},"end":{"line":81,"column":39}},"21":{"start":{"line":83,"column":8},"end":{"line":85,"column":11}},"22":{"start":{"line":87,"column":22},"end":{"line":87,"column":58}},"23":{"start":{"line":94,"column":4},"end":{"line":116,"column":5}},"24":{"start":{"line":95,"column":20},"end":{"line":95,"column":48}},"25":{"start":{"line":96,"column":6},"end":{"line":115,"column":11}},"26":{"start":{"line":105,"column":26},"end":{"line":105,"column":41}},"27":{"start":{"line":107,"column":10},"end":{"line":114,"column":13}},"28":{"start":{"line":120,"column":4},"end":{"line":155,"column":6}},"29":{"start":{"line":129,"column":14},"end":{"line":151,"column":20}},"30":{"start":{"line":143,"column":58},"end":{"line":143,"column":90}},"31":{"start":{"line":147,"column":71},"end":{"line":147,"column":103}}},"fnMap":{"0":{"name":"(anonymous_0)","decl":{"start":{"line":25,"column":2},"end":{"line":25,"column":3}},"loc":{"start":{"line":25,"column":21},"end":{"line":38,"column":3}},"line":25},"1":{"name":"(anonymous_1)","decl":{"start":{"line":40,"column":2},"end":{"line":40,"column":3}},"loc":{"start":{"line":40,"column":23},"end":{"line":47,"column":3}},"line":40},"2":{"name":"(anonymous_2)","decl":{"start":{"line":49,"column":2},"end":{"line":49,"column":3}},"loc":{"start":{"line":49,"column":22},"end":{"line":51,"column":3}},"line":49},"3":{"name":"(anonymous_3)","decl":{"start":{"line":53,"column":2},"end":{"line":53,"column":3}},"loc":{"start":{"line":53,"column":17},"end":{"line":55,"column":3}},"line":53},"4":{"name":"(anonymous_4)","decl":{"start":{"line":57,"column":2},"end":{"line":57,"column":3}},"loc":{"start":{"line":57,"column":16},"end":{"line":59,"column":3}},"line":57},"5":{"name":"(anonymous_5)","decl":{"start":{"line":61,"column":2},"end":{"line":61,"column":3}},"loc":{"start":{"line":61,"column":20},"end":{"line":63,"column":3}},"line":61},"6":{"name":"(anonymous_6)","decl":{"start":{"line":62,"column":36},"end":{"line":62,"column":37}},"loc":{"start":{"line":62,"column":45},"end":{"line":62,"column":69}},"line":62},"7":{"name":"(anonymous_7)","decl":{"start":{"line":65,"column":2},"end":{"line":65,"column":3}},"loc":{"start":{"line":65,"column":28},"end":{"line":74,"column":3}},"line":65},"8":{"name":"(anonymous_8)","decl":{"start":{"line":66,"column":33},"end":{"line":66,"column":34}},"loc":{"start":{"line":66,"column":44},"end":{"line":73,"column":5}},"line":66},"9":{"name":"(anonymous_9)","decl":{"start":{"line":79,"column":2},"end":{"line":79,"column":3}},"loc":{"start":{"line":79,"column":14},"end":{"line":88,"column":3}},"line":79},"10":{"name":"(anonymous_10)","decl":{"start":{"line":81,"column":12},"end":{"line":81,"column":13}},"loc":{"start":{"line":81,"column":24},"end":{"line":81,"column":39}},"line":81},"11":{"name":"(anonymous_11)","decl":{"start":{"line":82,"column":12},"end":{"line":82,"column":13}},"loc":{"start":{"line":82,"column":26},"end":{"line":86,"column":7}},"line":82},"12":{"name":"(anonymous_12)","decl":{"start":{"line":87,"column":13},"end":{"line":87,"column":14}},"loc":{"start":{"line":87,"column":22},"end":{"line":87,"column":58}},"line":87},"13":{"name":"(anonymous_13)","decl":{"start":{"line":93,"column":2},"end":{"line":93,"column":3}},"loc":{"start":{"line":93,"column":30},"end":{"line":117,"column":3}},"line":93},"14":{"name":"(anonymous_14)","decl":{"start":{"line":105,"column":14},"end":{"line":105,"column":15}},"loc":{"start":{"line":105,"column":26},"end":{"line":105,"column":41}},"line":105},"15":{"name":"(anonymous_15)","decl":{"start":{"line":106,"column":14},"end":{"line":106,"column":15}},"loc":{"start":{"line":106,"column":28},"end":{"line":115,"column":9}},"line":106},"16":{"name":"(anonymous_16)","decl":{"start":{"line":119,"column":2},"end":{"line":119,"column":3}},"loc":{"start":{"line":119,"column":11},"end":{"line":156,"column":3}},"line":119},"17":{"name":"(anonymous_17)","decl":{"start":{"line":127,"column":34},"end":{"line":127,"column":35}},"loc":{"start":{"line":129,"column":14},"end":{"line":151,"column":20}},"line":129},"18":{"name":"(anonymous_18)","decl":{"start":{"line":143,"column":52},"end":{"line":143,"column":53}},"loc":{"start":{"line":143,"column":58},"end":{"line":143,"column":90}},"line":143},"19":{"name":"(anonymous_19)","decl":{"start":{"line":147,"column":65},"end":{"line":147,"column":66}},"loc":{"start":{"line":147,"column":71},"end":{"line":147,"column":103}},"line":147}},"branchMap":{"0":{"loc":{"start":{"line":41,"column":4},"end":{"line":43,"column":6}},"type":"binary-expr","locations":[{"start":{"line":41,"column":4},"end":{"line":41,"column":48}},{"start":{"line":41,"column":52},"end":{"line":43,"column":6}}],"line":41},"1":{"loc":{"start":{"line":44,"column":4},"end":{"line":46,"column":6}},"type":"binary-expr","locations":[{"start":{"line":44,"column":4},"end":{"line":44,"column":37}},{"start":{"line":44,"column":41},"end":{"line":46,"column":6}}],"line":44},"2":{"loc":{"start":{"line":67,"column":6},"end":{"line":72,"column":7}},"type":"if","locations":[{"start":{"line":67,"column":6},"end":{"line":72,"column":7}},{"start":{"line":67,"column":6},"end":{"line":72,"column":7}}],"line":67},"3":{"loc":{"start":{"line":94,"column":4},"end":{"line":116,"column":5}},"type":"if","locations":[{"start":{"line":94,"column":4},"end":{"line":116,"column":5}},{"start":{"line":94,"column":4},"end":{"line":116,"column":5}}],"line":94},"4":{"loc":{"start":{"line":141,"column":21},"end":{"line":147,"column":123}},"type":"cond-expr","locations":[{"start":{"line":142,"column":23},"end":{"line":146,"column":37}},{"start":{"line":147,"column":23},"end":{"line":147,"column":123}}],"line":141}},"s":{"0":1,"1":1,"2":1,"3":1,"4":1,"5":1,"6":1,"7":1,"8":1,"9":1,"10":0,"11":0,"12":0,"13":0,"14":0,"15":0,"16":0,"17":0,"18":0,"19":1,"20":1,"21":0,"22":1,"23":0,"24":0,"25":0,"26":0,"27":0,"28":1,"29":0,"30":0,"31":0},"f":{"0":1,"1":1,"2":1,"3":0,"4":0,"5":0,"6":0,"7":0,"8":0,"9":1,"10":1,"11":0,"12":1,"13":0,"14":0,"15":0,"16":1,"17":0,"18":0,"19":0},"b":{"0":[1,0],"1":[1,0],"2":[0,0],"3":[0,0],"4":[0,0]},"_coverageSchema":"332fd63041d2c1bcb487cc26dd0d5f7d97098a6c","hash":"f3272770d0f730194743327f8218ada70911b316"}
,"/Users/PhilSkiiiwalker/Desktop/BrightEventsReactApp/src/Components/ViewEvents/MyEvents.js": {"path":"/Users/PhilSkiiiwalker/Desktop/BrightEventsReactApp/src/Components/ViewEvents/MyEvents.js","statementMap":{"0":{"start":{"line":28,"column":4},"end":{"line":28,"column":17}},"1":{"start":{"line":29,"column":4},"end":{"line":34,"column":6}},"2":{"start":{"line":35,"column":4},"end":{"line":35,"column":45}},"3":{"start":{"line":36,"column":4},"end":{"line":36,"column":45}},"4":{"start":{"line":37,"column":4},"end":{"line":37,"column":51}},"5":{"start":{"line":38,"column":4},"end":{"line":38,"column":41}},"6":{"start":{"line":39,"column":4},"end":{"line":39,"column":51}},"7":{"start":{"line":42,"column":4},"end":{"line":44,"column":7}},"8":{"start":{"line":45,"column":4},"end":{"line":47,"column":7}},"9":{"start":{"line":50,"column":17},"end":{"line":50,"column":48}},"10":{"start":{"line":51,"column":4},"end":{"line":67,"column":60}},"11":{"start":{"line":59,"column":24},"end":{"line":59,"column":39}},"12":{"start":{"line":61,"column":8},"end":{"line":65,"column":9}},"13":{"start":{"line":62,"column":10},"end":{"line":64,"column":13}},"14":{"start":{"line":67,"column":22},"end":{"line":67,"column":58}},"15":{"start":{"line":71,"column":4},"end":{"line":71,"column":57}},"16":{"start":{"line":75,"column":4},"end":{"line":75,"column":58}},"17":{"start":{"line":79,"column":4},"end":{"line":85,"column":6}},"18":{"start":{"line":80,"column":6},"end":{"line":84,"column":7}},"19":{"start":{"line":81,"column":8},"end":{"line":81,"column":27}},"20":{"start":{"line":83,"column":11},"end":{"line":83,"column":23}},"21":{"start":{"line":89,"column":4},"end":{"line":89,"column":74}},"22":{"start":{"line":89,"column":48},"end":{"line":89,"column":72}},"23":{"start":{"line":94,"column":4},"end":{"line":116,"column":5}},"24":{"start":{"line":95,"column":20},"end":{"line":95,"column":48}},"25":{"start":{"line":96,"column":6},"end":{"line":115,"column":11}},"26":{"start":{"line":105,"column":26},"end":{"line":105,"column":41}},"27":{"start":{"line":107,"column":10},"end":{"line":114,"column":13}},"28":{"start":{"line":119,"column":4},"end":{"line":168,"column":6}},"29":{"start":{"line":131,"column":18},"end":{"line":149,"column":24}},"30":{"start":{"line":143,"column":59},"end":{"line":143,"column":85}}},"fnMap":{"0":{"name":"(anonymous_0)","decl":{"start":{"line":27,"column":2},"end":{"line":27,"column":3}},"loc":{"start":{"line":27,"column":21},"end":{"line":40,"column":3}},"line":27},"1":{"name":"(anonymous_1)","decl":{"start":{"line":41,"column":2},"end":{"line":41,"column":3}},"loc":{"start":{"line":41,"column":23},"end":{"line":48,"column":3}},"line":41},"2":{"name":"(anonymous_2)","decl":{"start":{"line":49,"column":2},"end":{"line":49,"column":3}},"loc":{"start":{"line":49,"column":22},"end":{"line":68,"column":3}},"line":49},"3":{"name":"(anonymous_3)","decl":{"start":{"line":59,"column":12},"end":{"line":59,"column":13}},"loc":{"start":{"line":59,"column":24},"end":{"line":59,"column":39}},"line":59},"4":{"name":"(anonymous_4)","decl":{"start":{"line":60,"column":12},"end":{"line":60,"column":13}},"loc":{"start":{"line":60,"column":26},"end":{"line":66,"column":7}},"line":60},"5":{"name":"(anonymous_5)","decl":{"start":{"line":67,"column":13},"end":{"line":67,"column":14}},"loc":{"start":{"line":67,"column":22},"end":{"line":67,"column":58}},"line":67},"6":{"name":"(anonymous_6)","decl":{"start":{"line":70,"column":2},"end":{"line":70,"column":3}},"loc":{"start":{"line":70,"column":17},"end":{"line":72,"column":3}},"line":70},"7":{"name":"(anonymous_7)","decl":{"start":{"line":74,"column":2},"end":{"line":74,"column":3}},"loc":{"start":{"line":74,"column":16},"end":{"line":76,"column":3}},"line":74},"8":{"name":"(anonymous_8)","decl":{"start":{"line":78,"column":2},"end":{"line":78,"column":3}},"loc":{"start":{"line":78,"column":28},"end":{"line":86,"column":3}},"line":78},"9":{"name":"(anonymous_9)","decl":{"start":{"line":79,"column":36},"end":{"line":79,"column":37}},"loc":{"start":{"line":79,"column":47},"end":{"line":85,"column":5}},"line":79},"10":{"name":"(anonymous_10)","decl":{"start":{"line":88,"column":2},"end":{"line":88,"column":3}},"loc":{"start":{"line":88,"column":20},"end":{"line":90,"column":3}},"line":88},"11":{"name":"(anonymous_11)","decl":{"start":{"line":89,"column":39},"end":{"line":89,"column":40}},"loc":{"start":{"line":89,"column":48},"end":{"line":89,"column":72}},"line":89},"12":{"name":"(anonymous_12)","decl":{"start":{"line":93,"column":2},"end":{"line":93,"column":3}},"loc":{"start":{"line":93,"column":24},"end":{"line":117,"column":3}},"line":93},"13":{"name":"(anonymous_13)","decl":{"start":{"line":105,"column":14},"end":{"line":105,"column":15}},"loc":{"start":{"line":105,"column":26},"end":{"line":105,"column":41}},"line":105},"14":{"name":"(anonymous_14)","decl":{"start":{"line":106,"column":14},"end":{"line":106,"column":15}},"loc":{"start":{"line":106,"column":28},"end":{"line":115,"column":9}},"line":106},"15":{"name":"(anonymous_15)","decl":{"start":{"line":118,"column":2},"end":{"line":118,"column":3}},"loc":{"start":{"line":118,"column":11},"end":{"line":169,"column":3}},"line":118},"16":{"name":"(anonymous_16)","decl":{"start":{"line":129,"column":41},"end":{"line":129,"column":42}},"loc":{"start":{"line":131,"column":18},"end":{"line":149,"column":24}},"line":131},"17":{"name":"(anonymous_17)","decl":{"start":{"line":143,"column":53},"end":{"line":143,"column":54}},"loc":{"start":{"line":143,"column":59},"end":{"line":143,"column":85}},"line":143}},"branchMap":{"0":{"loc":{"start":{"line":42,"column":4},"end":{"line":44,"column":6}},"type":"binary-expr","locations":[{"start":{"line":42,"column":4},"end":{"line":42,"column":48}},{"start":{"line":42,"column":52},"end":{"line":44,"column":6}}],"line":42},"1":{"loc":{"start":{"line":45,"column":4},"end":{"line":47,"column":6}},"type":"binary-expr","locations":[{"start":{"line":45,"column":4},"end":{"line":45,"column":37}},{"start":{"line":45,"column":41},"end":{"line":47,"column":6}}],"line":45},"2":{"loc":{"start":{"line":61,"column":8},"end":{"line":65,"column":9}},"type":"if","locations":[{"start":{"line":61,"column":8},"end":{"line":65,"column":9}},{"start":{"line":61,"column":8},"end":{"line":65,"column":9}}],"line":61},"3":{"loc":{"start":{"line":80,"column":6},"end":{"line":84,"column":7}},"type":"if","locations":[{"start":{"line":80,"column":6},"end":{"line":84,"column":7}},{"start":{"line":80,"column":6},"end":{"line":84,"column":7}}],"line":80},"4":{"loc":{"start":{"line":94,"column":4},"end":{"line":116,"column":5}},"type":"if","locations":[{"start":{"line":94,"column":4},"end":{"line":116,"column":5}},{"start":{"line":94,"column":4},"end":{"line":116,"column":5}}],"line":94},"5":{"loc":{"start":{"line":125,"column":10},"end":{"line":165,"column":18}},"type":"cond-expr","locations":[{"start":{"line":126,"column":12},"end":{"line":156,"column":18}},{"start":{"line":157,"column":12},"end":{"line":165,"column":18}}],"line":125}},"s":{"0":0,"1":0,"2":0,"3":0,"4":0,"5":0,"6":0,"7":0,"8":0,"9":0,"10":0,"11":0,"12":0,"13":0,"14":0,"15":0,"16":0,"17":0,"18":0,"19":0,"20":0,"21":0,"22":0,"23":0,"24":0,"25":0,"26":0,"27":0,"28":0,"29":0,"30":0},"f":{"0":0,"1":0,"2":0,"3":0,"4":0,"5":0,"6":0,"7":0,"8":0,"9":0,"10":0,"11":0,"12":0,"13":0,"14":0,"15":0,"16":0,"17":0},"b":{"0":[0,0],"1":[0,0],"2":[0,0],"3":[0,0],"4":[0,0],"5":[0,0]},"_coverageSchema":"332fd63041d2c1bcb487cc26dd0d5f7d97098a6c","hash":"270ccd8dca41fc13999239eafda16ab8eafac18f"}
,"/Users/PhilSkiiiwalker/Desktop/BrightEventsReactApp/src/Components/ViewEvents/ViewSingleEvent.js": {"path":"/Users/PhilSkiiiwalker/Desktop/BrightEventsReactApp/src/Components/ViewEvents/ViewSingleEvent.js","statementMap":{"0":{"start":{"line":27,"column":4},"end":{"line":27,"column":17}},"1":{"start":{"line":28,"column":4},"end":{"line":33,"column":6}},"2":{"start":{"line":34,"column":4},"end":{"line":34,"column":45}},"3":{"start":{"line":37,"column":4},"end":{"line":39,"column":7}},"4":{"start":{"line":40,"column":4},"end":{"line":42,"column":7}},"5":{"start":{"line":45,"column":4},"end":{"line":58,"column":9}},"6":{"start":{"line":53,"column":24},"end":{"line":53,"column":39}},"7":{"start":{"line":55,"column":8},"end":{"line":57,"column":11}},"8":{"start":{"line":60,"column":4},"end":{"line":73,"column":9}},"9":{"start":{"line":68,"column":24},"end":{"line":68,"column":39}},"10":{"start":{"line":70,"column":8},"end":{"line":72,"column":11}},"11":{"start":{"line":76,"column":4},"end":{"line":98,"column":5}},"12":{"start":{"line":77,"column":20},"end":{"line":77,"column":48}},"13":{"start":{"line":78,"column":6},"end":{"line":97,"column":11}},"14":{"start":{"line":87,"column":26},"end":{"line":87,"column":41}},"15":{"start":{"line":89,"column":10},"end":{"line":96,"column":13}},"16":{"start":{"line":101,"column":4},"end":{"line":163,"column":6}},"17":{"start":{"line":109,"column":13},"end":{"line":131,"column":18}},"18":{"start":{"line":123,"column":56},"end":{"line":123,"column":82}},"19":{"start":{"line":127,"column":69},"end":{"line":127,"column":95}},"20":{"start":{"line":150,"column":15},"end":{"line":153,"column":20}}},"fnMap":{"0":{"name":"(anonymous_0)","decl":{"start":{"line":26,"column":2},"end":{"line":26,"column":3}},"loc":{"start":{"line":26,"column":21},"end":{"line":35,"column":3}},"line":26},"1":{"name":"(anonymous_1)","decl":{"start":{"line":36,"column":2},"end":{"line":36,"column":3}},"loc":{"start":{"line":36,"column":23},"end":{"line":43,"column":3}},"line":36},"2":{"name":"(anonymous_2)","decl":{"start":{"line":44,"column":2},"end":{"line":44,"column":3}},"loc":{"start":{"line":44,"column":22},"end":{"line":74,"column":3}},"line":44},"3":{"name":"(anonymous_3)","decl":{"start":{"line":53,"column":12},"end":{"line":53,"column":13}},"loc":{"start":{"line":53,"column":24},"end":{"line":53,"column":39}},"line":53},"4":{"name":"(anonymous_4)","decl":{"start":{"line":54,"column":12},"end":{"line":54,"column":13}},"loc":{"start":{"line":54,"column":26},"end":{"line":58,"column":7}},"line":54},"5":{"name":"(anonymous_5)","decl":{"start":{"line":68,"column":12},"end":{"line":68,"column":13}},"loc":{"start":{"line":68,"column":24},"end":{"line":68,"column":39}},"line":68},"6":{"name":"(anonymous_6)","decl":{"start":{"line":69,"column":12},"end":{"line":69,"column":13}},"loc":{"start":{"line":69,"column":26},"end":{"line":73,"column":7}},"line":69},"7":{"name":"(anonymous_7)","decl":{"start":{"line":75,"column":2},"end":{"line":75,"column":3}},"loc":{"start":{"line":75,"column":24},"end":{"line":99,"column":3}},"line":75},"8":{"name":"(anonymous_8)","decl":{"start":{"line":87,"column":14},"end":{"line":87,"column":15}},"loc":{"start":{"line":87,"column":26},"end":{"line":87,"column":41}},"line":87},"9":{"name":"(anonymous_9)","decl":{"start":{"line":88,"column":14},"end":{"line":88,"column":15}},"loc":{"start":{"line":88,"column":28},"end":{"line":97,"column":9}},"line":88},"10":{"name":"(anonymous_10)","decl":{"start":{"line":100,"column":2},"end":{"line":100,"column":3}},"loc":{"start":{"line":100,"column":11},"end":{"line":164,"column":3}},"line":100},"11":{"name":"(anonymous_11)","decl":{"start":{"line":108,"column":33},"end":{"line":108,"column":34}},"loc":{"start":{"line":109,"column":13},"end":{"line":131,"column":18}},"line":109},"12":{"name":"(anonymous_12)","decl":{"start":{"line":123,"column":50},"end":{"line":123,"column":51}},"loc":{"start":{"line":123,"column":56},"end":{"line":123,"column":82}},"line":123},"13":{"name":"(anonymous_13)","decl":{"start":{"line":127,"column":63},"end":{"line":127,"column":64}},"loc":{"start":{"line":127,"column":69},"end":{"line":127,"column":95}},"line":127},"14":{"name":"(anonymous_14)","decl":{"start":{"line":148,"column":40},"end":{"line":148,"column":41}},"loc":{"start":{"line":150,"column":15},"end":{"line":153,"column":20}},"line":150}},"branchMap":{"0":{"loc":{"start":{"line":37,"column":4},"end":{"line":39,"column":6}},"type":"binary-expr","locations":[{"start":{"line":37,"column":4},"end":{"line":37,"column":48}},{"start":{"line":37,"column":52},"end":{"line":39,"column":6}}],"line":37},"1":{"loc":{"start":{"line":40,"column":4},"end":{"line":42,"column":6}},"type":"binary-expr","locations":[{"start":{"line":40,"column":4},"end":{"line":40,"column":37}},{"start":{"line":40,"column":41},"end":{"line":42,"column":6}}],"line":40},"2":{"loc":{"start":{"line":76,"column":4},"end":{"line":98,"column":5}},"type":"if","locations":[{"start":{"line":76,"column":4},"end":{"line":98,"column":5}},{"start":{"line":76,"column":4},"end":{"line":98,"column":5}}],"line":76},"3":{"loc":{"start":{"line":121,"column":19},"end":{"line":127,"column":115}},"type":"cond-expr","locations":[{"start":{"line":122,"column":21},"end":{"line":126,"column":35}},{"start":{"line":127,"column":21},"end":{"line":127,"column":115}}],"line":121},"4":{"loc":{"start":{"line":137,"column":10},"end":{"line":160,"column":20}},"type":"cond-expr","locations":[{"start":{"line":138,"column":12},"end":{"line":157,"column":18}},{"start":{"line":158,"column":12},"end":{"line":160,"column":20}}],"line":137}},"s":{"0":0,"1":0,"2":0,"3":0,"4":0,"5":0,"6":0,"7":0,"8":0,"9":0,"10":0,"11":0,"12":0,"13":0,"14":0,"15":0,"16":0,"17":0,"18":0,"19":0,"20":0},"f":{"0":0,"1":0,"2":0,"3":0,"4":0,"5":0,"6":0,"7":0,"8":0,"9":0,"10":0,"11":0,"12":0,"13":0,"14":0},"b":{"0":[0,0],"1":[0,0],"2":[0,0],"3":[0,0],"4":[0,0]},"_coverageSchema":"332fd63041d2c1bcb487cc26dd0d5f7d97098a6c","hash":"5e416573a8467cc50d572fee1bb6a9b7676ef3b0"}
}
