{"/Users/PhilSkiiiwalker/Desktop/BrightEventsReactApp/setupJest.js": {"path":"/Users/PhilSkiiiwalker/Desktop/BrightEventsReactApp/setupJest.js","statementMap":{"0":{"start":{"line":1,"column":0},"end":{"line":1,"column":41}}},"fnMap":{},"branchMap":{},"s":{"0":18},"f":{},"b":{},"_coverageSchema":"332fd63041d2c1bcb487cc26dd0d5f7d97098a6c","hash":"27fbe1c092c7d615480abd2eafc39e3246cd3b8c"}
,"/Users/PhilSkiiiwalker/Desktop/BrightEventsReactApp/src/Components/ContactUs/contactUs.js": {"path":"/Users/PhilSkiiiwalker/Desktop/BrightEventsReactApp/src/Components/ContactUs/contactUs.js","statementMap":{"0":{"start":{"line":6,"column":18},"end":{"line":8,"column":1}},"1":{"start":{"line":7,"column":2},"end":{"line":7,"column":19}}},"fnMap":{"0":{"name":"(anonymous_0)","decl":{"start":{"line":6,"column":18},"end":{"line":6,"column":19}},"loc":{"start":{"line":7,"column":2},"end":{"line":7,"column":19}},"line":7}},"branchMap":{},"s":{"0":1,"1":1},"f":{"0":1},"b":{},"_coverageSchema":"332fd63041d2c1bcb487cc26dd0d5f7d97098a6c","hash":"f6a90d01d05ad080a71799264ac8a0e42805367c"}
,"/Users/PhilSkiiiwalker/Desktop/BrightEventsReactApp/src/Components/CreateEvent/CreateEvent.js": {"path":"/Users/PhilSkiiiwalker/Desktop/BrightEventsReactApp/src/Components/CreateEvent/CreateEvent.js","statementMap":{"0":{"start":{"line":12,"column":4},"end":{"line":12,"column":17}},"1":{"start":{"line":13,"column":4},"end":{"line":19,"column":6}},"2":{"start":{"line":20,"column":4},"end":{"line":20,"column":44}},"3":{"start":{"line":21,"column":4},"end":{"line":21,"column":56}},"4":{"start":{"line":25,"column":6},"end":{"line":27,"column":8}},"5":{"start":{"line":28,"column":6},"end":{"line":30,"column":8}},"6":{"start":{"line":37,"column":4},"end":{"line":37,"column":50}},"7":{"start":{"line":44,"column":6},"end":{"line":44,"column":29}},"8":{"start":{"line":45,"column":24},"end":{"line":50,"column":7}},"9":{"start":{"line":51,"column":6},"end":{"line":59,"column":8}},"10":{"start":{"line":60,"column":6},"end":{"line":62,"column":8}},"11":{"start":{"line":66,"column":4},"end":{"line":135,"column":6}}},"fnMap":{"0":{"name":"(anonymous_0)","decl":{"start":{"line":11,"column":2},"end":{"line":11,"column":3}},"loc":{"start":{"line":11,"column":20},"end":{"line":22,"column":3}},"line":11},"1":{"name":"(anonymous_1)","decl":{"start":{"line":24,"column":2},"end":{"line":24,"column":3}},"loc":{"start":{"line":24,"column":22},"end":{"line":31,"column":3}},"line":24},"2":{"name":"(anonymous_2)","decl":{"start":{"line":36,"column":2},"end":{"line":36,"column":3}},"loc":{"start":{"line":36,"column":24},"end":{"line":38,"column":3}},"line":36},"3":{"name":"(anonymous_3)","decl":{"start":{"line":43,"column":13},"end":{"line":43,"column":14}},"loc":{"start":{"line":43,"column":24},"end":{"line":63,"column":3}},"line":43},"4":{"name":"(anonymous_4)","decl":{"start":{"line":65,"column":2},"end":{"line":65,"column":3}},"loc":{"start":{"line":65,"column":10},"end":{"line":136,"column":3}},"line":65}},"branchMap":{"0":{"loc":{"start":{"line":25,"column":6},"end":{"line":27,"column":8}},"type":"binary-expr","locations":[{"start":{"line":25,"column":6},"end":{"line":25,"column":50}},{"start":{"line":25,"column":54},"end":{"line":27,"column":8}}],"line":25},"1":{"loc":{"start":{"line":28,"column":6},"end":{"line":30,"column":8}},"type":"binary-expr","locations":[{"start":{"line":28,"column":6},"end":{"line":28,"column":39}},{"start":{"line":28,"column":43},"end":{"line":30,"column":8}}],"line":28},"2":{"loc":{"start":{"line":78,"column":16},"end":{"line":81,"column":18}},"type":"cond-expr","locations":[{"start":{"line":79,"column":16},"end":{"line":79,"column":72}},{"start":{"line":81,"column":16},"end":{"line":81,"column":18}}],"line":78},"3":{"loc":{"start":{"line":93,"column":26},"end":{"line":97,"column":28}},"type":"cond-expr","locations":[{"start":{"line":94,"column":26},"end":{"line":96,"column":34}},{"start":{"line":97,"column":26},"end":{"line":97,"column":28}}],"line":93}},"s":{"0":2,"1":2,"2":2,"3":2,"4":2,"5":2,"6":0,"7":0,"8":0,"9":0,"10":0,"11":2},"f":{"0":2,"1":2,"2":0,"3":0,"4":2},"b":{"0":[2,0],"1":[2,0],"2":[0,2],"3":[0,2]},"_coverageSchema":"332fd63041d2c1bcb487cc26dd0d5f7d97098a6c","hash":"8c16cafbb753b2785ee33be9d99a52381f58a2c9"}
,"/Users/PhilSkiiiwalker/Desktop/BrightEventsReactApp/src/Components/DashBoard/Dashboard.js": {"path":"/Users/PhilSkiiiwalker/Desktop/BrightEventsReactApp/src/Components/DashBoard/Dashboard.js","statementMap":{"0":{"start":{"line":11,"column":4},"end":{"line":11,"column":17}},"1":{"start":{"line":12,"column":4},"end":{"line":15,"column":6}},"2":{"start":{"line":16,"column":4},"end":{"line":16,"column":55}},"3":{"start":{"line":20,"column":4},"end":{"line":22,"column":6}},"4":{"start":{"line":29,"column":4},"end":{"line":31,"column":7}},"5":{"start":{"line":35,"column":4},"end":{"line":76,"column":6}}},"fnMap":{"0":{"name":"(anonymous_0)","decl":{"start":{"line":10,"column":2},"end":{"line":10,"column":3}},"loc":{"start":{"line":10,"column":21},"end":{"line":17,"column":3}},"line":10},"1":{"name":"(anonymous_1)","decl":{"start":{"line":19,"column":2},"end":{"line":19,"column":3}},"loc":{"start":{"line":19,"column":23},"end":{"line":23,"column":3}},"line":19},"2":{"name":"(anonymous_2)","decl":{"start":{"line":28,"column":2},"end":{"line":28,"column":3}},"loc":{"start":{"line":28,"column":18},"end":{"line":32,"column":3}},"line":28},"3":{"name":"(anonymous_3)","decl":{"start":{"line":34,"column":2},"end":{"line":34,"column":3}},"loc":{"start":{"line":34,"column":11},"end":{"line":77,"column":3}},"line":34}},"branchMap":{"0":{"loc":{"start":{"line":20,"column":4},"end":{"line":22,"column":6}},"type":"binary-expr","locations":[{"start":{"line":20,"column":4},"end":{"line":20,"column":37}},{"start":{"line":20,"column":41},"end":{"line":22,"column":6}}],"line":20},"1":{"loc":{"start":{"line":38,"column":12},"end":{"line":40,"column":16}},"type":"cond-expr","locations":[{"start":{"line":39,"column":12},"end":{"line":39,"column":62}},{"start":{"line":40,"column":14},"end":{"line":40,"column":16}}],"line":38}},"s":{"0":1,"1":1,"2":1,"3":1,"4":0,"5":1},"f":{"0":1,"1":1,"2":0,"3":1},"b":{"0":[1,0],"1":[1,0]},"_coverageSchema":"332fd63041d2c1bcb487cc26dd0d5f7d97098a6c","hash":"f7066eeb6b4de67f7d85c46125a611bb73eec1a4"}
,"/Users/PhilSkiiiwalker/Desktop/BrightEventsReactApp/src/Components/DashBoard/DeleteModal.js": {"path":"/Users/PhilSkiiiwalker/Desktop/BrightEventsReactApp/src/Components/DashBoard/DeleteModal.js","statementMap":{"0":{"start":{"line":15,"column":4},"end":{"line":15,"column":17}},"1":{"start":{"line":16,"column":4},"end":{"line":19,"column":6}},"2":{"start":{"line":20,"column":4},"end":{"line":20,"column":51}},"3":{"start":{"line":21,"column":4},"end":{"line":21,"column":63}},"4":{"start":{"line":25,"column":4},"end":{"line":27,"column":7}},"5":{"start":{"line":28,"column":4},"end":{"line":30,"column":7}},"6":{"start":{"line":37,"column":4},"end":{"line":44,"column":7}},"7":{"start":{"line":45,"column":4},"end":{"line":47,"column":7}},"8":{"start":{"line":51,"column":4},"end":{"line":53,"column":7}},"9":{"start":{"line":57,"column":4},"end":{"line":71,"column":6}},"10":{"start":{"line":66,"column":50},"end":{"line":66,"column":100}}},"fnMap":{"0":{"name":"(anonymous_0)","decl":{"start":{"line":14,"column":2},"end":{"line":14,"column":3}},"loc":{"start":{"line":14,"column":21},"end":{"line":22,"column":3}},"line":14},"1":{"name":"(anonymous_1)","decl":{"start":{"line":24,"column":2},"end":{"line":24,"column":3}},"loc":{"start":{"line":24,"column":23},"end":{"line":31,"column":3}},"line":24},"2":{"name":"(anonymous_2)","decl":{"start":{"line":36,"column":2},"end":{"line":36,"column":3}},"loc":{"start":{"line":36,"column":25},"end":{"line":48,"column":3}},"line":36},"3":{"name":"(anonymous_3)","decl":{"start":{"line":50,"column":2},"end":{"line":50,"column":3}},"loc":{"start":{"line":50,"column":22},"end":{"line":54,"column":3}},"line":50},"4":{"name":"(anonymous_4)","decl":{"start":{"line":56,"column":2},"end":{"line":56,"column":3}},"loc":{"start":{"line":56,"column":11},"end":{"line":72,"column":3}},"line":56},"5":{"name":"(anonymous_5)","decl":{"start":{"line":66,"column":44},"end":{"line":66,"column":45}},"loc":{"start":{"line":66,"column":50},"end":{"line":66,"column":100}},"line":66}},"branchMap":{"0":{"loc":{"start":{"line":25,"column":4},"end":{"line":27,"column":6}},"type":"binary-expr","locations":[{"start":{"line":25,"column":4},"end":{"line":25,"column":48}},{"start":{"line":25,"column":52},"end":{"line":27,"column":6}}],"line":25},"1":{"loc":{"start":{"line":28,"column":4},"end":{"line":30,"column":6}},"type":"binary-expr","locations":[{"start":{"line":28,"column":4},"end":{"line":28,"column":37}},{"start":{"line":28,"column":41},"end":{"line":30,"column":6}}],"line":28}},"s":{"0":1,"1":1,"2":1,"3":1,"4":1,"5":1,"6":0,"7":0,"8":0,"9":1,"10":0},"f":{"0":1,"1":1,"2":0,"3":0,"4":1,"5":0},"b":{"0":[1,0],"1":[1,0]},"_coverageSchema":"332fd63041d2c1bcb487cc26dd0d5f7d97098a6c","hash":"07eb71c21411fb19c649474d4d2abfc5c8f0b899"}
,"/Users/PhilSkiiiwalker/Desktop/BrightEventsReactApp/src/Components/EditEvent/EditEvent.js": {"path":"/Users/PhilSkiiiwalker/Desktop/BrightEventsReactApp/src/Components/EditEvent/EditEvent.js","statementMap":{"0":{"start":{"line":22,"column":4},"end":{"line":22,"column":17}},"1":{"start":{"line":23,"column":4},"end":{"line":26,"column":6}},"2":{"start":{"line":27,"column":4},"end":{"line":27,"column":47}},"3":{"start":{"line":28,"column":4},"end":{"line":28,"column":59}},"4":{"start":{"line":32,"column":4},"end":{"line":34,"column":7}},"5":{"start":{"line":35,"column":6},"end":{"line":37,"column":7}},"6":{"start":{"line":44,"column":22},"end":{"line":49,"column":5}},"7":{"start":{"line":50,"column":4},"end":{"line":58,"column":7}},"8":{"start":{"line":59,"column":4},"end":{"line":61,"column":7}},"9":{"start":{"line":68,"column":4},"end":{"line":70,"column":7}},"10":{"start":{"line":74,"column":4},"end":{"line":134,"column":6}},"11":{"start":{"line":129,"column":51},"end":{"line":129,"column":99}}},"fnMap":{"0":{"name":"(anonymous_0)","decl":{"start":{"line":21,"column":2},"end":{"line":21,"column":3}},"loc":{"start":{"line":21,"column":21},"end":{"line":29,"column":3}},"line":21},"1":{"name":"(anonymous_1)","decl":{"start":{"line":31,"column":2},"end":{"line":31,"column":3}},"loc":{"start":{"line":31,"column":23},"end":{"line":38,"column":3}},"line":31},"2":{"name":"(anonymous_2)","decl":{"start":{"line":43,"column":2},"end":{"line":43,"column":3}},"loc":{"start":{"line":43,"column":23},"end":{"line":62,"column":3}},"line":43},"3":{"name":"(anonymous_3)","decl":{"start":{"line":67,"column":2},"end":{"line":67,"column":3}},"loc":{"start":{"line":67,"column":20},"end":{"line":71,"column":3}},"line":67},"4":{"name":"(anonymous_4)","decl":{"start":{"line":73,"column":2},"end":{"line":73,"column":3}},"loc":{"start":{"line":73,"column":11},"end":{"line":135,"column":3}},"line":73},"5":{"name":"(anonymous_5)","decl":{"start":{"line":129,"column":45},"end":{"line":129,"column":46}},"loc":{"start":{"line":129,"column":51},"end":{"line":129,"column":99}},"line":129}},"branchMap":{"0":{"loc":{"start":{"line":32,"column":4},"end":{"line":34,"column":6}},"type":"binary-expr","locations":[{"start":{"line":32,"column":4},"end":{"line":32,"column":48}},{"start":{"line":32,"column":52},"end":{"line":34,"column":6}}],"line":32},"1":{"loc":{"start":{"line":35,"column":6},"end":{"line":37,"column":6}},"type":"binary-expr","locations":[{"start":{"line":35,"column":6},"end":{"line":35,"column":39}},{"start":{"line":35,"column":43},"end":{"line":37,"column":6}}],"line":35}},"s":{"0":1,"1":1,"2":1,"3":1,"4":1,"5":1,"6":0,"7":0,"8":0,"9":0,"10":1,"11":0},"f":{"0":1,"1":1,"2":0,"3":0,"4":1,"5":0},"b":{"0":[1,0],"1":[1,0]},"_coverageSchema":"332fd63041d2c1bcb487cc26dd0d5f7d97098a6c","hash":"254a307d0a98591acd86acee116a9b7139919a77"}
,"/Users/PhilSkiiiwalker/Desktop/BrightEventsReactApp/src/Components/LandingPage/LandingPage.js": {"path":"/Users/PhilSkiiiwalker/Desktop/BrightEventsReactApp/src/Components/LandingPage/LandingPage.js","statementMap":{"0":{"start":{"line":11,"column":4},"end":{"line":11,"column":17}},"1":{"start":{"line":12,"column":4},"end":{"line":15,"column":6}},"2":{"start":{"line":19,"column":4},"end":{"line":21,"column":7}},"3":{"start":{"line":22,"column":4},"end":{"line":24,"column":7}},"4":{"start":{"line":28,"column":4},"end":{"line":46,"column":6}}},"fnMap":{"0":{"name":"(anonymous_0)","decl":{"start":{"line":10,"column":2},"end":{"line":10,"column":3}},"loc":{"start":{"line":10,"column":21},"end":{"line":16,"column":3}},"line":10},"1":{"name":"(anonymous_1)","decl":{"start":{"line":18,"column":2},"end":{"line":18,"column":3}},"loc":{"start":{"line":18,"column":23},"end":{"line":25,"column":3}},"line":18},"2":{"name":"(anonymous_2)","decl":{"start":{"line":27,"column":2},"end":{"line":27,"column":3}},"loc":{"start":{"line":27,"column":11},"end":{"line":47,"column":3}},"line":27}},"branchMap":{"0":{"loc":{"start":{"line":19,"column":4},"end":{"line":21,"column":6}},"type":"binary-expr","locations":[{"start":{"line":19,"column":4},"end":{"line":19,"column":48}},{"start":{"line":19,"column":52},"end":{"line":21,"column":6}}],"line":19},"1":{"loc":{"start":{"line":22,"column":4},"end":{"line":24,"column":6}},"type":"binary-expr","locations":[{"start":{"line":22,"column":4},"end":{"line":22,"column":37}},{"start":{"line":22,"column":41},"end":{"line":24,"column":6}}],"line":22}},"s":{"0":1,"1":1,"2":1,"3":1,"4":1},"f":{"0":1,"1":1,"2":1},"b":{"0":[1,0],"1":[1,0]},"_coverageSchema":"332fd63041d2c1bcb487cc26dd0d5f7d97098a6c","hash":"81e7023493ce7ceff74a81666763d7aabd5e6c5c"}
,"/Users/PhilSkiiiwalker/Desktop/BrightEventsReactApp/src/Components/Login/Login.js": {"path":"/Users/PhilSkiiiwalker/Desktop/BrightEventsReactApp/src/Components/Login/Login.js","statementMap":{"0":{"start":{"line":13,"column":4},"end":{"line":13,"column":17}},"1":{"start":{"line":14,"column":4},"end":{"line":14,"column":45}},"2":{"start":{"line":21,"column":4},"end":{"line":21,"column":27}},"3":{"start":{"line":22,"column":17},"end":{"line":25,"column":5}},"4":{"start":{"line":26,"column":4},"end":{"line":50,"column":9}},"5":{"start":{"line":34,"column":24},"end":{"line":34,"column":39}},"6":{"start":{"line":36,"column":8},"end":{"line":36,"column":76}},"7":{"start":{"line":37,"column":8},"end":{"line":37,"column":57}},"8":{"start":{"line":38,"column":8},"end":{"line":49,"column":9}},"9":{"start":{"line":39,"column":10},"end":{"line":39,"column":65}},"10":{"start":{"line":41,"column":10},"end":{"line":48,"column":13}},"11":{"start":{"line":53,"column":4},"end":{"line":84,"column":6}}},"fnMap":{"0":{"name":"(anonymous_0)","decl":{"start":{"line":12,"column":2},"end":{"line":12,"column":3}},"loc":{"start":{"line":12,"column":21},"end":{"line":15,"column":3}},"line":12},"1":{"name":"(anonymous_1)","decl":{"start":{"line":20,"column":2},"end":{"line":20,"column":3}},"loc":{"start":{"line":20,"column":18},"end":{"line":51,"column":3}},"line":20},"2":{"name":"(anonymous_2)","decl":{"start":{"line":34,"column":12},"end":{"line":34,"column":13}},"loc":{"start":{"line":34,"column":24},"end":{"line":34,"column":39}},"line":34},"3":{"name":"(anonymous_3)","decl":{"start":{"line":35,"column":12},"end":{"line":35,"column":13}},"loc":{"start":{"line":35,"column":26},"end":{"line":50,"column":7}},"line":35},"4":{"name":"(anonymous_4)","decl":{"start":{"line":52,"column":2},"end":{"line":52,"column":3}},"loc":{"start":{"line":52,"column":11},"end":{"line":85,"column":3}},"line":52}},"branchMap":{"0":{"loc":{"start":{"line":38,"column":8},"end":{"line":49,"column":9}},"type":"if","locations":[{"start":{"line":38,"column":8},"end":{"line":49,"column":9}},{"start":{"line":38,"column":8},"end":{"line":49,"column":9}}],"line":38}},"s":{"0":1,"1":1,"2":0,"3":0,"4":0,"5":0,"6":0,"7":0,"8":0,"9":0,"10":0,"11":1},"f":{"0":1,"1":0,"2":0,"3":0,"4":1},"b":{"0":[0,0]},"_coverageSchema":"332fd63041d2c1bcb487cc26dd0d5f7d97098a6c","hash":"bd8d14086b808e701b3f55486b6fcdf69c70344b"}
,"/Users/PhilSkiiiwalker/Desktop/BrightEventsReactApp/src/Components/MyGuests/MyGuests.js": {"path":"/Users/PhilSkiiiwalker/Desktop/BrightEventsReactApp/src/Components/MyGuests/MyGuests.js","statementMap":{"0":{"start":{"line":12,"column":4},"end":{"line":12,"column":17}},"1":{"start":{"line":13,"column":4},"end":{"line":18,"column":6}},"2":{"start":{"line":19,"column":4},"end":{"line":19,"column":41}},"3":{"start":{"line":23,"column":4},"end":{"line":25,"column":7}},"4":{"start":{"line":26,"column":4},"end":{"line":28,"column":7}},"5":{"start":{"line":32,"column":17},"end":{"line":32,"column":48}},"6":{"start":{"line":33,"column":4},"end":{"line":73,"column":59}},"7":{"start":{"line":41,"column":24},"end":{"line":41,"column":39}},"8":{"start":{"line":43,"column":8},"end":{"line":45,"column":11}},"9":{"start":{"line":46,"column":21},"end":{"line":46,"column":38}},"10":{"start":{"line":47,"column":8},"end":{"line":71,"column":9}},"11":{"start":{"line":48,"column":27},"end":{"line":48,"column":29}},"12":{"start":{"line":49,"column":10},"end":{"line":70,"column":11}},"13":{"start":{"line":50,"column":12},"end":{"line":69,"column":67}},"14":{"start":{"line":58,"column":32},"end":{"line":58,"column":47}},"15":{"start":{"line":60,"column":29},"end":{"line":60,"column":52}},"16":{"start":{"line":61,"column":16},"end":{"line":61,"column":54}},"17":{"start":{"line":62,"column":16},"end":{"line":62,"column":65}},"18":{"start":{"line":63,"column":16},"end":{"line":63,"column":68}},"19":{"start":{"line":64,"column":16},"end":{"line":64,"column":58}},"20":{"start":{"line":65,"column":16},"end":{"line":67,"column":19}},"21":{"start":{"line":69,"column":30},"end":{"line":69,"column":66}},"22":{"start":{"line":73,"column":22},"end":{"line":73,"column":58}},"23":{"start":{"line":77,"column":4},"end":{"line":79,"column":8}},"24":{"start":{"line":77,"column":32},"end":{"line":79,"column":5}},"25":{"start":{"line":83,"column":4},"end":{"line":122,"column":6}},"26":{"start":{"line":101,"column":11},"end":{"line":116,"column":16}}},"fnMap":{"0":{"name":"(anonymous_0)","decl":{"start":{"line":11,"column":2},"end":{"line":11,"column":3}},"loc":{"start":{"line":11,"column":21},"end":{"line":20,"column":3}},"line":11},"1":{"name":"(anonymous_1)","decl":{"start":{"line":22,"column":2},"end":{"line":22,"column":3}},"loc":{"start":{"line":22,"column":23},"end":{"line":29,"column":3}},"line":22},"2":{"name":"(anonymous_2)","decl":{"start":{"line":31,"column":2},"end":{"line":31,"column":3}},"loc":{"start":{"line":31,"column":22},"end":{"line":74,"column":3}},"line":31},"3":{"name":"(anonymous_3)","decl":{"start":{"line":41,"column":12},"end":{"line":41,"column":13}},"loc":{"start":{"line":41,"column":24},"end":{"line":41,"column":39}},"line":41},"4":{"name":"(anonymous_4)","decl":{"start":{"line":42,"column":12},"end":{"line":42,"column":13}},"loc":{"start":{"line":42,"column":26},"end":{"line":72,"column":7}},"line":42},"5":{"name":"(anonymous_5)","decl":{"start":{"line":49,"column":21},"end":{"line":49,"column":22}},"loc":{"start":{"line":50,"column":12},"end":{"line":69,"column":67}},"line":50},"6":{"name":"(anonymous_6)","decl":{"start":{"line":58,"column":20},"end":{"line":58,"column":21}},"loc":{"start":{"line":58,"column":32},"end":{"line":58,"column":47}},"line":58},"7":{"name":"(anonymous_7)","decl":{"start":{"line":59,"column":20},"end":{"line":59,"column":21}},"loc":{"start":{"line":59,"column":37},"end":{"line":68,"column":15}},"line":59},"8":{"name":"(anonymous_8)","decl":{"start":{"line":69,"column":21},"end":{"line":69,"column":22}},"loc":{"start":{"line":69,"column":30},"end":{"line":69,"column":66}},"line":69},"9":{"name":"(anonymous_9)","decl":{"start":{"line":73,"column":13},"end":{"line":73,"column":14}},"loc":{"start":{"line":73,"column":22},"end":{"line":73,"column":58}},"line":73},"10":{"name":"(anonymous_10)","decl":{"start":{"line":76,"column":2},"end":{"line":76,"column":3}},"loc":{"start":{"line":76,"column":11},"end":{"line":80,"column":3}},"line":76},"11":{"name":"(anonymous_11)","decl":{"start":{"line":77,"column":18},"end":{"line":77,"column":19}},"loc":{"start":{"line":77,"column":32},"end":{"line":79,"column":5}},"line":77},"12":{"name":"(anonymous_12)","decl":{"start":{"line":82,"column":2},"end":{"line":82,"column":3}},"loc":{"start":{"line":82,"column":11},"end":{"line":123,"column":3}},"line":82},"13":{"name":"(anonymous_13)","decl":{"start":{"line":100,"column":35},"end":{"line":100,"column":36}},"loc":{"start":{"line":101,"column":11},"end":{"line":116,"column":16}},"line":101}},"branchMap":{"0":{"loc":{"start":{"line":23,"column":4},"end":{"line":25,"column":6}},"type":"binary-expr","locations":[{"start":{"line":23,"column":4},"end":{"line":23,"column":48}},{"start":{"line":23,"column":52},"end":{"line":25,"column":6}}],"line":23},"1":{"loc":{"start":{"line":26,"column":4},"end":{"line":28,"column":6}},"type":"binary-expr","locations":[{"start":{"line":26,"column":4},"end":{"line":26,"column":37}},{"start":{"line":26,"column":41},"end":{"line":28,"column":6}}],"line":26},"2":{"loc":{"start":{"line":47,"column":8},"end":{"line":71,"column":9}},"type":"if","locations":[{"start":{"line":47,"column":8},"end":{"line":71,"column":9}},{"start":{"line":47,"column":8},"end":{"line":71,"column":9}}],"line":47}},"s":{"0":1,"1":1,"2":1,"3":1,"4":1,"5":1,"6":1,"7":0,"8":0,"9":0,"10":0,"11":0,"12":0,"13":0,"14":0,"15":0,"16":0,"17":0,"18":0,"19":0,"20":0,"21":0,"22":0,"23":0,"24":0,"25":1,"26":0},"f":{"0":1,"1":1,"2":1,"3":0,"4":0,"5":0,"6":0,"7":0,"8":0,"9":0,"10":0,"11":0,"12":1,"13":0},"b":{"0":[1,0],"1":[1,0],"2":[0,0]},"_coverageSchema":"332fd63041d2c1bcb487cc26dd0d5f7d97098a6c","hash":"ad5e6cc7dd58298da308622fb12efdc964dd4bf2"}
,"/Users/PhilSkiiiwalker/Desktop/BrightEventsReactApp/src/Components/Myrsvps/Myrsvps.js": {"path":"/Users/PhilSkiiiwalker/Desktop/BrightEventsReactApp/src/Components/Myrsvps/Myrsvps.js","statementMap":{"0":{"start":{"line":11,"column":4},"end":{"line":11,"column":17}},"1":{"start":{"line":12,"column":4},"end":{"line":16,"column":6}},"2":{"start":{"line":20,"column":4},"end":{"line":22,"column":7}},"3":{"start":{"line":23,"column":4},"end":{"line":25,"column":7}},"4":{"start":{"line":29,"column":4},"end":{"line":29,"column":21}},"5":{"start":{"line":36,"column":4},"end":{"line":43,"column":59}},"6":{"start":{"line":37,"column":24},"end":{"line":37,"column":39}},"7":{"start":{"line":39,"column":8},"end":{"line":41,"column":11}},"8":{"start":{"line":43,"column":22},"end":{"line":43,"column":58}},"9":{"start":{"line":46,"column":4},"end":{"line":68,"column":6}}},"fnMap":{"0":{"name":"(anonymous_0)","decl":{"start":{"line":10,"column":2},"end":{"line":10,"column":3}},"loc":{"start":{"line":10,"column":21},"end":{"line":17,"column":3}},"line":10},"1":{"name":"(anonymous_1)","decl":{"start":{"line":19,"column":2},"end":{"line":19,"column":3}},"loc":{"start":{"line":19,"column":23},"end":{"line":26,"column":3}},"line":19},"2":{"name":"(anonymous_2)","decl":{"start":{"line":28,"column":2},"end":{"line":28,"column":3}},"loc":{"start":{"line":28,"column":22},"end":{"line":30,"column":3}},"line":28},"3":{"name":"(anonymous_3)","decl":{"start":{"line":35,"column":2},"end":{"line":35,"column":3}},"loc":{"start":{"line":35,"column":14},"end":{"line":44,"column":3}},"line":35},"4":{"name":"(anonymous_4)","decl":{"start":{"line":37,"column":12},"end":{"line":37,"column":13}},"loc":{"start":{"line":37,"column":24},"end":{"line":37,"column":39}},"line":37},"5":{"name":"(anonymous_5)","decl":{"start":{"line":38,"column":12},"end":{"line":38,"column":13}},"loc":{"start":{"line":38,"column":26},"end":{"line":42,"column":7}},"line":38},"6":{"name":"(anonymous_6)","decl":{"start":{"line":43,"column":13},"end":{"line":43,"column":14}},"loc":{"start":{"line":43,"column":22},"end":{"line":43,"column":58}},"line":43},"7":{"name":"(anonymous_7)","decl":{"start":{"line":45,"column":2},"end":{"line":45,"column":3}},"loc":{"start":{"line":45,"column":11},"end":{"line":69,"column":3}},"line":45}},"branchMap":{"0":{"loc":{"start":{"line":20,"column":4},"end":{"line":22,"column":6}},"type":"binary-expr","locations":[{"start":{"line":20,"column":4},"end":{"line":20,"column":48}},{"start":{"line":20,"column":52},"end":{"line":22,"column":6}}],"line":20},"1":{"loc":{"start":{"line":23,"column":4},"end":{"line":25,"column":6}},"type":"binary-expr","locations":[{"start":{"line":23,"column":4},"end":{"line":23,"column":37}},{"start":{"line":23,"column":41},"end":{"line":25,"column":6}}],"line":23}},"s":{"0":1,"1":1,"2":1,"3":1,"4":1,"5":1,"6":1,"7":0,"8":1,"9":1},"f":{"0":1,"1":1,"2":1,"3":1,"4":1,"5":0,"6":1,"7":1},"b":{"0":[1,0],"1":[1,0]},"_coverageSchema":"332fd63041d2c1bcb487cc26dd0d5f7d97098a6c","hash":"4010a4885581fc28a96b06da02d554e843a1e682"}
,"/Users/PhilSkiiiwalker/Desktop/BrightEventsReactApp/src/Components/Navbar/Navbar.js": {"path":"/Users/PhilSkiiiwalker/Desktop/BrightEventsReactApp/src/Components/Navbar/Navbar.js","statementMap":{"0":{"start":{"line":9,"column":15},"end":{"line":31,"column":1}},"1":{"start":{"line":10,"column":2},"end":{"line":30,"column":8}}},"fnMap":{"0":{"name":"(anonymous_0)","decl":{"start":{"line":9,"column":15},"end":{"line":9,"column":16}},"loc":{"start":{"line":10,"column":2},"end":{"line":30,"column":8}},"line":10}},"branchMap":{"0":{"loc":{"start":{"line":20,"column":8},"end":{"line":23,"column":10}},"type":"cond-expr","locations":[{"start":{"line":21,"column":10},"end":{"line":21,"column":55}},{"start":{"line":23,"column":8},"end":{"line":23,"column":10}}],"line":20}},"s":{"0":9,"1":1},"f":{"0":1},"b":{"0":[0,1]},"_coverageSchema":"332fd63041d2c1bcb487cc26dd0d5f7d97098a6c","hash":"ee5893141f8803f99b8d02099feea76b7b65a7b5"}
,"/Users/PhilSkiiiwalker/Desktop/BrightEventsReactApp/src/Components/NavbarOptions/NavbarOptions.js": {"path":"/Users/PhilSkiiiwalker/Desktop/BrightEventsReactApp/src/Components/NavbarOptions/NavbarOptions.js","statementMap":{"0":{"start":{"line":13,"column":4},"end":{"line":13,"column":17}},"1":{"start":{"line":14,"column":4},"end":{"line":17,"column":6}},"2":{"start":{"line":18,"column":4},"end":{"line":18,"column":41}},"3":{"start":{"line":19,"column":4},"end":{"line":19,"column":41}},"4":{"start":{"line":23,"column":4},"end":{"line":24,"column":43}},"5":{"start":{"line":28,"column":4},"end":{"line":30,"column":5}},"6":{"start":{"line":29,"column":6},"end":{"line":29,"column":25}},"7":{"start":{"line":37,"column":4},"end":{"line":44,"column":7}},"8":{"start":{"line":45,"column":4},"end":{"line":45,"column":41}},"9":{"start":{"line":46,"column":4},"end":{"line":46,"column":52}},"10":{"start":{"line":47,"column":4},"end":{"line":49,"column":7}},"11":{"start":{"line":56,"column":4},"end":{"line":58,"column":8}},"12":{"start":{"line":56,"column":32},"end":{"line":58,"column":5}},"13":{"start":{"line":59,"column":4},"end":{"line":59,"column":23}},"14":{"start":{"line":62,"column":4},"end":{"line":75,"column":6}},"15":{"start":{"line":72,"column":39},"end":{"line":72,"column":52}}},"fnMap":{"0":{"name":"(anonymous_0)","decl":{"start":{"line":12,"column":2},"end":{"line":12,"column":3}},"loc":{"start":{"line":12,"column":21},"end":{"line":20,"column":3}},"line":12},"1":{"name":"(anonymous_1)","decl":{"start":{"line":22,"column":2},"end":{"line":22,"column":3}},"loc":{"start":{"line":22,"column":46},"end":{"line":25,"column":3}},"line":22},"2":{"name":"(anonymous_2)","decl":{"start":{"line":27,"column":2},"end":{"line":27,"column":3}},"loc":{"start":{"line":27,"column":24},"end":{"line":31,"column":3}},"line":27},"3":{"name":"(anonymous_3)","decl":{"start":{"line":36,"column":2},"end":{"line":36,"column":3}},"loc":{"start":{"line":36,"column":11},"end":{"line":50,"column":3}},"line":36},"4":{"name":"(anonymous_4)","decl":{"start":{"line":55,"column":2},"end":{"line":55,"column":3}},"loc":{"start":{"line":55,"column":11},"end":{"line":60,"column":3}},"line":55},"5":{"name":"(anonymous_5)","decl":{"start":{"line":56,"column":18},"end":{"line":56,"column":19}},"loc":{"start":{"line":56,"column":32},"end":{"line":58,"column":5}},"line":56},"6":{"name":"(anonymous_6)","decl":{"start":{"line":61,"column":2},"end":{"line":61,"column":3}},"loc":{"start":{"line":61,"column":11},"end":{"line":76,"column":3}},"line":61},"7":{"name":"(anonymous_7)","decl":{"start":{"line":72,"column":33},"end":{"line":72,"column":34}},"loc":{"start":{"line":72,"column":39},"end":{"line":72,"column":52}},"line":72}},"branchMap":{"0":{"loc":{"start":{"line":23,"column":11},"end":{"line":24,"column":42}},"type":"binary-expr","locations":[{"start":{"line":23,"column":11},"end":{"line":23,"column":57}},{"start":{"line":24,"column":6},"end":{"line":24,"column":42}}],"line":23},"1":{"loc":{"start":{"line":28,"column":4},"end":{"line":30,"column":5}},"type":"if","locations":[{"start":{"line":28,"column":4},"end":{"line":30,"column":5}},{"start":{"line":28,"column":4},"end":{"line":30,"column":5}}],"line":28}},"s":{"0":1,"1":1,"2":1,"3":1,"4":0,"5":0,"6":0,"7":0,"8":0,"9":0,"10":0,"11":0,"12":0,"13":0,"14":1,"15":0},"f":{"0":1,"1":0,"2":0,"3":0,"4":0,"5":0,"6":1,"7":0},"b":{"0":[0,0],"1":[0,0]},"_coverageSchema":"332fd63041d2c1bcb487cc26dd0d5f7d97098a6c","hash":"d473e61dc284579ea517ea6d414166ace27c0964"}
,"/Users/PhilSkiiiwalker/Desktop/BrightEventsReactApp/src/Components/Pagination/paginate.js": {"path":"/Users/PhilSkiiiwalker/Desktop/BrightEventsReactApp/src/Components/Pagination/paginate.js","statementMap":{"0":{"start":{"line":6,"column":4},"end":{"line":6,"column":17}},"1":{"start":{"line":7,"column":4},"end":{"line":10,"column":6}},"2":{"start":{"line":13,"column":4},"end":{"line":47,"column":6}}},"fnMap":{"0":{"name":"(anonymous_0)","decl":{"start":{"line":5,"column":2},"end":{"line":5,"column":3}},"loc":{"start":{"line":5,"column":21},"end":{"line":11,"column":3}},"line":5},"1":{"name":"(anonymous_1)","decl":{"start":{"line":12,"column":2},"end":{"line":12,"column":3}},"loc":{"start":{"line":12,"column":11},"end":{"line":48,"column":3}},"line":12}},"branchMap":{},"s":{"0":1,"1":1,"2":1},"f":{"0":1,"1":1},"b":{},"_coverageSchema":"332fd63041d2c1bcb487cc26dd0d5f7d97098a6c","hash":"3cde1e0fffb1a6f1cc5157c437d30d5439b27f46"}
,"/Users/PhilSkiiiwalker/Desktop/BrightEventsReactApp/src/Components/Register/Register.js": {"path":"/Users/PhilSkiiiwalker/Desktop/BrightEventsReactApp/src/Components/Register/Register.js","statementMap":{"0":{"start":{"line":14,"column":4},"end":{"line":14,"column":17}},"1":{"start":{"line":15,"column":4},"end":{"line":17,"column":6}},"2":{"start":{"line":18,"column":4},"end":{"line":18,"column":59}},"3":{"start":{"line":25,"column":4},"end":{"line":25,"column":27}},"4":{"start":{"line":26,"column":20},"end":{"line":31,"column":5}},"5":{"start":{"line":33,"column":4},"end":{"line":57,"column":9}},"6":{"start":{"line":41,"column":24},"end":{"line":41,"column":39}},"7":{"start":{"line":43,"column":8},"end":{"line":56,"column":9}},"8":{"start":{"line":44,"column":10},"end":{"line":46,"column":13}},"9":{"start":{"line":48,"column":10},"end":{"line":55,"column":13}},"10":{"start":{"line":61,"column":4},"end":{"line":108,"column":6}}},"fnMap":{"0":{"name":"(anonymous_0)","decl":{"start":{"line":13,"column":2},"end":{"line":13,"column":3}},"loc":{"start":{"line":13,"column":21},"end":{"line":19,"column":3}},"line":13},"1":{"name":"(anonymous_1)","decl":{"start":{"line":24,"column":2},"end":{"line":24,"column":3}},"loc":{"start":{"line":24,"column":25},"end":{"line":58,"column":3}},"line":24},"2":{"name":"(anonymous_2)","decl":{"start":{"line":41,"column":12},"end":{"line":41,"column":13}},"loc":{"start":{"line":41,"column":24},"end":{"line":41,"column":39}},"line":41},"3":{"name":"(anonymous_3)","decl":{"start":{"line":42,"column":12},"end":{"line":42,"column":13}},"loc":{"start":{"line":42,"column":26},"end":{"line":57,"column":7}},"line":42},"4":{"name":"(anonymous_4)","decl":{"start":{"line":60,"column":2},"end":{"line":60,"column":3}},"loc":{"start":{"line":60,"column":11},"end":{"line":109,"column":3}},"line":60}},"branchMap":{"0":{"loc":{"start":{"line":43,"column":8},"end":{"line":56,"column":9}},"type":"if","locations":[{"start":{"line":43,"column":8},"end":{"line":56,"column":9}},{"start":{"line":43,"column":8},"end":{"line":56,"column":9}}],"line":43},"1":{"loc":{"start":{"line":73,"column":26},"end":{"line":77,"column":30}},"type":"cond-expr","locations":[{"start":{"line":74,"column":28},"end":{"line":76,"column":36}},{"start":{"line":77,"column":28},"end":{"line":77,"column":30}}],"line":73}},"s":{"0":1,"1":1,"2":1,"3":0,"4":0,"5":0,"6":0,"7":0,"8":0,"9":0,"10":1},"f":{"0":1,"1":0,"2":0,"3":0,"4":1},"b":{"0":[0,0],"1":[0,1]},"_coverageSchema":"332fd63041d2c1bcb487cc26dd0d5f7d97098a6c","hash":"d2cc6d86ce540c4e7ce101362e49e3f06048ed40"}
,"/Users/PhilSkiiiwalker/Desktop/BrightEventsReactApp/src/Components/ResetPassword/ResetPassword.js": {"path":"/Users/PhilSkiiiwalker/Desktop/BrightEventsReactApp/src/Components/ResetPassword/ResetPassword.js","statementMap":{"0":{"start":{"line":7,"column":4},"end":{"line":7,"column":17}},"1":{"start":{"line":8,"column":4},"end":{"line":10,"column":6}},"2":{"start":{"line":11,"column":4},"end":{"line":11,"column":51}},"3":{"start":{"line":14,"column":23},"end":{"line":17,"column":5}},"4":{"start":{"line":18,"column":4},"end":{"line":31,"column":9}},"5":{"start":{"line":26,"column":24},"end":{"line":26,"column":39}},"6":{"start":{"line":28,"column":8},"end":{"line":30,"column":11}},"7":{"start":{"line":37,"column":4},"end":{"line":50,"column":6}}},"fnMap":{"0":{"name":"(anonymous_0)","decl":{"start":{"line":6,"column":2},"end":{"line":6,"column":3}},"loc":{"start":{"line":6,"column":21},"end":{"line":12,"column":3}},"line":6},"1":{"name":"(anonymous_1)","decl":{"start":{"line":13,"column":2},"end":{"line":13,"column":3}},"loc":{"start":{"line":13,"column":16},"end":{"line":32,"column":3}},"line":13},"2":{"name":"(anonymous_2)","decl":{"start":{"line":26,"column":12},"end":{"line":26,"column":13}},"loc":{"start":{"line":26,"column":24},"end":{"line":26,"column":39}},"line":26},"3":{"name":"(anonymous_3)","decl":{"start":{"line":27,"column":12},"end":{"line":27,"column":13}},"loc":{"start":{"line":27,"column":26},"end":{"line":31,"column":7}},"line":27},"4":{"name":"(anonymous_4)","decl":{"start":{"line":36,"column":2},"end":{"line":36,"column":3}},"loc":{"start":{"line":36,"column":11},"end":{"line":51,"column":3}},"line":36}},"branchMap":{},"s":{"0":1,"1":1,"2":1,"3":0,"4":0,"5":0,"6":0,"7":1},"f":{"0":1,"1":0,"2":0,"3":0,"4":1},"b":{},"_coverageSchema":"332fd63041d2c1bcb487cc26dd0d5f7d97098a6c","hash":"d4cca3d43e6db2c9be27461994557ac873576701"}
,"/Users/PhilSkiiiwalker/Desktop/BrightEventsReactApp/src/Components/SearchPage/SearchPage.js": {"path":"/Users/PhilSkiiiwalker/Desktop/BrightEventsReactApp/src/Components/SearchPage/SearchPage.js","statementMap":{"0":{"start":{"line":29,"column":4},"end":{"line":29,"column":17}},"1":{"start":{"line":30,"column":4},"end":{"line":35,"column":6}},"2":{"start":{"line":36,"column":4},"end":{"line":36,"column":47}},"3":{"start":{"line":37,"column":4},"end":{"line":37,"column":57}},"4":{"start":{"line":38,"column":4},"end":{"line":38,"column":45}},"5":{"start":{"line":42,"column":4},"end":{"line":44,"column":7}},"6":{"start":{"line":45,"column":4},"end":{"line":47,"column":7}},"7":{"start":{"line":55,"column":4},"end":{"line":55,"column":23}},"8":{"start":{"line":56,"column":25},"end":{"line":58,"column":5}},"9":{"start":{"line":59,"column":4},"end":{"line":73,"column":60}},"10":{"start":{"line":67,"column":24},"end":{"line":67,"column":39}},"11":{"start":{"line":69,"column":8},"end":{"line":71,"column":11}},"12":{"start":{"line":73,"column":22},"end":{"line":73,"column":58}},"13":{"start":{"line":80,"column":4},"end":{"line":102,"column":5}},"14":{"start":{"line":81,"column":20},"end":{"line":81,"column":48}},"15":{"start":{"line":82,"column":6},"end":{"line":101,"column":11}},"16":{"start":{"line":91,"column":26},"end":{"line":91,"column":41}},"17":{"start":{"line":93,"column":10},"end":{"line":100,"column":13}},"18":{"start":{"line":109,"column":4},"end":{"line":109,"column":52}},"19":{"start":{"line":113,"column":4},"end":{"line":175,"column":6}},"20":{"start":{"line":143,"column":12},"end":{"line":165,"column":18}},"21":{"start":{"line":157,"column":55},"end":{"line":157,"column":87}},"22":{"start":{"line":161,"column":68},"end":{"line":161,"column":100}}},"fnMap":{"0":{"name":"(anonymous_0)","decl":{"start":{"line":28,"column":2},"end":{"line":28,"column":3}},"loc":{"start":{"line":28,"column":21},"end":{"line":39,"column":3}},"line":28},"1":{"name":"(anonymous_1)","decl":{"start":{"line":41,"column":2},"end":{"line":41,"column":3}},"loc":{"start":{"line":41,"column":23},"end":{"line":48,"column":3}},"line":41},"2":{"name":"(anonymous_2)","decl":{"start":{"line":54,"column":2},"end":{"line":54,"column":3}},"loc":{"start":{"line":54,"column":15},"end":{"line":74,"column":3}},"line":54},"3":{"name":"(anonymous_3)","decl":{"start":{"line":67,"column":12},"end":{"line":67,"column":13}},"loc":{"start":{"line":67,"column":24},"end":{"line":67,"column":39}},"line":67},"4":{"name":"(anonymous_4)","decl":{"start":{"line":68,"column":12},"end":{"line":68,"column":13}},"loc":{"start":{"line":68,"column":26},"end":{"line":72,"column":7}},"line":68},"5":{"name":"(anonymous_5)","decl":{"start":{"line":73,"column":13},"end":{"line":73,"column":14}},"loc":{"start":{"line":73,"column":22},"end":{"line":73,"column":58}},"line":73},"6":{"name":"(anonymous_6)","decl":{"start":{"line":79,"column":2},"end":{"line":79,"column":3}},"loc":{"start":{"line":79,"column":24},"end":{"line":103,"column":3}},"line":79},"7":{"name":"(anonymous_7)","decl":{"start":{"line":91,"column":14},"end":{"line":91,"column":15}},"loc":{"start":{"line":91,"column":26},"end":{"line":91,"column":41}},"line":91},"8":{"name":"(anonymous_8)","decl":{"start":{"line":92,"column":14},"end":{"line":92,"column":15}},"loc":{"start":{"line":92,"column":28},"end":{"line":101,"column":9}},"line":92},"9":{"name":"(anonymous_9)","decl":{"start":{"line":108,"column":2},"end":{"line":108,"column":3}},"loc":{"start":{"line":108,"column":24},"end":{"line":110,"column":3}},"line":108},"10":{"name":"(anonymous_10)","decl":{"start":{"line":112,"column":2},"end":{"line":112,"column":3}},"loc":{"start":{"line":112,"column":11},"end":{"line":176,"column":3}},"line":112},"11":{"name":"(anonymous_11)","decl":{"start":{"line":142,"column":34},"end":{"line":142,"column":35}},"loc":{"start":{"line":143,"column":12},"end":{"line":165,"column":18}},"line":143},"12":{"name":"(anonymous_12)","decl":{"start":{"line":157,"column":49},"end":{"line":157,"column":50}},"loc":{"start":{"line":157,"column":55},"end":{"line":157,"column":87}},"line":157},"13":{"name":"(anonymous_13)","decl":{"start":{"line":161,"column":62},"end":{"line":161,"column":63}},"loc":{"start":{"line":161,"column":68},"end":{"line":161,"column":100}},"line":161}},"branchMap":{"0":{"loc":{"start":{"line":42,"column":4},"end":{"line":44,"column":6}},"type":"binary-expr","locations":[{"start":{"line":42,"column":4},"end":{"line":42,"column":48}},{"start":{"line":42,"column":52},"end":{"line":44,"column":6}}],"line":42},"1":{"loc":{"start":{"line":45,"column":4},"end":{"line":47,"column":6}},"type":"binary-expr","locations":[{"start":{"line":45,"column":4},"end":{"line":45,"column":37}},{"start":{"line":45,"column":41},"end":{"line":47,"column":6}}],"line":45},"2":{"loc":{"start":{"line":80,"column":4},"end":{"line":102,"column":5}},"type":"if","locations":[{"start":{"line":80,"column":4},"end":{"line":102,"column":5}},{"start":{"line":80,"column":4},"end":{"line":102,"column":5}}],"line":80},"3":{"loc":{"start":{"line":139,"column":10},"end":{"line":171,"column":20}},"type":"cond-expr","locations":[{"start":{"line":140,"column":12},"end":{"line":168,"column":23}},{"start":{"line":169,"column":12},"end":{"line":171,"column":20}}],"line":139},"4":{"loc":{"start":{"line":155,"column":21},"end":{"line":161,"column":120}},"type":"cond-expr","locations":[{"start":{"line":156,"column":20},"end":{"line":160,"column":34}},{"start":{"line":161,"column":20},"end":{"line":161,"column":120}}],"line":155}},"s":{"0":1,"1":1,"2":1,"3":1,"4":1,"5":1,"6":1,"7":0,"8":0,"9":0,"10":0,"11":0,"12":0,"13":0,"14":0,"15":0,"16":0,"17":0,"18":0,"19":1,"20":0,"21":0,"22":0},"f":{"0":1,"1":1,"2":0,"3":0,"4":0,"5":0,"6":0,"7":0,"8":0,"9":0,"10":1,"11":0,"12":0,"13":0},"b":{"0":[1,0],"1":[1,0],"2":[0,0],"3":[1,0],"4":[0,0]},"_coverageSchema":"332fd63041d2c1bcb487cc26dd0d5f7d97098a6c","hash":"cfe232152137ccc39c95f6cdc565e748033f4089"}
,"/Users/PhilSkiiiwalker/Desktop/BrightEventsReactApp/src/Components/Settings/Settings.js": {"path":"/Users/PhilSkiiiwalker/Desktop/BrightEventsReactApp/src/Components/Settings/Settings.js","statementMap":{"0":{"start":{"line":7,"column":17},"end":{"line":9,"column":1}},"1":{"start":{"line":8,"column":2},"end":{"line":8,"column":20}}},"fnMap":{"0":{"name":"(anonymous_0)","decl":{"start":{"line":7,"column":17},"end":{"line":7,"column":18}},"loc":{"start":{"line":8,"column":2},"end":{"line":8,"column":20}},"line":8}},"branchMap":{},"s":{"0":1,"1":1},"f":{"0":1},"b":{},"_coverageSchema":"332fd63041d2c1bcb487cc26dd0d5f7d97098a6c","hash":"b533e692736a17b4c58f4ae05343fb531bf2a35e"}
,"/Users/PhilSkiiiwalker/Desktop/BrightEventsReactApp/src/Components/Sidebar/Sidebar.js": {"path":"/Users/PhilSkiiiwalker/Desktop/BrightEventsReactApp/src/Components/Sidebar/Sidebar.js","statementMap":{"0":{"start":{"line":7,"column":15},"end":{"line":20,"column":1}},"1":{"start":{"line":8,"column":16},"end":{"line":8,"column":60}},"2":{"start":{"line":9,"column":2},"end":{"line":16,"column":5}},"3":{"start":{"line":17,"column":2},"end":{"line":17,"column":39}},"4":{"start":{"line":18,"column":2},"end":{"line":18,"column":50}},"5":{"start":{"line":19,"column":4},"end":{"line":19,"column":46}},"6":{"start":{"line":25,"column":16},"end":{"line":60,"column":1}},"7":{"start":{"line":26,"column":2},"end":{"line":59,"column":8}},"8":{"start":{"line":56,"column":42},"end":{"line":56,"column":50}}},"fnMap":{"0":{"name":"(anonymous_0)","decl":{"start":{"line":7,"column":15},"end":{"line":7,"column":16}},"loc":{"start":{"line":7,"column":21},"end":{"line":20,"column":1}},"line":7},"1":{"name":"(anonymous_1)","decl":{"start":{"line":25,"column":16},"end":{"line":25,"column":17}},"loc":{"start":{"line":26,"column":2},"end":{"line":59,"column":8}},"line":26},"2":{"name":"(anonymous_2)","decl":{"start":{"line":56,"column":36},"end":{"line":56,"column":37}},"loc":{"start":{"line":56,"column":42},"end":{"line":56,"column":50}},"line":56}},"branchMap":{},"s":{"0":2,"1":0,"2":0,"3":0,"4":0,"5":0,"6":2,"7":1,"8":0},"f":{"0":0,"1":1,"2":0},"b":{},"_coverageSchema":"332fd63041d2c1bcb487cc26dd0d5f7d97098a6c","hash":"dec1fe0b10578e13a6ea269dafba8b2f5faceea2"}
,"/Users/PhilSkiiiwalker/Desktop/BrightEventsReactApp/src/Components/ViewEvents/Events.js": {"path":"/Users/PhilSkiiiwalker/Desktop/BrightEventsReactApp/src/Components/ViewEvents/Events.js","statementMap":{"0":{"start":{"line":26,"column":4},"end":{"line":26,"column":17}},"1":{"start":{"line":27,"column":4},"end":{"line":31,"column":6}},"2":{"start":{"line":32,"column":4},"end":{"line":32,"column":57}},"3":{"start":{"line":36,"column":4},"end":{"line":38,"column":7}},"4":{"start":{"line":39,"column":4},"end":{"line":41,"column":7}},"5":{"start":{"line":45,"column":4},"end":{"line":45,"column":21}},"6":{"start":{"line":52,"column":4},"end":{"line":59,"column":60}},"7":{"start":{"line":53,"column":24},"end":{"line":53,"column":39}},"8":{"start":{"line":55,"column":8},"end":{"line":57,"column":11}},"9":{"start":{"line":59,"column":22},"end":{"line":59,"column":58}},"10":{"start":{"line":66,"column":4},"end":{"line":88,"column":5}},"11":{"start":{"line":67,"column":20},"end":{"line":67,"column":48}},"12":{"start":{"line":68,"column":6},"end":{"line":87,"column":11}},"13":{"start":{"line":77,"column":26},"end":{"line":77,"column":41}},"14":{"start":{"line":79,"column":10},"end":{"line":86,"column":13}},"15":{"start":{"line":92,"column":4},"end":{"line":128,"column":6}},"16":{"start":{"line":100,"column":12},"end":{"line":122,"column":18}},"17":{"start":{"line":114,"column":55},"end":{"line":114,"column":87}},"18":{"start":{"line":118,"column":68},"end":{"line":118,"column":100}}},"fnMap":{"0":{"name":"(anonymous_0)","decl":{"start":{"line":25,"column":2},"end":{"line":25,"column":3}},"loc":{"start":{"line":25,"column":21},"end":{"line":33,"column":3}},"line":25},"1":{"name":"(anonymous_1)","decl":{"start":{"line":35,"column":2},"end":{"line":35,"column":3}},"loc":{"start":{"line":35,"column":23},"end":{"line":42,"column":3}},"line":35},"2":{"name":"(anonymous_2)","decl":{"start":{"line":44,"column":2},"end":{"line":44,"column":3}},"loc":{"start":{"line":44,"column":22},"end":{"line":46,"column":3}},"line":44},"3":{"name":"(anonymous_3)","decl":{"start":{"line":51,"column":2},"end":{"line":51,"column":3}},"loc":{"start":{"line":51,"column":14},"end":{"line":60,"column":3}},"line":51},"4":{"name":"(anonymous_4)","decl":{"start":{"line":53,"column":12},"end":{"line":53,"column":13}},"loc":{"start":{"line":53,"column":24},"end":{"line":53,"column":39}},"line":53},"5":{"name":"(anonymous_5)","decl":{"start":{"line":54,"column":12},"end":{"line":54,"column":13}},"loc":{"start":{"line":54,"column":26},"end":{"line":58,"column":7}},"line":54},"6":{"name":"(anonymous_6)","decl":{"start":{"line":59,"column":13},"end":{"line":59,"column":14}},"loc":{"start":{"line":59,"column":22},"end":{"line":59,"column":58}},"line":59},"7":{"name":"(anonymous_7)","decl":{"start":{"line":65,"column":2},"end":{"line":65,"column":3}},"loc":{"start":{"line":65,"column":30},"end":{"line":89,"column":3}},"line":65},"8":{"name":"(anonymous_8)","decl":{"start":{"line":77,"column":14},"end":{"line":77,"column":15}},"loc":{"start":{"line":77,"column":26},"end":{"line":77,"column":41}},"line":77},"9":{"name":"(anonymous_9)","decl":{"start":{"line":78,"column":14},"end":{"line":78,"column":15}},"loc":{"start":{"line":78,"column":28},"end":{"line":87,"column":9}},"line":78},"10":{"name":"(anonymous_10)","decl":{"start":{"line":91,"column":2},"end":{"line":91,"column":3}},"loc":{"start":{"line":91,"column":11},"end":{"line":129,"column":3}},"line":91},"11":{"name":"(anonymous_11)","decl":{"start":{"line":99,"column":34},"end":{"line":99,"column":35}},"loc":{"start":{"line":100,"column":12},"end":{"line":122,"column":18}},"line":100},"12":{"name":"(anonymous_12)","decl":{"start":{"line":114,"column":49},"end":{"line":114,"column":50}},"loc":{"start":{"line":114,"column":55},"end":{"line":114,"column":87}},"line":114},"13":{"name":"(anonymous_13)","decl":{"start":{"line":118,"column":62},"end":{"line":118,"column":63}},"loc":{"start":{"line":118,"column":68},"end":{"line":118,"column":100}},"line":118}},"branchMap":{"0":{"loc":{"start":{"line":36,"column":4},"end":{"line":38,"column":6}},"type":"binary-expr","locations":[{"start":{"line":36,"column":4},"end":{"line":36,"column":48}},{"start":{"line":36,"column":52},"end":{"line":38,"column":6}}],"line":36},"1":{"loc":{"start":{"line":39,"column":4},"end":{"line":41,"column":6}},"type":"binary-expr","locations":[{"start":{"line":39,"column":4},"end":{"line":39,"column":37}},{"start":{"line":39,"column":41},"end":{"line":41,"column":6}}],"line":39},"2":{"loc":{"start":{"line":66,"column":4},"end":{"line":88,"column":5}},"type":"if","locations":[{"start":{"line":66,"column":4},"end":{"line":88,"column":5}},{"start":{"line":66,"column":4},"end":{"line":88,"column":5}}],"line":66},"3":{"loc":{"start":{"line":112,"column":21},"end":{"line":118,"column":120}},"type":"cond-expr","locations":[{"start":{"line":113,"column":20},"end":{"line":117,"column":34}},{"start":{"line":118,"column":20},"end":{"line":118,"column":120}}],"line":112}},"s":{"0":1,"1":1,"2":1,"3":1,"4":1,"5":1,"6":1,"7":1,"8":0,"9":1,"10":0,"11":0,"12":0,"13":0,"14":0,"15":1,"16":0,"17":0,"18":0},"f":{"0":1,"1":1,"2":1,"3":1,"4":1,"5":0,"6":1,"7":0,"8":0,"9":0,"10":1,"11":0,"12":0,"13":0},"b":{"0":[1,0],"1":[1,0],"2":[0,0],"3":[0,0]},"_coverageSchema":"332fd63041d2c1bcb487cc26dd0d5f7d97098a6c","hash":"56277a840baee17d42ed56f19e200d772b1223ae"}
,"/Users/PhilSkiiiwalker/Desktop/BrightEventsReactApp/src/Components/ViewEvents/MyEvents.js": {"path":"/Users/PhilSkiiiwalker/Desktop/BrightEventsReactApp/src/Components/ViewEvents/MyEvents.js","statementMap":{"0":{"start":{"line":28,"column":4},"end":{"line":28,"column":17}},"1":{"start":{"line":29,"column":4},"end":{"line":33,"column":6}},"2":{"start":{"line":34,"column":4},"end":{"line":34,"column":45}},"3":{"start":{"line":37,"column":4},"end":{"line":39,"column":7}},"4":{"start":{"line":40,"column":4},"end":{"line":42,"column":7}},"5":{"start":{"line":45,"column":17},"end":{"line":45,"column":48}},"6":{"start":{"line":46,"column":4},"end":{"line":62,"column":60}},"7":{"start":{"line":54,"column":24},"end":{"line":54,"column":39}},"8":{"start":{"line":56,"column":8},"end":{"line":60,"column":9}},"9":{"start":{"line":57,"column":10},"end":{"line":59,"column":13}},"10":{"start":{"line":62,"column":22},"end":{"line":62,"column":58}},"11":{"start":{"line":65,"column":4},"end":{"line":87,"column":5}},"12":{"start":{"line":66,"column":20},"end":{"line":66,"column":48}},"13":{"start":{"line":67,"column":6},"end":{"line":86,"column":11}},"14":{"start":{"line":76,"column":26},"end":{"line":76,"column":41}},"15":{"start":{"line":78,"column":10},"end":{"line":85,"column":13}},"16":{"start":{"line":90,"column":4},"end":{"line":140,"column":6}},"17":{"start":{"line":101,"column":16},"end":{"line":119,"column":22}},"18":{"start":{"line":113,"column":57},"end":{"line":113,"column":83}}},"fnMap":{"0":{"name":"(anonymous_0)","decl":{"start":{"line":27,"column":2},"end":{"line":27,"column":3}},"loc":{"start":{"line":27,"column":21},"end":{"line":35,"column":3}},"line":27},"1":{"name":"(anonymous_1)","decl":{"start":{"line":36,"column":2},"end":{"line":36,"column":3}},"loc":{"start":{"line":36,"column":23},"end":{"line":43,"column":3}},"line":36},"2":{"name":"(anonymous_2)","decl":{"start":{"line":44,"column":2},"end":{"line":44,"column":3}},"loc":{"start":{"line":44,"column":22},"end":{"line":63,"column":3}},"line":44},"3":{"name":"(anonymous_3)","decl":{"start":{"line":54,"column":12},"end":{"line":54,"column":13}},"loc":{"start":{"line":54,"column":24},"end":{"line":54,"column":39}},"line":54},"4":{"name":"(anonymous_4)","decl":{"start":{"line":55,"column":12},"end":{"line":55,"column":13}},"loc":{"start":{"line":55,"column":26},"end":{"line":61,"column":7}},"line":55},"5":{"name":"(anonymous_5)","decl":{"start":{"line":62,"column":13},"end":{"line":62,"column":14}},"loc":{"start":{"line":62,"column":22},"end":{"line":62,"column":58}},"line":62},"6":{"name":"(anonymous_6)","decl":{"start":{"line":64,"column":2},"end":{"line":64,"column":3}},"loc":{"start":{"line":64,"column":24},"end":{"line":88,"column":3}},"line":64},"7":{"name":"(anonymous_7)","decl":{"start":{"line":76,"column":14},"end":{"line":76,"column":15}},"loc":{"start":{"line":76,"column":26},"end":{"line":76,"column":41}},"line":76},"8":{"name":"(anonymous_8)","decl":{"start":{"line":77,"column":14},"end":{"line":77,"column":15}},"loc":{"start":{"line":77,"column":28},"end":{"line":86,"column":9}},"line":77},"9":{"name":"(anonymous_9)","decl":{"start":{"line":89,"column":2},"end":{"line":89,"column":3}},"loc":{"start":{"line":89,"column":11},"end":{"line":141,"column":3}},"line":89},"10":{"name":"(anonymous_10)","decl":{"start":{"line":100,"column":41},"end":{"line":100,"column":42}},"loc":{"start":{"line":101,"column":16},"end":{"line":119,"column":22}},"line":101},"11":{"name":"(anonymous_11)","decl":{"start":{"line":113,"column":51},"end":{"line":113,"column":52}},"loc":{"start":{"line":113,"column":57},"end":{"line":113,"column":83}},"line":113}},"branchMap":{"0":{"loc":{"start":{"line":37,"column":4},"end":{"line":39,"column":6}},"type":"binary-expr","locations":[{"start":{"line":37,"column":4},"end":{"line":37,"column":48}},{"start":{"line":37,"column":52},"end":{"line":39,"column":6}}],"line":37},"1":{"loc":{"start":{"line":40,"column":4},"end":{"line":42,"column":6}},"type":"binary-expr","locations":[{"start":{"line":40,"column":4},"end":{"line":40,"column":37}},{"start":{"line":40,"column":41},"end":{"line":42,"column":6}}],"line":40},"2":{"loc":{"start":{"line":56,"column":8},"end":{"line":60,"column":9}},"type":"if","locations":[{"start":{"line":56,"column":8},"end":{"line":60,"column":9}},{"start":{"line":56,"column":8},"end":{"line":60,"column":9}}],"line":56},"3":{"loc":{"start":{"line":65,"column":4},"end":{"line":87,"column":5}},"type":"if","locations":[{"start":{"line":65,"column":4},"end":{"line":87,"column":5}},{"start":{"line":65,"column":4},"end":{"line":87,"column":5}}],"line":65},"4":{"loc":{"start":{"line":96,"column":10},"end":{"line":137,"column":18}},"type":"cond-expr","locations":[{"start":{"line":97,"column":12},"end":{"line":128,"column":18}},{"start":{"line":129,"column":12},"end":{"line":137,"column":18}}],"line":96}},"s":{"0":1,"1":1,"2":1,"3":1,"4":1,"5":1,"6":1,"7":0,"8":0,"9":0,"10":0,"11":0,"12":0,"13":0,"14":0,"15":0,"16":1,"17":0,"18":0},"f":{"0":1,"1":1,"2":1,"3":0,"4":0,"5":0,"6":0,"7":0,"8":0,"9":1,"10":0,"11":0},"b":{"0":[1,0],"1":[1,0],"2":[0,0],"3":[0,0],"4":[1,0]},"_coverageSchema":"332fd63041d2c1bcb487cc26dd0d5f7d97098a6c","hash":"5989bec6304e9497bb66551d18179d4996c48743"}
,"/Users/PhilSkiiiwalker/Desktop/BrightEventsReactApp/src/Components/ViewEvents/ViewSingleEvent.js": {"path":"/Users/PhilSkiiiwalker/Desktop/BrightEventsReactApp/src/Components/ViewEvents/ViewSingleEvent.js","statementMap":{"0":{"start":{"line":25,"column":4},"end":{"line":25,"column":17}},"1":{"start":{"line":26,"column":4},"end":{"line":30,"column":6}},"2":{"start":{"line":31,"column":4},"end":{"line":31,"column":45}},"3":{"start":{"line":34,"column":4},"end":{"line":36,"column":7}},"4":{"start":{"line":37,"column":4},"end":{"line":39,"column":7}},"5":{"start":{"line":42,"column":4},"end":{"line":55,"column":9}},"6":{"start":{"line":50,"column":24},"end":{"line":50,"column":39}},"7":{"start":{"line":52,"column":8},"end":{"line":54,"column":11}},"8":{"start":{"line":58,"column":4},"end":{"line":80,"column":5}},"9":{"start":{"line":59,"column":20},"end":{"line":59,"column":48}},"10":{"start":{"line":60,"column":6},"end":{"line":79,"column":11}},"11":{"start":{"line":69,"column":26},"end":{"line":69,"column":41}},"12":{"start":{"line":71,"column":10},"end":{"line":78,"column":13}},"13":{"start":{"line":83,"column":4},"end":{"line":115,"column":6}},"14":{"start":{"line":91,"column":12},"end":{"line":109,"column":18}},"15":{"start":{"line":103,"column":53},"end":{"line":103,"column":79}}},"fnMap":{"0":{"name":"(anonymous_0)","decl":{"start":{"line":24,"column":2},"end":{"line":24,"column":3}},"loc":{"start":{"line":24,"column":21},"end":{"line":32,"column":3}},"line":24},"1":{"name":"(anonymous_1)","decl":{"start":{"line":33,"column":2},"end":{"line":33,"column":3}},"loc":{"start":{"line":33,"column":23},"end":{"line":40,"column":3}},"line":33},"2":{"name":"(anonymous_2)","decl":{"start":{"line":41,"column":2},"end":{"line":41,"column":3}},"loc":{"start":{"line":41,"column":22},"end":{"line":56,"column":3}},"line":41},"3":{"name":"(anonymous_3)","decl":{"start":{"line":50,"column":12},"end":{"line":50,"column":13}},"loc":{"start":{"line":50,"column":24},"end":{"line":50,"column":39}},"line":50},"4":{"name":"(anonymous_4)","decl":{"start":{"line":51,"column":12},"end":{"line":51,"column":13}},"loc":{"start":{"line":51,"column":26},"end":{"line":55,"column":7}},"line":51},"5":{"name":"(anonymous_5)","decl":{"start":{"line":57,"column":2},"end":{"line":57,"column":3}},"loc":{"start":{"line":57,"column":24},"end":{"line":81,"column":3}},"line":57},"6":{"name":"(anonymous_6)","decl":{"start":{"line":69,"column":14},"end":{"line":69,"column":15}},"loc":{"start":{"line":69,"column":26},"end":{"line":69,"column":41}},"line":69},"7":{"name":"(anonymous_7)","decl":{"start":{"line":70,"column":14},"end":{"line":70,"column":15}},"loc":{"start":{"line":70,"column":28},"end":{"line":79,"column":9}},"line":70},"8":{"name":"(anonymous_8)","decl":{"start":{"line":82,"column":2},"end":{"line":82,"column":3}},"loc":{"start":{"line":82,"column":11},"end":{"line":116,"column":3}},"line":82},"9":{"name":"(anonymous_9)","decl":{"start":{"line":90,"column":33},"end":{"line":90,"column":34}},"loc":{"start":{"line":91,"column":12},"end":{"line":109,"column":18}},"line":91},"10":{"name":"(anonymous_10)","decl":{"start":{"line":103,"column":47},"end":{"line":103,"column":48}},"loc":{"start":{"line":103,"column":53},"end":{"line":103,"column":79}},"line":103}},"branchMap":{"0":{"loc":{"start":{"line":34,"column":4},"end":{"line":36,"column":6}},"type":"binary-expr","locations":[{"start":{"line":34,"column":4},"end":{"line":34,"column":48}},{"start":{"line":34,"column":52},"end":{"line":36,"column":6}}],"line":34},"1":{"loc":{"start":{"line":37,"column":4},"end":{"line":39,"column":6}},"type":"binary-expr","locations":[{"start":{"line":37,"column":4},"end":{"line":37,"column":37}},{"start":{"line":37,"column":41},"end":{"line":39,"column":6}}],"line":37},"2":{"loc":{"start":{"line":58,"column":4},"end":{"line":80,"column":5}},"type":"if","locations":[{"start":{"line":58,"column":4},"end":{"line":80,"column":5}},{"start":{"line":58,"column":4},"end":{"line":80,"column":5}}],"line":58}},"s":{"0":1,"1":1,"2":1,"3":1,"4":1,"5":1,"6":0,"7":0,"8":0,"9":0,"10":0,"11":0,"12":0,"13":1,"14":0,"15":0},"f":{"0":1,"1":1,"2":1,"3":0,"4":0,"5":0,"6":0,"7":0,"8":1,"9":0,"10":0},"b":{"0":[1,0],"1":[1,0],"2":[0,0]},"_coverageSchema":"332fd63041d2c1bcb487cc26dd0d5f7d97098a6c","hash":"e5f6fba7f2d36e457b13cfac4c7936bd1bc45673"}
}
