TN:
SF:/Users/PhilSkiiiwalker/Desktop/BrightEventsReactApp/setupJest.js
FNF:0
FNH:0
DA:1,15
LF:1
LH:1
BRF:0
BRH:0
end_of_record
TN:
SF:/Users/PhilSkiiiwalker/Desktop/BrightEventsReactApp/src/Components/ContactUs/contactUs.js
FN:6,(anonymous_0)
FNF:1
FNH:1
FNDA:1,(anonymous_0)
DA:6,1
DA:7,1
LF:2
LH:2
BRF:0
BRH:0
end_of_record
TN:
SF:/Users/PhilSkiiiwalker/Desktop/BrightEventsReactApp/src/Components/CreateEvent/CreateEvent.js
FN:12,(anonymous_0)
FN:23,(anonymous_1)
FN:35,(anonymous_2)
FN:42,(anonymous_3)
FN:59,(anonymous_4)
FN:60,(anonymous_5)
FN:76,(anonymous_6)
FNF:7
FNH:3
FNDA:3,(anonymous_0)
FNDA:3,(anonymous_1)
FNDA:0,(anonymous_2)
FNDA:0,(anonymous_3)
FNDA:0,(anonymous_4)
FNDA:0,(anonymous_5)
FNDA:3,(anonymous_6)
DA:13,3
DA:14,3
DA:19,3
DA:20,3
DA:24,3
DA:27,3
DA:36,0
DA:43,0
DA:44,0
DA:50,0
DA:59,0
DA:61,0
DA:62,0
DA:71,0
DA:77,3
LF:15
LH:7
BRDA:24,0,0,3
BRDA:24,0,1,0
BRDA:27,1,0,3
BRDA:27,1,1,0
BRDA:61,2,0,0
BRDA:61,2,1,0
BRDA:89,3,0,0
BRDA:89,3,1,3
BRF:8
BRH:3
end_of_record
TN:
SF:/Users/PhilSkiiiwalker/Desktop/BrightEventsReactApp/src/Components/DashBoard/DeleteModal.js
FN:14,(anonymous_0)
FN:24,(anonymous_1)
FN:36,(anonymous_2)
FN:46,(anonymous_3)
FN:50,(anonymous_4)
FN:54,(anonymous_5)
FN:60,(anonymous_6)
FN:70,(anonymous_7)
FNF:8
FNH:3
FNDA:1,(anonymous_0)
FNDA:1,(anonymous_1)
FNDA:0,(anonymous_2)
FNDA:0,(anonymous_3)
FNDA:0,(anonymous_4)
FNDA:0,(anonymous_5)
FNDA:1,(anonymous_6)
FNDA:0,(anonymous_7)
DA:15,1
DA:16,1
DA:20,1
DA:21,1
DA:25,1
DA:28,1
DA:37,0
DA:47,0
DA:48,0
DA:50,0
DA:55,0
DA:61,1
DA:70,0
LF:13
LH:7
BRDA:25,0,0,1
BRDA:25,0,1,0
BRDA:28,1,0,1
BRDA:28,1,1,0
BRF:4
BRH:2
end_of_record
TN:
SF:/Users/PhilSkiiiwalker/Desktop/BrightEventsReactApp/src/Components/EditEvent/EditEvent.js
FN:18,(anonymous_0)
FN:31,(anonymous_1)
FN:40,(anonymous_2)
FN:49,(anonymous_3)
FN:50,(anonymous_4)
FN:58,(anonymous_5)
FN:77,(anonymous_6)
FN:81,(anonymous_7)
FN:88,(anonymous_8)
FN:94,(anonymous_9)
FN:98,(anonymous_10)
FN:107,(anonymous_11)
FN:146,(anonymous_12)
FNF:13
FNH:5
FNDA:1,(anonymous_0)
FNDA:1,(anonymous_1)
FNDA:1,(anonymous_2)
FNDA:1,(anonymous_3)
FNDA:0,(anonymous_4)
FNDA:0,(anonymous_5)
FNDA:0,(anonymous_6)
FNDA:0,(anonymous_7)
FNDA:0,(anonymous_8)
FNDA:0,(anonymous_9)
FNDA:1,(anonymous_10)
FNDA:0,(anonymous_11)
FNDA:0,(anonymous_12)
DA:19,1
DA:20,1
DA:26,1
DA:27,1
DA:28,1
DA:32,1
DA:35,1
DA:41,1
DA:49,1
DA:51,0
DA:59,0
DA:65,0
DA:66,0
DA:67,0
DA:78,0
DA:79,0
DA:81,0
DA:89,0
DA:95,0
DA:99,1
DA:100,1
DA:109,0
DA:146,0
LF:23
LH:11
BRDA:32,0,0,1
BRDA:32,0,1,0
BRDA:35,1,0,1
BRDA:35,1,1,0
BRF:4
BRH:2
end_of_record
TN:
SF:/Users/PhilSkiiiwalker/Desktop/BrightEventsReactApp/src/Components/LandingPage/LandingPage.js
FN:11,(anonymous_0)
FN:19,(anonymous_1)
FN:28,(anonymous_2)
FNF:3
FNH:3
FNDA:1,(anonymous_0)
FNDA:1,(anonymous_1)
FNDA:1,(anonymous_2)
DA:12,1
DA:13,1
DA:20,1
DA:23,1
DA:29,1
LF:5
LH:5
BRDA:20,0,0,1
BRDA:20,0,1,0
BRDA:23,1,0,1
BRDA:23,1,1,0
BRDA:37,2,0,1
BRDA:37,2,1,0
BRF:6
BRH:3
end_of_record
TN:
SF:/Users/PhilSkiiiwalker/Desktop/BrightEventsReactApp/src/Components/Login/Login.js
FN:13,(anonymous_0)
FN:21,(anonymous_1)
FN:35,(anonymous_2)
FN:36,(anonymous_3)
FN:53,(anonymous_4)
FNF:5
FNH:2
FNDA:1,(anonymous_0)
FNDA:0,(anonymous_1)
FNDA:0,(anonymous_2)
FNDA:0,(anonymous_3)
FNDA:1,(anonymous_4)
DA:14,1
DA:15,1
DA:22,0
DA:23,0
DA:27,0
DA:35,0
DA:37,0
DA:38,0
DA:39,0
DA:40,0
DA:42,0
DA:54,1
LF:12
LH:3
BRDA:39,0,0,0
BRDA:39,0,1,0
BRF:2
BRH:0
end_of_record
TN:
SF:/Users/PhilSkiiiwalker/Desktop/BrightEventsReactApp/src/Components/Myrsvps/Myrsvps.js
FN:10,(anonymous_0)
FN:19,(anonymous_1)
FN:28,(anonymous_2)
FN:35,(anonymous_3)
FN:37,(anonymous_4)
FN:38,(anonymous_5)
FN:43,(anonymous_6)
FN:45,(anonymous_7)
FNF:8
FNH:7
FNDA:1,(anonymous_0)
FNDA:1,(anonymous_1)
FNDA:1,(anonymous_2)
FNDA:1,(anonymous_3)
FNDA:1,(anonymous_4)
FNDA:0,(anonymous_5)
FNDA:1,(anonymous_6)
FNDA:1,(anonymous_7)
DA:11,1
DA:12,1
DA:20,1
DA:23,1
DA:29,1
DA:36,1
DA:37,1
DA:39,0
DA:43,1
DA:46,1
LF:10
LH:9
BRDA:20,0,0,1
BRDA:20,0,1,0
BRDA:23,1,0,1
BRDA:23,1,1,0
BRF:4
BRH:2
end_of_record
TN:
SF:/Users/PhilSkiiiwalker/Desktop/BrightEventsReactApp/src/Components/Navbar/Navbar.js
FN:10,(anonymous_0)
FNF:1
FNH:1
FNDA:1,(anonymous_0)
DA:10,8
DA:11,1
LF:2
LH:2
BRDA:21,0,0,0
BRDA:21,0,1,1
BRF:2
BRH:1
end_of_record
TN:
SF:/Users/PhilSkiiiwalker/Desktop/BrightEventsReactApp/src/Components/NavbarOptions/NavbarOptions.js
FN:12,(anonymous_0)
FN:24,(anonymous_1)
FN:42,(anonymous_2)
FN:43,(anonymous_3)
FN:48,(anonymous_4)
FN:62,(anonymous_5)
FNF:6
FNH:0
FNDA:0,(anonymous_0)
FNDA:0,(anonymous_1)
FNDA:0,(anonymous_2)
FNDA:0,(anonymous_3)
FNDA:0,(anonymous_4)
FNDA:0,(anonymous_5)
DA:13,0
DA:14,0
DA:17,0
DA:18,0
DA:25,0
DA:33,0
DA:34,0
DA:35,0
DA:36,0
DA:43,0
DA:46,0
DA:49,0
DA:62,0
LF:13
LH:0
BRF:0
BRH:0
end_of_record
TN:
SF:/Users/PhilSkiiiwalker/Desktop/BrightEventsReactApp/src/Components/NotFound/NotFound.js
FN:5,(anonymous_0)
FNF:1
FNH:1
FNDA:1,(anonymous_0)
DA:5,1
DA:6,1
LF:2
LH:2
BRF:0
BRH:0
end_of_record
TN:
SF:/Users/PhilSkiiiwalker/Desktop/BrightEventsReactApp/src/Components/Pagination/paginate.js
FN:5,(anonymous_0)
FN:11,(anonymous_1)
FNF:2
FNH:2
FNDA:1,(anonymous_0)
FNDA:1,(anonymous_1)
DA:6,1
DA:7,1
DA:12,1
LF:3
LH:3
BRF:0
BRH:0
end_of_record
TN:
SF:/Users/PhilSkiiiwalker/Desktop/BrightEventsReactApp/src/Components/Register/Register.js
FN:13,(anonymous_0)
FN:21,(anonymous_1)
FN:38,(anonymous_2)
FN:39,(anonymous_3)
FN:55,(anonymous_4)
FNF:5
FNH:2
FNDA:1,(anonymous_0)
FNDA:0,(anonymous_1)
FNDA:0,(anonymous_2)
FNDA:0,(anonymous_3)
FNDA:1,(anonymous_4)
DA:14,1
DA:15,1
DA:22,0
DA:23,0
DA:30,0
DA:38,0
DA:40,0
DA:41,0
DA:43,0
DA:56,1
LF:10
LH:3
BRDA:40,0,0,0
BRDA:40,0,1,0
BRF:2
BRH:0
end_of_record
TN:
SF:/Users/PhilSkiiiwalker/Desktop/BrightEventsReactApp/src/Components/ResetPassword/ConfirmResetPassword.js
FN:6,(anonymous_0)
FN:11,(anonymous_1)
FN:25,(anonymous_2)
FN:26,(anonymous_3)
FN:31,(anonymous_4)
FNF:5
FNH:2
FNDA:1,(anonymous_0)
FNDA:0,(anonymous_1)
FNDA:0,(anonymous_2)
FNDA:0,(anonymous_3)
FNDA:1,(anonymous_4)
DA:7,1
DA:8,1
DA:12,0
DA:13,0
DA:14,0
DA:17,0
DA:25,0
DA:27,0
DA:32,1
LF:9
LH:3
BRF:0
BRH:0
end_of_record
TN:
SF:/Users/PhilSkiiiwalker/Desktop/BrightEventsReactApp/src/Components/ResetPassword/ResetPassword.js
FN:6,(anonymous_0)
FN:13,(anonymous_1)
FN:29,(anonymous_2)
FN:30,(anonymous_3)
FN:37,(anonymous_4)
FNF:5
FNH:2
FNDA:1,(anonymous_0)
FNDA:0,(anonymous_1)
FNDA:0,(anonymous_2)
FNDA:0,(anonymous_3)
FNDA:1,(anonymous_4)
DA:7,1
DA:8,1
DA:11,1
DA:14,0
DA:18,0
DA:21,0
DA:29,0
DA:31,0
DA:38,1
LF:9
LH:4
BRDA:44,0,0,0
BRDA:44,0,1,1
BRF:2
BRH:1
end_of_record
TN:
SF:/Users/PhilSkiiiwalker/Desktop/BrightEventsReactApp/src/Components/SearchPage/SearchPage.js
FN:29,(anonymous_0)
FN:45,(anonymous_1)
FN:54,(anonymous_2)
FN:58,(anonymous_3)
FN:62,(anonymous_4)
FN:63,(anonymous_5)
FN:72,(anonymous_6)
FN:73,(anonymous_7)
FN:78,(anonymous_8)
FN:90,(anonymous_9)
FN:91,(anonymous_10)
FN:102,(anonymous_11)
FN:108,(anonymous_12)
FN:120,(anonymous_13)
FN:121,(anonymous_14)
FN:134,(anonymous_15)
FN:168,(anonymous_16)
FN:184,(anonymous_17)
FN:188,(anonymous_18)
FNF:19
FNH:3
FNDA:1,(anonymous_0)
FNDA:1,(anonymous_1)
FNDA:0,(anonymous_2)
FNDA:0,(anonymous_3)
FNDA:0,(anonymous_4)
FNDA:0,(anonymous_5)
FNDA:0,(anonymous_6)
FNDA:0,(anonymous_7)
FNDA:0,(anonymous_8)
FNDA:0,(anonymous_9)
FNDA:0,(anonymous_10)
FNDA:0,(anonymous_11)
FNDA:0,(anonymous_12)
FNDA:0,(anonymous_13)
FNDA:0,(anonymous_14)
FNDA:1,(anonymous_15)
FNDA:0,(anonymous_16)
FNDA:0,(anonymous_17)
FNDA:0,(anonymous_18)
DA:30,1
DA:31,1
DA:37,1
DA:38,1
DA:39,1
DA:40,1
DA:41,1
DA:42,1
DA:46,1
DA:49,1
DA:55,0
DA:59,0
DA:63,0
DA:64,0
DA:65,0
DA:67,0
DA:73,0
DA:79,0
DA:80,0
DA:83,0
DA:90,0
DA:92,0
DA:96,0
DA:97,0
DA:102,0
DA:109,0
DA:110,0
DA:111,0
DA:120,0
DA:122,0
DA:135,1
DA:170,0
DA:184,0
DA:188,0
LF:34
LH:11
BRDA:46,0,0,1
BRDA:46,0,1,0
BRDA:49,1,0,1
BRDA:49,1,1,0
BRDA:64,2,0,0
BRDA:64,2,1,0
BRDA:96,3,0,0
BRDA:96,3,1,0
BRDA:109,4,0,0
BRDA:109,4,1,0
BRDA:147,5,0,0
BRDA:147,5,1,1
BRDA:165,6,0,1
BRDA:165,6,1,0
BRDA:182,7,0,0
BRDA:182,7,1,0
BRF:16
BRH:4
end_of_record
TN:
SF:/Users/PhilSkiiiwalker/Desktop/BrightEventsReactApp/src/Components/ViewEvents/Events.js
FN:25,(anonymous_0)
FN:40,(anonymous_1)
FN:49,(anonymous_2)
FN:53,(anonymous_3)
FN:57,(anonymous_4)
FN:61,(anonymous_5)
FN:62,(anonymous_6)
FN:65,(anonymous_7)
FN:66,(anonymous_8)
FN:79,(anonymous_9)
FN:81,(anonymous_10)
FN:82,(anonymous_11)
FN:87,(anonymous_12)
FN:93,(anonymous_13)
FN:105,(anonymous_14)
FN:106,(anonymous_15)
FN:119,(anonymous_16)
FN:127,(anonymous_17)
FN:143,(anonymous_18)
FN:147,(anonymous_19)
FNF:20
FNH:7
FNDA:1,(anonymous_0)
FNDA:1,(anonymous_1)
FNDA:1,(anonymous_2)
FNDA:0,(anonymous_3)
FNDA:0,(anonymous_4)
FNDA:0,(anonymous_5)
FNDA:0,(anonymous_6)
FNDA:0,(anonymous_7)
FNDA:0,(anonymous_8)
FNDA:1,(anonymous_9)
FNDA:1,(anonymous_10)
FNDA:0,(anonymous_11)
FNDA:1,(anonymous_12)
FNDA:0,(anonymous_13)
FNDA:0,(anonymous_14)
FNDA:0,(anonymous_15)
FNDA:1,(anonymous_16)
FNDA:0,(anonymous_17)
FNDA:0,(anonymous_18)
FNDA:0,(anonymous_19)
DA:26,1
DA:27,1
DA:33,1
DA:34,1
DA:35,1
DA:36,1
DA:37,1
DA:41,1
DA:44,1
DA:50,1
DA:54,0
DA:58,0
DA:62,0
DA:66,0
DA:67,0
DA:68,0
DA:69,0
DA:71,0
DA:80,1
DA:81,1
DA:83,0
DA:87,1
DA:94,0
DA:95,0
DA:96,0
DA:105,0
DA:107,0
DA:120,1
DA:129,0
DA:143,0
DA:147,0
LF:31
LH:14
BRDA:41,0,0,1
BRDA:41,0,1,0
BRDA:44,1,0,1
BRDA:44,1,1,0
BRDA:67,2,0,0
BRDA:67,2,1,0
BRDA:94,3,0,0
BRDA:94,3,1,0
BRDA:141,4,0,0
BRDA:141,4,1,0
BRF:10
BRH:2
end_of_record
TN:
SF:/Users/PhilSkiiiwalker/Desktop/BrightEventsReactApp/src/Components/ViewEvents/MyEvents.js
FN:27,(anonymous_0)
FN:41,(anonymous_1)
FN:49,(anonymous_2)
FN:59,(anonymous_3)
FN:60,(anonymous_4)
FN:67,(anonymous_5)
FN:70,(anonymous_6)
FN:74,(anonymous_7)
FN:78,(anonymous_8)
FN:79,(anonymous_9)
FN:88,(anonymous_10)
FN:89,(anonymous_11)
FN:93,(anonymous_12)
FN:105,(anonymous_13)
FN:106,(anonymous_14)
FN:118,(anonymous_15)
FN:129,(anonymous_16)
FN:143,(anonymous_17)
FNF:18
FNH:4
FNDA:1,(anonymous_0)
FNDA:1,(anonymous_1)
FNDA:1,(anonymous_2)
FNDA:0,(anonymous_3)
FNDA:0,(anonymous_4)
FNDA:0,(anonymous_5)
FNDA:0,(anonymous_6)
FNDA:0,(anonymous_7)
FNDA:0,(anonymous_8)
FNDA:0,(anonymous_9)
FNDA:0,(anonymous_10)
FNDA:0,(anonymous_11)
FNDA:0,(anonymous_12)
FNDA:0,(anonymous_13)
FNDA:0,(anonymous_14)
FNDA:1,(anonymous_15)
FNDA:0,(anonymous_16)
FNDA:0,(anonymous_17)
DA:28,1
DA:29,1
DA:35,1
DA:36,1
DA:37,1
DA:38,1
DA:39,1
DA:42,1
DA:45,1
DA:50,1
DA:51,1
DA:59,0
DA:61,0
DA:62,0
DA:67,0
DA:71,0
DA:75,0
DA:79,0
DA:80,0
DA:81,0
DA:83,0
DA:89,0
DA:94,0
DA:95,0
DA:96,0
DA:105,0
DA:107,0
DA:119,1
DA:131,0
DA:143,0
LF:30
LH:12
BRDA:42,0,0,1
BRDA:42,0,1,0
BRDA:45,1,0,1
BRDA:45,1,1,0
BRDA:61,2,0,0
BRDA:61,2,1,0
BRDA:80,3,0,0
BRDA:80,3,1,0
BRDA:94,4,0,0
BRDA:94,4,1,0
BRDA:125,5,0,1
BRDA:125,5,1,0
BRF:12
BRH:3
end_of_record
TN:
SF:/Users/PhilSkiiiwalker/Desktop/BrightEventsReactApp/src/Components/ViewEvents/ViewSingleEvent.js
FN:26,(anonymous_0)
FN:36,(anonymous_1)
FN:44,(anonymous_2)
FN:53,(anonymous_3)
FN:54,(anonymous_4)
FN:68,(anonymous_5)
FN:69,(anonymous_6)
FN:75,(anonymous_7)
FN:87,(anonymous_8)
FN:88,(anonymous_9)
FN:100,(anonymous_10)
FN:108,(anonymous_11)
FN:124,(anonymous_12)
FN:128,(anonymous_13)
FN:148,(anonymous_14)
FNF:15
FNH:6
FNDA:1,(anonymous_0)
FNDA:1,(anonymous_1)
FNDA:1,(anonymous_2)
FNDA:1,(anonymous_3)
FNDA:0,(anonymous_4)
FNDA:1,(anonymous_5)
FNDA:0,(anonymous_6)
FNDA:0,(anonymous_7)
FNDA:0,(anonymous_8)
FNDA:0,(anonymous_9)
FNDA:1,(anonymous_10)
FNDA:0,(anonymous_11)
FNDA:0,(anonymous_12)
FNDA:0,(anonymous_13)
FNDA:0,(anonymous_14)
DA:27,1
DA:28,1
DA:34,1
DA:37,1
DA:40,1
DA:45,1
DA:53,1
DA:55,0
DA:60,1
DA:68,1
DA:70,0
DA:76,0
DA:77,0
DA:78,0
DA:87,0
DA:89,0
DA:101,1
DA:110,0
DA:124,0
DA:128,0
DA:150,0
LF:21
LH:10
BRDA:37,0,0,1
BRDA:37,0,1,0
BRDA:40,1,0,1
BRDA:40,1,1,0
BRDA:76,2,0,0
BRDA:76,2,1,0
BRDA:122,3,0,0
BRDA:122,3,1,0
BRDA:137,4,0,1
BRDA:137,4,1,0
BRF:10
BRH:3
end_of_record
