TN:
SF:/Users/PhilSkiiiwalker/Desktop/BrightEventsReactApp/setupJest.js
FNF:0
FNH:0
DA:1,16
LF:1
LH:1
BRF:0
BRH:0
end_of_record
TN:
SF:/Users/PhilSkiiiwalker/Desktop/BrightEventsReactApp/src/Components/ContactUs/contactUs.js
FN:6,(anonymous_0)
FNF:1
FNH:1
FNDA:1,(anonymous_0)
DA:6,1
DA:7,1
LF:2
LH:2
BRF:0
BRH:0
end_of_record
TN:
SF:/Users/PhilSkiiiwalker/Desktop/BrightEventsReactApp/src/Components/CreateEvent/CreateEvent.js
FN:11,(anonymous_0)
FN:22,(anonymous_1)
FN:34,(anonymous_2)
FN:41,(anonymous_3)
FN:58,(anonymous_4)
FN:59,(anonymous_5)
FN:75,(anonymous_6)
FNF:7
FNH:3
FNDA:2,(anonymous_0)
FNDA:2,(anonymous_1)
FNDA:0,(anonymous_2)
FNDA:0,(anonymous_3)
FNDA:0,(anonymous_4)
FNDA:0,(anonymous_5)
FNDA:2,(anonymous_6)
DA:12,2
DA:13,2
DA:18,2
DA:19,2
DA:23,2
DA:26,2
DA:35,0
DA:42,0
DA:43,0
DA:49,0
DA:58,0
DA:60,0
DA:61,0
DA:70,0
DA:76,2
LF:15
LH:7
BRDA:23,0,0,2
BRDA:23,0,1,0
BRDA:26,1,0,2
BRDA:26,1,1,0
BRDA:60,2,0,0
BRDA:60,2,1,0
BRDA:88,3,0,0
BRDA:88,3,1,2
BRF:8
BRH:3
end_of_record
TN:
SF:/Users/PhilSkiiiwalker/Desktop/BrightEventsReactApp/src/Components/DashBoard/DeleteModal.js
FN:14,(anonymous_0)
FN:24,(anonymous_1)
FN:36,(anonymous_2)
FN:46,(anonymous_3)
FN:50,(anonymous_4)
FN:54,(anonymous_5)
FN:60,(anonymous_6)
FN:70,(anonymous_7)
FNF:8
FNH:3
FNDA:1,(anonymous_0)
FNDA:1,(anonymous_1)
FNDA:0,(anonymous_2)
FNDA:0,(anonymous_3)
FNDA:0,(anonymous_4)
FNDA:0,(anonymous_5)
FNDA:1,(anonymous_6)
FNDA:0,(anonymous_7)
DA:15,1
DA:16,1
DA:20,1
DA:21,1
DA:25,1
DA:28,1
DA:37,0
DA:47,0
DA:48,0
DA:50,0
DA:55,0
DA:61,1
DA:70,0
LF:13
LH:7
BRDA:25,0,0,1
BRDA:25,0,1,0
BRDA:28,1,0,1
BRDA:28,1,1,0
BRF:4
BRH:2
end_of_record
TN:
SF:/Users/PhilSkiiiwalker/Desktop/BrightEventsReactApp/src/Components/EditEvent/EditEvent.js
FN:19,(anonymous_0)
FN:31,(anonymous_1)
FN:40,(anonymous_2)
FN:49,(anonymous_3)
FN:50,(anonymous_4)
FN:58,(anonymous_5)
FN:75,(anonymous_6)
FN:79,(anonymous_7)
FN:86,(anonymous_8)
FN:92,(anonymous_9)
FN:96,(anonymous_10)
FN:104,(anonymous_11)
FN:151,(anonymous_12)
FNF:13
FNH:3
FNDA:1,(anonymous_0)
FNDA:1,(anonymous_1)
FNDA:0,(anonymous_2)
FNDA:0,(anonymous_3)
FNDA:0,(anonymous_4)
FNDA:0,(anonymous_5)
FNDA:0,(anonymous_6)
FNDA:0,(anonymous_7)
FNDA:0,(anonymous_8)
FNDA:0,(anonymous_9)
FNDA:1,(anonymous_10)
FNDA:0,(anonymous_11)
FNDA:0,(anonymous_12)
DA:20,1
DA:21,1
DA:27,1
DA:28,1
DA:32,1
DA:35,1
DA:41,0
DA:49,0
DA:51,0
DA:59,0
DA:65,0
DA:76,0
DA:77,0
DA:79,0
DA:87,0
DA:93,0
DA:97,1
DA:106,0
DA:151,0
LF:19
LH:7
BRDA:32,0,0,1
BRDA:32,0,1,0
BRDA:35,1,0,1
BRDA:35,1,1,0
BRF:4
BRH:2
end_of_record
TN:
SF:/Users/PhilSkiiiwalker/Desktop/BrightEventsReactApp/src/Components/LandingPage/LandingPage.js
FN:10,(anonymous_0)
FN:18,(anonymous_1)
FN:27,(anonymous_2)
FNF:3
FNH:3
FNDA:1,(anonymous_0)
FNDA:1,(anonymous_1)
FNDA:1,(anonymous_2)
DA:11,1
DA:12,1
DA:19,1
DA:22,1
DA:28,1
LF:5
LH:5
BRDA:19,0,0,1
BRDA:19,0,1,0
BRDA:22,1,0,1
BRDA:22,1,1,0
BRDA:36,2,0,1
BRDA:36,2,1,0
BRF:6
BRH:3
end_of_record
TN:
SF:/Users/PhilSkiiiwalker/Desktop/BrightEventsReactApp/src/Components/Login/Login.js
FN:12,(anonymous_0)
FN:20,(anonymous_1)
FN:34,(anonymous_2)
FN:35,(anonymous_3)
FN:52,(anonymous_4)
FNF:5
FNH:2
FNDA:1,(anonymous_0)
FNDA:0,(anonymous_1)
FNDA:0,(anonymous_2)
FNDA:0,(anonymous_3)
FNDA:1,(anonymous_4)
DA:13,1
DA:14,1
DA:21,0
DA:22,0
DA:26,0
DA:34,0
DA:36,0
DA:37,0
DA:38,0
DA:39,0
DA:41,0
DA:53,1
LF:12
LH:3
BRDA:38,0,0,0
BRDA:38,0,1,0
BRF:2
BRH:0
end_of_record
TN:
SF:/Users/PhilSkiiiwalker/Desktop/BrightEventsReactApp/src/Components/MyGuests/MyGuests.js
FN:11,(anonymous_0)
FN:22,(anonymous_1)
FN:31,(anonymous_2)
FN:41,(anonymous_3)
FN:42,(anonymous_4)
FN:49,(anonymous_5)
FN:58,(anonymous_6)
FN:59,(anonymous_7)
FN:69,(anonymous_8)
FN:73,(anonymous_9)
FN:76,(anonymous_10)
FN:77,(anonymous_11)
FN:82,(anonymous_12)
FN:100,(anonymous_13)
FNF:14
FNH:4
FNDA:1,(anonymous_0)
FNDA:1,(anonymous_1)
FNDA:1,(anonymous_2)
FNDA:0,(anonymous_3)
FNDA:0,(anonymous_4)
FNDA:0,(anonymous_5)
FNDA:0,(anonymous_6)
FNDA:0,(anonymous_7)
FNDA:0,(anonymous_8)
FNDA:0,(anonymous_9)
FNDA:0,(anonymous_10)
FNDA:0,(anonymous_11)
FNDA:1,(anonymous_12)
FNDA:0,(anonymous_13)
DA:12,1
DA:13,1
DA:19,1
DA:23,1
DA:26,1
DA:32,1
DA:33,1
DA:41,0
DA:43,0
DA:46,0
DA:47,0
DA:48,0
DA:49,0
DA:50,0
DA:58,0
DA:60,0
DA:61,0
DA:62,0
DA:63,0
DA:64,0
DA:65,0
DA:69,0
DA:73,0
DA:77,0
DA:83,1
DA:101,0
LF:26
LH:8
BRDA:23,0,0,1
BRDA:23,0,1,0
BRDA:26,1,0,1
BRDA:26,1,1,0
BRDA:47,2,0,0
BRDA:47,2,1,0
BRF:6
BRH:2
end_of_record
TN:
SF:/Users/PhilSkiiiwalker/Desktop/BrightEventsReactApp/src/Components/Myrsvps/Myrsvps.js
FN:10,(anonymous_0)
FN:19,(anonymous_1)
FN:28,(anonymous_2)
FN:35,(anonymous_3)
FN:37,(anonymous_4)
FN:38,(anonymous_5)
FN:43,(anonymous_6)
FN:45,(anonymous_7)
FNF:8
FNH:7
FNDA:1,(anonymous_0)
FNDA:1,(anonymous_1)
FNDA:1,(anonymous_2)
FNDA:1,(anonymous_3)
FNDA:1,(anonymous_4)
FNDA:0,(anonymous_5)
FNDA:1,(anonymous_6)
FNDA:1,(anonymous_7)
DA:11,1
DA:12,1
DA:20,1
DA:23,1
DA:29,1
DA:36,1
DA:37,1
DA:39,0
DA:43,1
DA:46,1
LF:10
LH:9
BRDA:20,0,0,1
BRDA:20,0,1,0
BRDA:23,1,0,1
BRDA:23,1,1,0
BRF:4
BRH:2
end_of_record
TN:
SF:/Users/PhilSkiiiwalker/Desktop/BrightEventsReactApp/src/Components/Navbar/Navbar.js
FN:9,(anonymous_0)
FNF:1
FNH:1
FNDA:1,(anonymous_0)
DA:9,9
DA:10,1
LF:2
LH:2
BRDA:20,0,0,0
BRDA:20,0,1,1
BRF:2
BRH:1
end_of_record
TN:
SF:/Users/PhilSkiiiwalker/Desktop/BrightEventsReactApp/src/Components/NavbarOptions/NavbarOptions.js
FN:13,(anonymous_0)
FN:36,(anonymous_1)
FN:55,(anonymous_2)
FN:56,(anonymous_3)
FN:61,(anonymous_4)
FN:78,(anonymous_5)
FNF:6
FNH:0
FNDA:0,(anonymous_0)
FNDA:0,(anonymous_1)
FNDA:0,(anonymous_2)
FNDA:0,(anonymous_3)
FNDA:0,(anonymous_4)
FNDA:0,(anonymous_5)
DA:14,0
DA:15,0
DA:18,0
DA:19,0
DA:37,0
DA:38,0
DA:46,0
DA:47,0
DA:48,0
DA:49,0
DA:56,0
DA:59,0
DA:62,0
DA:78,0
LF:14
LH:0
BRF:0
BRH:0
end_of_record
TN:
SF:/Users/PhilSkiiiwalker/Desktop/BrightEventsReactApp/src/Components/Pagination/paginate.js
FN:5,(anonymous_0)
FN:11,(anonymous_1)
FNF:2
FNH:2
FNDA:1,(anonymous_0)
FNDA:1,(anonymous_1)
DA:6,1
DA:7,1
DA:12,1
LF:3
LH:3
BRF:0
BRH:0
end_of_record
TN:
SF:/Users/PhilSkiiiwalker/Desktop/BrightEventsReactApp/src/Components/Register/Register.js
FN:13,(anonymous_0)
FN:24,(anonymous_1)
FN:41,(anonymous_2)
FN:42,(anonymous_3)
FN:58,(anonymous_4)
FNF:5
FNH:2
FNDA:1,(anonymous_0)
FNDA:0,(anonymous_1)
FNDA:0,(anonymous_2)
FNDA:0,(anonymous_3)
FNDA:1,(anonymous_4)
DA:14,1
DA:15,1
DA:18,1
DA:25,0
DA:26,0
DA:33,0
DA:41,0
DA:43,0
DA:44,0
DA:46,0
DA:59,1
LF:11
LH:4
BRDA:43,0,0,0
BRDA:43,0,1,0
BRF:2
BRH:0
end_of_record
TN:
SF:/Users/PhilSkiiiwalker/Desktop/BrightEventsReactApp/src/Components/ResetPassword/ResetPassword.js
FN:6,(anonymous_0)
FN:13,(anonymous_1)
FN:26,(anonymous_2)
FN:27,(anonymous_3)
FN:36,(anonymous_4)
FNF:5
FNH:2
FNDA:1,(anonymous_0)
FNDA:0,(anonymous_1)
FNDA:0,(anonymous_2)
FNDA:0,(anonymous_3)
FNDA:1,(anonymous_4)
DA:7,1
DA:8,1
DA:11,1
DA:14,0
DA:18,0
DA:26,0
DA:28,0
DA:37,1
LF:8
LH:4
BRF:0
BRH:0
end_of_record
TN:
SF:/Users/PhilSkiiiwalker/Desktop/BrightEventsReactApp/src/Components/SearchPage/SearchPage.js
FN:28,(anonymous_0)
FN:40,(anonymous_1)
FN:53,(anonymous_2)
FN:65,(anonymous_3)
FN:66,(anonymous_4)
FN:71,(anonymous_5)
FN:77,(anonymous_6)
FN:89,(anonymous_7)
FN:90,(anonymous_8)
FN:106,(anonymous_9)
FN:110,(anonymous_10)
FN:128,(anonymous_11)
FN:143,(anonymous_12)
FN:147,(anonymous_13)
FNF:14
FNH:3
FNDA:1,(anonymous_0)
FNDA:1,(anonymous_1)
FNDA:0,(anonymous_2)
FNDA:0,(anonymous_3)
FNDA:0,(anonymous_4)
FNDA:0,(anonymous_5)
FNDA:0,(anonymous_6)
FNDA:0,(anonymous_7)
FNDA:0,(anonymous_8)
FNDA:0,(anonymous_9)
FNDA:1,(anonymous_10)
FNDA:0,(anonymous_11)
FNDA:0,(anonymous_12)
FNDA:0,(anonymous_13)
DA:29,1
DA:30,1
DA:35,1
DA:36,1
DA:37,1
DA:41,1
DA:44,1
DA:54,0
DA:55,0
DA:58,0
DA:65,0
DA:67,0
DA:71,0
DA:78,0
DA:79,0
DA:80,0
DA:89,0
DA:91,0
DA:107,0
DA:111,1
DA:129,0
DA:143,0
DA:147,0
LF:23
LH:8
BRDA:41,0,0,1
BRDA:41,0,1,0
BRDA:44,1,0,1
BRDA:44,1,1,0
BRDA:78,2,0,0
BRDA:78,2,1,0
BRDA:125,3,0,0
BRDA:125,3,1,1
BRDA:141,4,0,0
BRDA:141,4,1,0
BRF:10
BRH:3
end_of_record
TN:
SF:/Users/PhilSkiiiwalker/Desktop/BrightEventsReactApp/src/Components/Settings/Settings.js
FN:7,(anonymous_0)
FNF:1
FNH:1
FNDA:1,(anonymous_0)
DA:7,1
DA:8,1
LF:2
LH:2
BRF:0
BRH:0
end_of_record
TN:
SF:/Users/PhilSkiiiwalker/Desktop/BrightEventsReactApp/src/Components/ViewEvents/Events.js
FN:24,(anonymous_0)
FN:39,(anonymous_1)
FN:48,(anonymous_2)
FN:52,(anonymous_3)
FN:56,(anonymous_4)
FN:60,(anonymous_5)
FN:61,(anonymous_6)
FN:64,(anonymous_7)
FN:65,(anonymous_8)
FN:78,(anonymous_9)
FN:80,(anonymous_10)
FN:81,(anonymous_11)
FN:86,(anonymous_12)
FN:92,(anonymous_13)
FN:104,(anonymous_14)
FN:105,(anonymous_15)
FN:118,(anonymous_16)
FN:126,(anonymous_17)
FN:142,(anonymous_18)
FN:146,(anonymous_19)
FNF:20
FNH:7
FNDA:1,(anonymous_0)
FNDA:1,(anonymous_1)
FNDA:1,(anonymous_2)
FNDA:0,(anonymous_3)
FNDA:0,(anonymous_4)
FNDA:0,(anonymous_5)
FNDA:0,(anonymous_6)
FNDA:0,(anonymous_7)
FNDA:0,(anonymous_8)
FNDA:1,(anonymous_9)
FNDA:1,(anonymous_10)
FNDA:0,(anonymous_11)
FNDA:1,(anonymous_12)
FNDA:0,(anonymous_13)
FNDA:0,(anonymous_14)
FNDA:0,(anonymous_15)
FNDA:1,(anonymous_16)
FNDA:0,(anonymous_17)
FNDA:0,(anonymous_18)
FNDA:0,(anonymous_19)
DA:25,1
DA:26,1
DA:32,1
DA:33,1
DA:34,1
DA:35,1
DA:36,1
DA:40,1
DA:43,1
DA:49,1
DA:53,0
DA:57,0
DA:61,0
DA:65,0
DA:66,0
DA:67,0
DA:68,0
DA:70,0
DA:79,1
DA:80,1
DA:82,0
DA:86,1
DA:93,0
DA:94,0
DA:95,0
DA:104,0
DA:106,0
DA:119,1
DA:128,0
DA:142,0
DA:146,0
LF:31
LH:14
BRDA:40,0,0,1
BRDA:40,0,1,0
BRDA:43,1,0,1
BRDA:43,1,1,0
BRDA:66,2,0,0
BRDA:66,2,1,0
BRDA:93,3,0,0
BRDA:93,3,1,0
BRDA:140,4,0,0
BRDA:140,4,1,0
BRF:10
BRH:2
end_of_record
TN:
SF:/Users/PhilSkiiiwalker/Desktop/BrightEventsReactApp/src/Components/ViewEvents/MyEvents.js
FN:29,(anonymous_0)
FN:39,(anonymous_1)
FN:47,(anonymous_2)
FN:57,(anonymous_3)
FN:58,(anonymous_4)
FN:65,(anonymous_5)
FN:67,(anonymous_6)
FN:79,(anonymous_7)
FN:80,(anonymous_8)
FN:92,(anonymous_9)
FN:103,(anonymous_10)
FN:117,(anonymous_11)
FNF:12
FNH:4
FNDA:1,(anonymous_0)
FNDA:1,(anonymous_1)
FNDA:1,(anonymous_2)
FNDA:0,(anonymous_3)
FNDA:0,(anonymous_4)
FNDA:0,(anonymous_5)
FNDA:0,(anonymous_6)
FNDA:0,(anonymous_7)
FNDA:0,(anonymous_8)
FNDA:1,(anonymous_9)
FNDA:0,(anonymous_10)
FNDA:0,(anonymous_11)
DA:30,1
DA:31,1
DA:37,1
DA:40,1
DA:43,1
DA:48,1
DA:49,1
DA:57,0
DA:59,0
DA:60,0
DA:65,0
DA:68,0
DA:69,0
DA:70,0
DA:79,0
DA:81,0
DA:93,1
DA:105,0
DA:117,0
LF:19
LH:8
BRDA:40,0,0,1
BRDA:40,0,1,0
BRDA:43,1,0,1
BRDA:43,1,1,0
BRDA:59,2,0,0
BRDA:59,2,1,0
BRDA:68,3,0,0
BRDA:68,3,1,0
BRDA:99,4,0,1
BRDA:99,4,1,0
BRF:10
BRH:3
end_of_record
TN:
SF:/Users/PhilSkiiiwalker/Desktop/BrightEventsReactApp/src/Components/ViewEvents/ViewSingleEvent.js
FN:26,(anonymous_0)
FN:36,(anonymous_1)
FN:44,(anonymous_2)
FN:53,(anonymous_3)
FN:54,(anonymous_4)
FN:68,(anonymous_5)
FN:69,(anonymous_6)
FN:75,(anonymous_7)
FN:87,(anonymous_8)
FN:88,(anonymous_9)
FN:100,(anonymous_10)
FN:108,(anonymous_11)
FN:123,(anonymous_12)
FN:127,(anonymous_13)
FN:149,(anonymous_14)
FNF:15
FNH:4
FNDA:1,(anonymous_0)
FNDA:1,(anonymous_1)
FNDA:1,(anonymous_2)
FNDA:0,(anonymous_3)
FNDA:0,(anonymous_4)
FNDA:0,(anonymous_5)
FNDA:0,(anonymous_6)
FNDA:0,(anonymous_7)
FNDA:0,(anonymous_8)
FNDA:0,(anonymous_9)
FNDA:1,(anonymous_10)
FNDA:0,(anonymous_11)
FNDA:0,(anonymous_12)
FNDA:0,(anonymous_13)
FNDA:0,(anonymous_14)
DA:27,1
DA:28,1
DA:34,1
DA:37,1
DA:40,1
DA:45,1
DA:53,0
DA:55,0
DA:60,0
DA:68,0
DA:70,0
DA:76,0
DA:77,0
DA:78,0
DA:87,0
DA:89,0
DA:101,1
DA:109,0
DA:123,0
DA:127,0
DA:150,0
LF:21
LH:7
BRDA:37,0,0,1
BRDA:37,0,1,0
BRDA:40,1,0,1
BRDA:40,1,1,0
BRDA:76,2,0,0
BRDA:76,2,1,0
BRDA:121,3,0,0
BRDA:121,3,1,0
BRDA:137,4,0,1
BRDA:137,4,1,0
BRDA:156,5,0,0
BRDA:156,5,1,0
BRF:12
BRH:3
end_of_record
